11 0.0 234256085934016676 1 3 1.159595078300626 2.051492074600965 3658628605.3544645
11 0.0 892048282436178791 1 3 54.79309659363289 122.63913703734794 496962420187.8477
11 0.0 936639067078833216 0 0 901.5407014053828 188.85373743658295 1538841934733.196
11 0.0 633964656258635317 0 0 315.2458168199482 91.84487502705704 665029094085.84
11 0.0 595090614354112701 0 0 588.2209503080867 394.1503017418129 1705449924312.895
11 0.0 622559381914439636 0 0 609.8623924686406 656.9707763534028 853064206827.725
11 0.0 487384868755815483 0 0 442.50683202132507 113.7027279131976 349657036676.1204
11 0.0 534377749460622948 0 0 698.7355091727861 210.81042095003434 1045013710246.0536
11 0.0 352278307162783465 1 3 61.023868392648886 40.251228771450336 132208702593.08997
11 0.0 581906959540134715 0 0 906.2935819218568 231.89069389141224 734147827345.2347
11 0.0 701922604009339883 1 3 48.66335742318527 13.062221267605493 84251584244.31018
11 0.0 609602844193096694 0 0 1298.4328116135373 658.8948073228379 3423295358987.5396
11 0.0 283387126258030698 0 0 461.3290162673295 266.70900340588474 513585322481.8301
11 0.0 643079602616441373 0 0 261.2897944096574 52.995226650818964 63407041900.31333
11 0.0 551891481283721043 0 0 811.1173104625506 290.6186710267715 316537563672.3568
11 0.0 180753776128046610 0 0 342.304368512815 222.25985730256127 402101524405.4653
11 0.0 307589977540521182 0 0 449.7444038496585 343.3250524912562 20736028127.00931
11 0.0 758599483105435051 0 0 57.09283307129536 4.687003486478658 27258679478.863895
11 0.0 320355549898231032 0 0 24.27054625856195 13.751304753247977 2097371764.8554566
11 0.0 122473423604127075 0 0 843.7967792087627 167.56320525404342 1133005465664.388
11 0.0 562394410331249750 1 3 42.436041157366176 55.90856148891581 233141873740.65674
11 0.0 333753242657866122 1 3 43.87178797869484 9.36641206429775 199031392017.0019
11 0.0 845175273841252155 0 0 453.762299553137 330.5553876776513 543997627398.2047
11 0.0 980586593427469556 0 0 662.0072433044135 144.0634354825309 726525314805.3834
11 0.0 185078950859603381 0 0 120.14892734004762 114.4849409056147 54673995338.00962
11 0.0 411576953579468214 0 0 57.170890284063574 19.183827235877345 93678821696.03685
11 0.0 116944332556052796 0 0 1395.4004030417182 715.208743202144 91845740600.88162
11 0.0 580987710085299615 0 0 756.1205560697933 853.0964700250892 488404253166.369
11 0.0 638025316519544396 0 0 241.36409936964805 165.13993811327188 178945639757.4922
11 0.0 582136960683242289 0 0 752.8212543755363 804.7937273302914 1160623020653.9739
11 0.0 228001775392624118 0 0 643.4757660298053 222.2084519931865 1547557399674.605
11 0.0 982721180376093512 1 3 90.52181920795964 17.709776912179418 175991683355.67502
11 0.0 388988361273967241 0 0 45.36185490743324 8.508409094567794 60192921874.53535
11 0.0 850231785372934466 1 3 17.209933539381936 39.65345679505378 142285089411.13217
11 0.0 894060437884343214 0 0 677.0479084474226 831.6667897972733 1314072765318.3867
11 0.0 662950088798645839 0 0 526.8007069537996 241.82035303087287 627924428244.8512
11 0.0 421357305894934605 0 0 1603.6406306661327 711.3852111905323 3154596490846.7227
11 0.0 912406065245010795 0 0 119.5344683389642 90.53593709728844 181079002838.72073
11 0.0 863796380991632086 0 0 1044.0341879317311 855.344828741051 512391177379.3842
11 0.0 807161163307459189 0 0 379.17070150858035 229.71787768396302 347985362054.6196
11 0.0 550185090314560066 0 0 1459.864780739262 231.16399457828817 3291777269943.0474
11 0.0 763971117225626486 1 3 55.944527630475044 158.1138744076124 260419620626.80673
11 0.0 899460405904029307 0 0 148.63022296993745 127.23196013844867 193131227784.67502
11 0.0 223969833835433001 0 0 143.18026984797632 104.39180355221563 194493380768.97134
11 0.0 331836504564896554 0 0 238.25349247508206 113.89795882163122 16573890874.347158
11 0.0 464823055755444908 0 0 160.77770125709569 29.83723220785101 124143556688.92741
11 0.0 692023528929227103 0 0 877.8206663143637 704.129847513921 1563855410106.3767
11 0.0 319783506166289409 0 0 435.05358968328017 683.0917128025725 44056712676.3289
11 0.0 590350959111774357 0 0 89.15686483492667 20.595401362002026 134730892284.69832
11 0.0 411771128106754470 0 0 947.3123948662062 252.06648873570165 211953064028.90628
11 0.0 675519578952692595 0 0 1057.908448827323 404.5820841146929 1252612284674.9202
11 0.0 231536910849048928 0 0 245.15567851224893 321.2876888831825 186425439637.11365
11 0.0 433699249237748238 0 0 434.2127580718181 688.7467445878547 661251788213.3331
11 0.0 825636242246123704 0 0 366.1545289719225 4.077905091327319 27328749942.449566
11 0.0 875289112854013222 0 0 258.475412576291 167.81014858046993 256338479472.7865
11 0.0 958261578438068151 1 3 4.506005106272916 14.762864849922162 32827708601.854218
11 0.0 318288378300108376 0 0 127.72694372947362 114.24824525395535 303312457041.57196
11 0.0 777491701173172548 0 0 69.5716340875565 11.6193860834747 91083075118.99265
11 0.0 637647241129097881 0 0 1081.6729940204987 995.9511754336428 1762820213955.403
11 0.0 461678094588985532 1 3 93.44505917792345 346.84521382193856 717034190240.4224
11 0.0 738621739834901595 0 0 748.0837728916766 509.37089287205265 943349211589.8501
11 0.0 595194816150568429 0 0 478.51592288209406 409.1331862474818 303982692440.234
11 0.0 636431546497951448 0 0 299.40421300379063 213.58446831383972 139512962808.81168
11 0.0 934559791260363657 0 0 614.3416872840876 204.354497256397 989214347271.3962
11 0.0 665698086815120720 1 3 27.954948987016845 68.72768610073942 220020207132.47116
11 0.0 455773550172670294 0 0 474.2906996544644 87.82062020177311 1330639249852.6882
11 0.0 791328681354793514 0 0 156.69166082974652 16.853012953796977 417636798166.86755
11 0.0 489815620687385172 0 0 926.1800207835634 332.3997360206627 986690772993.9454
11 0.0 661087610838267392 0 0 345.5919505015171 74.20245932554396 325030372071.13904
11 0.0 197501296210418711 0 0 888.1592914696517 533.6335071938271 107297399407.5956
11 0.0 830961549000943221 0 0 525.4983619558116 90.38294786313784 931393840648.7678
11 0.0 909510448987790961 0 0 1139.4495497931118 604.2020313512187 3537522184832.778
11 0.0 657670849204176553 0 0 539.9908346113912 331.0364616562326 554777357664.2402
11 0.0 486571493083565858 0 0 1128.7823930315938 1349.6945224237486 2503781889015.7627
11 0.0 599727509056899176 1 3 27.843796698160787 21.137993304787923 259643735092.42233
11 0.0 853752562673216832 0 0 934.6899354432321 673.6714745539095 1369319956367.0981
11 0.0 162558306369526992 0 0 446.75598718631056 111.31234362119133 192894753323.4661
11 0.0 158909029271453907 1 3 51.774658936789066 76.66553162649296 133263181403.11736
11 0.0 481298803862087615 0 0 260.37318125088785 79.61258126051939 290658679863.1782
11 0.0 420115191529372542 0 0 695.1857593545153 168.28533391060333 1618797010895.8472
11 0.0 547106801101517995 1 3 41.93097558710517 84.2300921117803 247071795950.5699
11 0.0 908576180458699083 1 3 36.20223459170026 133.32278448435096 153343025800.21658
11 0.0 976635631672077242 0 0 94.65738298674319 40.15653647985666 208321224768.11957
11 0.0 846832424065876531 0 0 488.9880492903971 315.4232928941635 621457199083.6965
11 0.0 383815089848878046 1 3 23.34087203685414 66.17381250276229 181170271523.38467
11 0.0 712964059983388090 0 0 696.2622974775952 114.69298974769742 752952292628.5366
11 0.0 817130626040879379 0 0 564.2944502127816 235.04273061441145 999062653583.1349
11 0.0 473440942241038035 0 0 1390.0481493435611 1168.7226497960623 2056916557510.3162
11 0.0 813084863681805900 0 0 622.4849891140527 491.6648081035436 1417937474156.1091
11 0.0 655805090958954948 1 3 63.779560792079565 201.60580112832693 361580842815.1424
11 0.0 216548828778360409 0 0 790.7478474781306 842.7378933515292 187393630040.18024
11 0.0 825007711246566602 0 0 370.8091178891807 437.6424607324533 460614109229.27704
11 0.0 298654702352492637 0 0 499.1346132524532 474.99592222578264 844042489046.973
11 0.0 931859914495909494 0 0 714.0324467185692 495.07699049700074 1175269904661.5466
11 0.0 100133182415311284 0 0 216.56631389549 80.07315976872594 36472778698.227554
11 0.0 871141953780792431 1 3 47.43536290653322 95.66562587051261 53675155311.68617
11 0.0 810235430115642734 1 3 26.444464838198716 50.73459469485794 195760591330.09918
11 0.0 131967670633297158 0 0 14.113692265289075 0.928354717574804 19443565986.902866
11 0.0 517273458515319765 1 3 30.11105377590591 83.63296889957812 95301251961.7977
11 0.0 395801444774414784 0 0 412.4580651304716 214.5693631639678 479691375946.2782
11 0.0 354519557230268888 0 0 590.6161013082784 433.65225069146635 1096005869442.0746
11 0.0 532404305249238182 0 0 702.4061086988595 304.66062774158866 750117840371.0049
11 0.0 484623718202969046 0 0 711.1659864592509 291.4600275469864 1131512302053.9985
11 0.0 418310994657578983 1 3 21.16530334490321 69.00662484596555 113981057717.14116
11 0.0 958727410039062111 0 0 701.3533399254833 97.14401065710668 1247592220866.8137
11 0.0 239829551046852074 0 0 248.62713664675522 18.86977049479343 344844924194.9524
11 0.0 436409791660917338 1 3 74.41182664765589 131.30400842883097 51851774258.49773
11 0.0 361629463172418621 0 0 281.13046442157906 147.51187085230953 795942656662.8362
11 0.0 970192415300130752 0 0 52.24667405774147 2.347741089582604 59636888421.75887
11 0.0 329227173883045226 0 0 229.83945227277792 123.73887962748611 346163153372.8804
11 0.0 491704240536714927 0 0 567.3605630918876 396.82484432492805 409955162528.19226
11 0.0 168409425992646402 0 0 482.3328660940728 404.96029688311836 860806407861.179
11 0.0 185951040830829011 0 0 788.777063287204 1112.2345098436613 294668122519.2921
11 0.0 530204576551230049 0 0 1923.319423828031 1233.6650126665106 957673740875.6487
11 0.0 777923410857707232 0 0 1438.9081870664115 991.0499749806896 1534765610033.0967
11 0.0 555603900875859893 1 3 19.48780635937421 64.2885721433431 33469095746.624336
11 0.0 992061335353105338 1 3 57.417551676022924 64.44219886718592 197987365886.4626
11 0.0 471238786575687603 1 3 30.88373379180273 67.87910160614582 248214719624.8395
11 0.0 408911505886425915 0 0 88.15113318152969 6.3719211726707154 106022749970.25368
11 0.0 552672261264514870 0 0 207.727690050148 165.41628104118791 171595483295.32532
11 0.0 830109575202924857 0 0 1037.1192726214467 1378.7379062814732 1204606802445.5605
11 0.0 457146118821326420 0 0 236.65947612137865 5.701711282263934 574504497611.1191
11 0.0 554146996350581811 0 0 557.8451847131212 194.67188802483705 424164672156.36707
11 0.0 403543969363566209 0 0 118.58186774986552 56.95886876620449 287345603747.6113
11 0.0 251299323450075361 1 3 79.62885387575983 22.552158356551544 505191555520.57367
11 0.0 882654692086849876 0 0 339.46327140358227 116.5895697490876 509981923760.83624
11 0.0 446090069042190483 0 0 757.5566225972738 712.3823125060749 1455337781615.0188
11 0.0 949290380976462345 0 0 129.20966601242657 102.50035907222245 326642756470.3788
11 0.0 216900055345040543 0 0 538.1416730000716 228.23633097352288 698495369289.2148
11 0.0 641424420903706485 0 0 39.85661787685791 24.054916958610097 66234530098.72308
11 0.0 283201102312133935 1 3 28.060846529076933 14.31176614194941 173588495099.49954
11 0.0 869682455744088919 0 0 13.797009234462962 5.775208062111784 1950429935.2146378
11 0.0 384152387618218500 0 0 329.0599712683578 353.28143720983866 22704235337.84975
11 0.0 835882763964427015 0 0 58.89368687407244 22.307595389577497 52309316035.53621
11 0.0 704256259655068694 1 3 38.69507119176518 73.99207747229845 209654772972.42178
11 0.0 541125996887221758 1 3 9.977280540080782 47.78563584850493 16326043799.365255
11 0.0 619974512358854885 0 0 1060.5539887304458 263.55379549457376 2164087050799.9226
11 0.0 353768561539122069 0 0 69.81535449401383 26.207535040611692 149501006280.65796
11 0.0 383854361139643457 0 0 81.01330759004678 6.1502800099298565 38137257680.130714
11 0.0 394597329186617242 1 3 13.901339693311044 1.9666409994731666 61546408104.02632
11 0.0 774036423576509794 0 0 244.9339950153115 87.12410719951903 264235086845.7191
11 0.0 405748345587212512 0 0 1030.1023106332732 205.57184978505222 1210819853028.564
11 0.0 517018674135469716 0 0 1709.571891210576 1083.1437358981862 1257313701395.1882
11 0.0 121845974663624694 0 0 260.16613140467354 69.34693223589679 563809194331.4711
11 0.0 475167279078335958 0 0 424.9264082874283 41.99158278987426 315641117694.3673
11 0.0 610794562742030057 0 0 1081.8793698815268 124.29236810262184 2845031534034.755
11 0.0 200972150356425340 1 3 31.250073947220343 112.99017225977354 172548619010.20114
11 0.0 569575379579459882 1 3 43.2631977038669 99.27247956301073 155325406296.81458
11 0.0 764404686692598101 0 0 818.0815532869348 489.7952159559228 401984798561.8792
11 0.0 470152674367195674 0 0 671.097158804301 564.1025262161903 478032868911.66925
11 0.0 480575233494054927 0 0 1026.0181994871275 130.54875168312523 1892395531411.2878
11 0.0 105460610400071546 0 0 426.2995636725673 325.58880922314756 402400196635.56604
11 0.0 920198128249846427 0 0 2.6189676241421296 2.2947493239395675 1061501225.6314337
11 0.0 541416541980265423 0 0 178.3062590490133 88.57645872622429 355141968566.99
11 0.0 850549899449821167 0 0 222.1208947862667 135.74263558165637 182439794551.93307
11 0.0 823128027778930010 0 0 802.01229839335 126.76350937825251 482620687095.55707
11 0.0 760108070872325140 0 0 245.62955616113885 270.8543436234827 402954228685.0579
11 0.0 598416750316382329 0 0 289.5076066169928 62.27804346532556 411431253611.83496
11 0.0 284404960134377172 0 0 805.8702349424475 1004.9440535587444 322948376900.49713
11 0.0 579552411564598501 0 0 922.8690853491436 1214.7814560002207 1647687715194.916
11 0.0 944518807629407610 1 3 38.54822141775246 94.83111162858981 268431913829.02985
11 0.0 361520466456816740 0 0 247.63697652477708 164.5757166060724 401293326984.158
11 0.0 740632650050154532 0 0 1146.2050827658857 782.3169317924052 1460598713558.979
11 0.0 604554911223460981 0 0 409.51938546438794 278.98665698133067 885622633168.7573
11 0.0 962019803652339861 0 0 584.7976271692414 593.2156435857077 769639564537.0104
11 0.0 608056251795400078 0 0 54.19892979462526 13.09671636053142 6382430761.957713
11 0.0 312919891135221953 0 0 409.3954109188033 51.87252805729681 69197208607.58926
11 0.0 887345891304739787 0 0 722.2910352718516 307.7019879122683 1447686427548.001
11 0.0 759992723731414078 0 0 70.72901788750721 15.196792126067924 34278288496.536884
11 0.0 214396286719075388 0 0 246.18018167438842 211.6350053269429 214058417466.05972
11 0.0 689857913744340543 1 3 11.999269747199872 46.60487589213227 59055330308.37095
11 0.0 308444180159252909 1 3 35.036031708218005 66.64846712408756 125432004975.68591
11 0.0 296505066628821997 0 0 548.833163136725 216.70345973624123 895724169121.614
11 0.0 573367546614330706 0 0 1203.759543420841 839.6603347766555 1111582819605.0188
11 0.0 902468060626065094 0 0 259.33263414808016 72.72852653741275 323587152469.55023
11 0.0 594288677873616932 1 3 14.248437786573732 42.130998034455956 107815407217.53525
11 0.0 690204439429555457 0 0 159.28870235420544 35.601190975102554 145004672388.49268
11 0.0 871236940543470231 0 0 83.9286700413748 59.95403796631782 219630449963.0128
11 0.0 698440075436731309 0 0 620.681804056005 327.35100026096177 868279154353.3665
11 0.0 513242877668181824 1 3 47.71852961950123 104.12078188735438 177435423293.79446
11 0.0 213564266850892593 0 0 724.2239445803066 16.488276339877665 492594198308.36206
11 0.0 379820778962420695 1 3 52.06549546782757 175.20870506997136 118671974396.32965
11 0.0 807446100471269049 0 0 1182.9848659608174 639.4406549376599 1504068573631.203
11 0.0 531220145681784830 0 0 813.58227726399 1066.469405997952 273679007953.3163
11 0.0 594649607800669552 0 0 589.2760978573385 755.6141199247131 869210288003.9609
11 0.0 704291481721459586 0 0 84.81416971217006 42.713165369720414 117956650452.94078
11 0.0 676700047414280583 0 0 93.02321086430615 87.47128620451834 73650987867.12749
11 0.0 694440783808733968 0 0 1499.8871146724796 454.6549586039394 88427049330.94102
11 0.0 566671852202195440 0 0 173.7762857148178 201.87872743496635 195818292572.86987
11 0.0 137648467016911422 0 0 626.7682016571421 820.0554643448612 1072174790349.333
11 0.0 847885728736432203 0 0 625.4019956141058 706.5388476178179 338511323450.57666
11 0.0 353160356139515419 1 3 45.844055542337145 128.18464895155208 72895291381.94392
11 0.0 843016661470903785 0 0 68.83683400035417 44.76623043006701 95705600842.74498
11 0.0 685157891652064681 0 0 1024.2694094202998 244.89631584556307 899438220232.0697
11 0.0 283606492507873561 0 0 172.38171903394212 94.62254355723476 131136495171.74736
11 0.0 414460673214387994 0 0 347.1128715300876 254.00832414685797 507707742374.42017
11 0.0 409873225291722817 0 0 959.769824129549 351.5182343117169 598377989748.2614
11 0.0 507458391078034493 0 0 486.1158212531681 339.7372291044936 187747800707.11465
11 0.0 358031911319356469 0 0 625.1664782660032 162.5710084663641 220391648726.18427
11 0.0 340304891562663070 1 3 31.271009526772087 60.274937051588616 187436990492.41595
11 0.0 827442867905968381 0 0 186.27942428309137 61.81068379462602 199976583668.2785
11 0.0 109257418820547660 0 0 29.894433074535954 22.429873186865894 27927726068.479755
11 0.0 223195149852690530 0 0 628.5621876049299 486.0518595767682 1108843540611.0364
11 0.0 850763086955424223 0 0 1256.8898482524166 274.8661007876293 1435103889255.287
11 0.0 560386890666773695 0 0 979.942233136183 509.64974309710846 658974988098.3009
11 0.0 570107837918158790 0 0 1221.890398553729 1251.2420726813414 1869362634856.9622
11 0.0 390777568678951554 0 0 467.98548214325007 483.4199741505244 50413001631.22643
11 0.0 545475086279888416 0 0 624.5634751493833 21.40066121544886 1080265326707.0132
11 0.0 855036638558633102 0 0 1236.8742745062984 811.165248085513 2117104476987.107
11 0.0 467030704557725110 1 3 14.434455106807434 6.687890962588086 80830998558.40016
11 0.0 401737668818239504 1 3 60.425955924301675 245.68428529688777 320599844304.24786
11 0.0 618565226558345327 0 0 777.5682535210202 161.58683747067747 1349585161620.8003
11 0.0 527285256914171266 0 0 178.6650360359995 108.44457837728709 358787474177.4736
11 0.0 563920647570922472 0 0 621.169821401934 674.7782483568816 299945043004.36957
11 0.0 109868761742308153 0 0 620.0639528356028 512.8783808797858 675068713470.0938
11 0.0 221395066809671350 1 3 69.91158663159857 194.09480513662143 604417006180.0569
11 0.0 914411860031299111 0 0 814.5387928612744 170.1616252649532 2475059176062.969
11 0.0 286616014787718322 0 0 342.8771297853387 426.5640883275613 31044583026.3865
11 0.0 225015952795275057 0 0 597.3093038226872 248.28040676952733 1227856729577.5803
11 0.0 149945154492078340 0 0 574.3600673630601 541.2173517719613 182375616359.39307
11 0.0 472100519353207231 0 0 1271.0797549158947 59.526553009012346 1563138827624.9126
11 0.0 629252380074581361 0 0 724.137774108273 188.8611219576961 668872399089.3306
11 0.0 722017199373774161 0 0 276.3040898182553 265.21945592975607 234626537414.42218
11 0.0 215800083170060098 0 0 1319.7905584115015 1258.8583278703593 536236709139.1974
11 0.0 481430332897436602 0 0 1177.5683170955576 1686.642590215202 750776419510.0582
11 0.0 853524783191788820 0 0 407.79306219408113 266.80183465660843 157729605724.39978
11 0.0 427604972588185322 0 0 74.43535395706041 67.84937398285786 131660753140.50514
11 0.0 810343785981637379 0 0 802.3400846120404 800.5521467290904 364573504879.8007
11 0.0 867986789533810425 0 0 634.8557817048527 598.4912398033333 691482349811.1045
11 0.0 768814753238651146 0 0 62.75529239685187 59.01446444122088 111972244971.91006
11 0.0 907584273877215361 0 0 723.431364967003 476.95677077384744 1546147855839.8247
11 0.0 670702886800178807 0 0 368.39242547194124 158.2206555166133 1248203584778.2764
11 0.0 798870509600352385 0 0 683.0346223721697 721.0116035819005 207910744378.88507
11 0.0 429234284588566655 0 0 952.7830677892315 702.5030445328496 1450024569035.0886
11 0.0 311792558873283746 0 0 104.32595515445445 128.41020779508776 275200661448.55206
11 0.0 175986100818199106 0 0 552.4251013656495 319.3713042142684 911321465315.2706
11 0.0 846091264692650057 0 0 26.450420014492636 20.16238505568346 3996091682.5579963
11 0.0 195828079164389850 0 0 339.80870290626024 141.86101977239434 200253525537.86743
11 0.0 220729601277256997 0 0 522.4332468884738 143.97090213357106 1127552435421.3496
11 0.0 818999407522844555 0 0 837.0375877957432 178.8074780885408 2016792413335.7297
11 0.0 671572715024583593 0 0 278.5122339704495 230.62846026744208 242657319921.51843
11 0.0 709965820215099648 0 0 403.66828385553447 156.70051469949377 1050425772550.0967
11 0.0 788996882352619680 0 0 313.3988089224411 41.858403137988816 844961583477.5442
11 0.0 468833237708074738 0 0 1213.2724590170058 818.0997843375297 3428957448915.679
11 0.0 379074798608698240 0 0 788.9921766358939 335.8985836998853 815620506381.4756
11 0.0 350778565386114502 0 0 824.1166755258159 316.5156255445212 824669725127.7758
11 0.0 233525724615479748 0 0 331.08915906479007 178.13291478745296 165230277725.42624
11 0.0 211717541390645989 0 0 162.02727376922851 107.52602281808903 29890490257.126884
11 0.0 780879023196347220 0 0 226.60205188297982 106.23444155626458 451698062437.80176
11 0.0 946857055027452625 0 0 555.5334004848888 420.33044352885105 173263063392.50146
11 0.0 430981885803514695 0 0 511.82641269385283 198.74107970556963 833554394298.117
11 0.0 820856270245594871 0 0 280.4418865547832 92.9314297683624 199014420709.7166
11 0.0 109574604532197941 0 0 661.5699453632817 284.9915884639042 1677645420022.9207
11 0.0 731307829182065143 0 0 1047.281376731191 533.3181140907021 127066687738.94382
11 0.0 975213784981445782 0 0 318.21369431242783 69.93064807929908 402017414798.2464
11 0.0 253269281440894009 0 0 258.34566064688426 10.889182043950967 132433367124.46469
11 0.0 310748445365804658 0 0 267.5004987908178 128.96387877120546 120771005139.57463
11 0.0 413117805827078019 0 0 808.5183586346842 817.1445809463553 1874017823197.5974
11 0.0 781858848914431777 0 0 230.14120631291928 174.32567233349727 259758246083.33463
11 0.0 820360261625441566 1 3 44.249487976055576 132.50158028518624 90386740328.52045
11 0.0 933536434400888771 1 3 22.509845638236836 56.566881722051434 55863408149.46609
11 0.0 545657233979549050 0 0 584.4273672362426 456.1268509254261 466088870530.9144
11 0.0 519875406246482190 0 0 810.5129407868149 213.2516478105829 527378871143.43604
11 0.0 457549108148808416 0 0 630.0011719059112 526.015067116214 719075270468.1654
11 0.0 696337952557839087 1 3 21.018459221583253 42.891170436949935 205307859926.06763
11 0.0 600896188730383479 0 0 250.08920158672007 17.513498660964245 96917749115.9448
11 0.0 405262482728223301 0 0 212.34801858504449 93.43854956857845 436929226083.15576
11 0.0 940417758616059158 0 0 774.3147587529863 608.5790274580512 984776630363.7852
11 0.0 950797232102533546 1 3 14.20270094872724 60.30558339165505 57760637109.34135
11 0.0 173178598945991413 0 0 197.8435013688129 179.12366633957686 232524636733.0669
11 0.0 542005505658745959 0 0 277.86200904366666 159.53266577655563 680127587835.9028
11 0.0 349625691742323052 0 0 338.45333057381276 26.80583426619189 707382933867.9409
11 0.0 370835022951331599 0 0 680.2463334657382 800.4398995994948 1006595576996.4115
11 0.0 407724559913468202 0 0 34.82537586291127 32.40413931078037 79139014741.03577
11 0.0 527868251888694951 0 0 145.13611922861105 188.0604001584583 110732258360.8408
11 0.0 912400816303631729 0 0 539.159115474615 377.87793829304144 217222394050.746
11 0.0 460820143916257132 0 0 827.908139006895 374.41374929598163 269400451353.16208
11 0.0 197150989555635229 0 0 160.54952551438606 30.553100386410957 77297700943.9149
11 0.0 184160665786711950 0 0 104.40972783353317 28.890560205056488 181065627637.3903
11 0.0 852502586749748586 1 3 29.79214992676166 51.585229367266315 179368419853.71674
11 0.0 961571149680620913 0 0 1172.4161233461778 481.398311201114 1339426710307.7815
11 0.0 388686588958718367 0 0 295.51953365079316 351.7414850148735 718002200780.1493
11 0.0 601443497537749953 0 0 515.5857028113516 333.76750427229604 194278799246.09454
11 0.0 108986304147842940 0 0 1074.6483401485236 339.2766257706364 1839935485079.5425
11 0.0 589826556194124239 0 0 905.927870393952 598.0360572198865 714674832827.0769
11 0.0 238263283935083724 0 0 261.62588693119807 152.8967903269927 75078317305.61519
11 0.0 570006928316263158 1 3 26.323525366335844 6.952797994455386 124765644428.95474
11 0.0 775870371236311629 0 0 887.0092202252832 742.8583504493996 1386045071181.1553
11 0.0 601272146836045972 0 0 32.98977469447766 32.44349051203349 87492591265.93048
11 0.0 329003605206993287 0 0 306.0569179580872 48.37371588629651 761070820757.3778
11 0.0 894176030859256308 0 0 166.1906525352838 181.80959531089135 236046519506.99783
11 0.0 870022853051449131 0 0 935.3182266145932 696.1712136718669 1202807016698.5017
11 0.0 340674270170968063 1 3 22.436021064994314 78.82476794366626 62499827749.7336
11 0.0 778918928275950083 0 0 1050.3836380422604 855.2527511639404 1254186172522.5571
11 0.0 560444669534716633 0 0 513.7819739336646 290.0562356209396 962241752997.3308
11 0.0 118841723675238661 0 0 420.9188584375374 48.79363573921227 413648220628.70905
11 0.0 297562993143367116 0 0 223.39644175229827 84.74980735920921 65538690544.19922
11 0.0 630205465403925540 0 0 341.96574226778773 73.14645619649326 568031037480.628
11 0.0 832615539065670430 0 0 454.1424530514243 280.13224303035645 873655862934.298
11 0.0 769454587629942479 1 3 58.112959535916374 29.18469596828977 341848258974.45013
11 0.0 510304315452628411 1 3 16.157490324114402 26.153209628732228 56013794800.81755
11 0.0 414846686039716878 0 0 224.9762517165772 197.6086721510743 261736082490.72726
11 0.0 172473808964035707 0 0 207.44624314907423 122.8288135880332 138089956573.49597
11 0.0 170848127634959410 1 3 51.05963546683401 102.71733521580052 136858771439.27498
11 0.0 110576616594124897 0 0 1002.0010743153085 314.43914065746736 748492674862.6266
11 0.0 745799848470957279 0 0 359.8806485707419 58.093638515975556 279117796786.9219
11 0.0 651502592776272407 0 0 808.4335448918446 525.4006534988423 535034345589.9385
11 0.0 796020566724988239 0 0 676.4355757689441 567.753020362021 934533110474.3682
11 0.0 791838710250699081 0 0 256.73697117535283 60.41677127463171 442419178418.75745
11 0.0 873064228406550235 0 0 613.7125569491902 219.5877894885985 1271500302125.9717
11 0.0 584859803625271120 1 3 4.086810698175828 2.047260291755845 20719526561.64267
11 0.0 775389847938367997 1 3 31.42945365384972 37.831776584811855 242497073519.2539
11 0.0 428675814463159381 0 0 308.38366810696607 267.2940031492725 671516319895.9296
11 0.0 406750649725593417 0 0 187.88440937551925 54.050088393870595 170695238148.83823
11 0.0 407729239328821324 0 0 489.2237254464443 46.76067278525638 350314742579.8768
11 0.0 505025106789586278 0 0 213.4558804943091 49.73078051325317 510516586976.70245
11 0.0 961860705040913830 0 0 1303.618032696875 723.9629474982576 862853086122.165
11 0.0 792267061339755007 0 0 271.5639886116311 157.76308826845028 235337877035.2912
11 0.0 109139761376778177 1 3 35.986855110695956 132.71306620268172 212752090304.18402
11 0.0 748272928046596758 0 0 964.4793170424665 418.9688365285987 685516344708.8754
11 0.0 221031807248668342 0 0 361.44916321378594 185.44442533217426 896951093445.0762
11 0.0 353501707326585800 0 0 1777.6305468074916 1669.979647289816 1518925599112.4197
11 0.0 494707101410752125 0 0 1295.6808140101139 770.4244660729295 1445428564298.3784
11 0.0 467832924183289201 0 0 551.2584164965795 236.05107193931806 591624810840.0889
11 0.0 563762611962275506 0 0 48.410097247272006 52.558491859559936 56825393882.15011
11 0.0 763232658744860118 0 0 387.6240433024715 424.2694605041792 859388331617.4596
11 0.0 564523721667915319 0 0 1328.8996223564109 1269.25587806057 829262004762.4458
11 0.0 326321420510534311 0 0 1278.326733121091 132.2022002201789 1779647792955.907
11 0.0 122339795375721628 0 0 417.5619337027171 135.18967508312136 72878139226.35814
11 0.0 910579577715967554 0 0 485.33282610989954 347.12461241336035 630372451799.0216
11 0.0 450153492170033628 0 0 470.33654608711646 131.17021344831423 542437534910.96216
11 0.0 952380255910369033 0 0 107.3180046504257 50.6679115509018 82134237859.30516
11 0.0 882834853384521851 0 0 374.17447719520476 217.78102480456053 614446345484.6083
11 0.0 776037656585773982 0 0 140.79322054717503 67.46171520453716 40745391167.722046
11 0.0 128487712855453059 0 0 493.3540438775256 46.646423691913114 194344242276.16312
11 0.0 679631027828229284 1 3 55.39981991378278 47.27807410597428 498530597345.2973
11 0.0 159903683385793163 1 3 56.757201505846545 282.0972492072478 306230963024.5713
11 0.0 949224961086411962 0 0 406.19000297765183 230.32933588508766 909072341399.6307
11 0.0 973917685241341906 0 0 1338.047805563938 696.4000479845847 485160083348.4603
11 0.0 319295602110493312 0 0 1066.0085788135962 742.4232176254673 728965823087.6377
11 0.0 867313497628617778 0 0 14.698843608764548 6.763586511407587 1171670639.3458884
11 0.0 234686529271527537 0 0 714.5326123029298 60.26915161166755 1499760153814.9695
11 0.0 446229218232698953 0 0 792.5514229719682 725.8642895261695 446200641751.5602
11 0.0 458849368652830380 0 0 343.6844929207788 165.0350038022153 234493116625.72693
11 0.0 305853052540034377 0 0 1117.54407034021 344.98842695298816 715622224197.037
11 0.0 478330975421334440 0 0 1022.0587141973533 44.484697076227356 1040111378350.696
11 0.0 741317510323967339 0 0 84.71120530785777 31.28038922118319 138655395807.11063
11 0.0 391278818823564847 0 0 397.9429733795695 183.9098540980714 472453725620.97595
11 0.0 290730695517173770 0 0 327.6392831596124 180.99114854085357 344098720051.68335
11 0.0 329472439871673117 1 3 33.383560525438355 32.50195890292693 43962048805.26378
11 0.0 550258533941050799 0 0 1350.256826826798 422.43639013828584 2426960533523.1665
11 0.0 489216337983213959 0 0 1462.732835621275 1644.63898183416 1248940948302.232
11 0.0 773704019621825311 0 0 62.4649658168442 9.558713282953603 33493669592.56439
11 0.0 287689118568988151 0 0 1198.7146667302197 952.052694000791 1572153730949.357
11 0.0 826284601514495138 0 0 109.73099714084918 81.22946893921349 93933749729.04475
11 0.0 229260656410673953 1 3 5.013987592694761 8.131220137709828 11274555412.843973
11 0.0 485781515586606081 0 0 670.8357506688147 319.14368925248203 375153827922.7645
11 0.0 782682839333705199 0 0 55.62169387292366 59.10067086836875 93963288931.42662
11 0.0 942265421068544228 0 0 27.622275373951595 32.38939884700698 24420423470.559494
11 0.0 275362496526442053 1 3 7.648341913763334 21.194759254417896 27140881622.674137
11 0.0 358606915335118339 0 0 380.92832925688134 70.56523956095363 263849168796.91217
11 0.0 615723539504282403 1 3 40.98672062125496 142.79559151850628 104803255600.23529
11 0.0 366521200858461142 0 0 1144.7546517913465 147.08448352082726 2209900754034.188
11 0.0 766679095360569227 1 3 58.64652035841916 165.1316296465391 399807081703.45605
11 0.0 152415613023569214 0 0 304.77709725668547 190.87283420689008 16531120028.782465
11 0.0 971698012541402882 0 0 49.24390063060733 18.6103440607857 91271185283.34865
11 0.0 733733833888036070 0 0 497.5302711724742 234.1009359163501 889589712188.2899
11 0.0 399265455785103938 0 0 78.74351843327563 14.23430279939111 226493798193.98544
11 0.0 304843786545923566 0 0 77.9117308677873 65.22335381868885 138597667297.52545
11 0.0 933963991392567780 1 3 14.471524359887852 9.910947296788958 9791701031.14903
11 0.0 627680625836921783 0 0 1271.2929398111967 1394.9588498740616 166047503222.83856
11 0.0 201878289779667159 0 0 71.0097796678082 41.92307811564247 94549411875.48868
11 0.0 817602772362214224 1 3 39.34683781571915 33.06952831001833 179485489398.96805
11 0.0 412784447895791185 0 0 766.8262046842233 281.93305287774876 1074081763811.5575
11 0.0 766511657032504932 0 0 759.6564142402211 797.4149525896951 261687827368.5306
11 0.0 716854188407815039 0 0 435.65880378291877 45.45297222674852 268775542663.02304
11 0.0 995938655417814248 1 3 4.06581957356949 4.993270894101526 33198870562.11743
11 0.0 523790507351520444 0 0 735.0370513046506 352.99756316206845 903491443559.8574
11 0.0 495007995863583294 0 0 132.85972269671748 52.194135110006414 166248555668.83218
11 0.0 993877336242913144 0 0 103.23272529657626 41.308680419905194 119004784124.73792
11 0.0 690165035861300809 0 0 717.0018659587863 529.8845594228835 143115729602.6175
11 0.0 647061633048719870 1 3 46.40344074860347 73.96940790960437 70871105471.10281
11 0.0 781757540974783268 0 0 560.4999456285602 260.9287121740908 1589458872587.268
11 0.0 968569744156952024 0 0 84.71438502013149 5.7316059507011055 20822647749.59887
11 0.0 563998181856725966 0 0 329.9643825990221 230.01111196712188 337044983857.24286
11 0.0 679894880322659657 0 0 403.17879328016863 32.59112270156724 888226773267.2377
11 0.0 964749676794709358 1 3 1.8260405722682798 8.005158373793169 9347248935.294834
11 0.0 201174477853629918 0 0 608.2464385681366 373.71052862104716 1258563168562.357
11 0.0 799529223403939237 1 3 29.239010732824784 104.16369544734587 162287768961.22067
11 0.0 115420620526228913 0 0 235.59926531352608 106.38930551069714 439086382743.30707
11 0.0 317209434051533012 0 0 2143.7478132912233 2366.1589344952486 2191862491971.069
11 0.0 889217800371212623 1 3 15.341560519625666 43.52938797737789 124762897580.4283
11 0.0 356882093764461389 1 3 10.262294725146873 47.24643615774984 38557083314.82567
11 0.0 447257559975411465 0 0 87.71813395417796 40.713572218610736 138855847812.64005
11 0.0 363094855574155412 0 0 1210.5800259770763 611.9804652382036 1225542688620.7478
11 0.0 512592995321583229 0 0 869.507188950213 746.0746908909088 1250483399376.8926
11 0.0 669456677620986933 1 3 33.83610702940917 33.769566974868916 235732517505.09418
11 0.0 967000990835715536 0 0 285.29654165857005 199.46872862922103 591803687292.5421
11 0.0 160007708622155085 0 0 76.69537756635272 8.427783702621298 142748414041.4463
11 0.0 363256458433961670 0 0 419.54002454859176 409.6466280795659 111499772378.72025
11 0.0 143610229448258389 0 0 707.2118558191282 376.8487456958757 1726486113600.5193
11 0.0 885591947912859098 0 0 709.9008629672621 10.825631964985806 543538167345.71893
11 0.0 278732024000878878 0 0 420.7933088173962 100.18240402504452 136345896677.34625
11 0.0 639933771550420271 0 0 1260.9367157521892 1090.0624505429062 1735582022222.7954
11 0.0 266437085654878580 0 0 161.47224054861334 30.00273636641323 83845909036.69429
11 0.0 578809090239295706 0 0 663.2993676824233 61.40613877691113 1161079302432.393
11 0.0 168757426295515806 0 0 615.1810026617712 200.58245280090878 979448853094.4143
11 0.0 182363782514265947 0 0 1054.8598262737132 617.6494479294845 984899118013.8136
11 0.0 804781424203466837 0 0 67.60294848019166 76.43062634622014 57756329094.25293
11 0.0 716651116763132981 0 0 384.3795790108826 78.76319466102208 1391084536820.0522
11 0.0 679846045614280187 0 0 115.18953430756399 81.44498902801062 346611192804.0818
11 0.0 986648822835236342 0 0 368.89475960498083 547.0829289359441 359576837784.016
11 0.0 610998338695495194 0 0 746.0540405328364 474.3704864686824 929058979855.3147
11 0.0 855038048876159260 1 3 39.76440903008669 63.02156083551029 290246756055.3131
11 0.0 196591376233280622 0 0 225.77745763495366 146.9840469507914 39883994495.93981
11 0.0 288467420642161362 0 0 807.1915112890968 775.6516749285755 986588816670.7034
11 0.0 103503627745996570 0 0 58.09078613785999 72.59083442597024 87494473854.2106
11 0.0 840581910345885280 0 0 1410.0556807532976 1041.3308882589981 1253265931225.4402
11 0.0 965502381539319503 0 0 545.0215357822572 546.8506713929788 513368484753.7291
11 0.0 723191421026629371 1 3 18.77378672699849 42.67382562260687 121694194698.63612
11 0.0 925064494328055185 0 0 336.01658524920094 272.0710009092238 202726163184.27914
11 0.0 123608447474372392 0 0 456.7036221203026 172.28794095040627 741749275271.262
11 0.0 439806678159719190 0 0 299.5582771641126 271.7678527696856 331691816497.8107
11 0.0 401376597141843074 0 0 226.85333855841952 191.86637454536753 96090246729.82173
11 0.0 665125402374614104 0 0 284.12467841633173 154.83657123442487 215180020009.75943
11 0.0 624747055322898290 0 0 105.8148805715017 58.715310554561924 152985469055.89838
11 0.0 539692191676770492 0 0 306.276262314977 283.7298535487339 484394835123.038
11 0.0 808978005488315601 0 0 283.6578829719482 215.1026876002119 211439288282.98688
11 0.0 129257562082084759 0 0 90.04526549454957 53.95538586700932 130184436294.94472
11 0.0 662858078187453384 0 0 287.79229883264577 309.8189747805434 176332893323.44412
11 0.0 644993515881321006 1 3 52.8504111952287 185.74115884237622 479763379545.06177
11 0.0 757631688672566757 0 0 1408.2705470158642 970.556363562148 885075216182.7423
11 0.0 327126271339293115 0 0 411.95424833445884 104.63890978408143 514406107648.4511
11 0.0 844599056734440191 0 0 1612.155436305836 138.63706869495982 2554661676154.5854
11 0.0 258840115010922274 0 0 58.26401629264919 60.98585566017229 38929984553.87336
11 0.0 775804088422489384 0 0 282.30466105192386 237.46843993282224 319901205822.74304
11 0.0 387950501503550236 0 0 837.9490764978099 400.7759506021672 1264777118587.9778
11 0.0 638186105475902906 0 0 198.01900627912624 111.26384273230518 201461117050.2678
11 0.0 105684148407356287 0 0 1037.0148948622245 251.73222053130277 102642865596.67508
11 0.0 100594105906266405 0 0 919.6165159746897 710.4684764657922 114295164114.36736
11 0.0 766057977909750671 1 3 49.01979619167609 106.20224311534889 403941322672.42633
11 0.0 435648790937890014 0 0 734.449535096649 214.0487365735376 585240130100.5862
11 0.0 413680445971644525 1 3 77.36569014991483 295.9808029141582 539797521698.54785
11 0.0 420243128153461759 0 0 160.6207104620288 96.45763419747799 102579984144.88315
11 0.0 415548498545299320 0 0 82.12103995041223 32.35420526256649 137002511926.50555
11 0.0 328755077393882428 0 0 501.4028891547544 157.23416053854825 941354136859.0123
11 0.0 592061663616530876 0 0 220.86381095232406 56.874032715282226 265687167676.07132
11 0.0 194825704071229431 0 0 256.5770264073207 280.131989317867 541144803897.13055
11 0.0 194769052449328554 0 0 95.57899298191812 117.65450076531178 54920828378.72904
11 0.0 355964937163509014 0 0 740.6640538189433 229.41478310123344 1090148943453.3209
11 0.0 933816114822609110 0 0 385.5682438221747 304.1857567492682 497703056540.0288
11 0.0 904016008753938456 0 0 733.5605580250083 57.76570148775928 627384332964.735
11 0.0 370406953158928648 1 3 8.847780146203156 10.36937578235615 25162065341.92981
11 0.0 627128219438192487 0 0 654.6727811497424 37.00432804037618 1339357288005.9126
11 0.0 549008103031760776 0 0 242.99531836229187 164.28182540927378 821786208417.0459
11 0.0 389699040715494126 0 0 686.4894832156306 437.46931862090065 394032444850.3853
11 0.0 255951813830691080 0 0 604.6529838395747 224.64413929813844 685420531241.5142
11 0.0 129945030331696408 0 0 1080.2230770291687 717.2943700724484 456424191300.81335
11 0.0 240282824759115967 0 0 241.8455169917018 65.45650162640831 246907219824.61087
11 0.0 518210826429620563 0 0 120.49905820954392 63.75871854917573 282027192409.6633
11 0.0 345281040727180321 0 0 693.8564832441732 559.9327294068867 630652985108.1296
11 0.0 668333263605460788 0 0 955.0113075703881 751.8582561330445 1180769401627.204
11 0.0 707299773447774229 1 3 5.64685895092722 3.9576626036927105 31981114407.138474
11 0.0 127999934783262396 1 3 12.382179107736174 5.823182411128252 65941728950.94885
11 0.0 157913863858417769 0 0 904.2221448104204 225.14166651641304 1099783250263.8354
11 0.0 810125793678578721 0 0 539.242002365836 212.2702359938557 581351376459.0077
11 0.0 450692457670229280 1 3 18.54024653800683 69.5398564156978 10281290441.237572
11 0.0 772513034389279167 0 0 59.88455153765213 18.51423702453651 28735457436.15749
11 0.0 901983869091789716 0 0 941.2302383451333 958.4390280257556 1084782936217.5957
11 0.0 621954293007902711 0 0 161.95370265464362 48.67718543972404 110434600890.0196
11 0.0 229695888337081061 0 0 127.60632988517224 35.34027532756685 20632378954.836437
11 0.0 360107362357969940 1 3 12.01836654142181 23.45658936487124 132361915569.9756
11 0.0 459422316321712946 0 0 203.55919526053205 158.9164251406539 543203756459.3056
11 0.0 552581248426854930 0 0 98.43297030051929 20.89850751733919 117721555245.03925
11 0.0 198101933623837572 0 0 221.74327895784046 26.56605375935464 236654966198.8591
11 0.0 497337383714527143 0 0 596.801526960122 323.9545334054397 142884461573.70428
11 0.0 107900062698025607 1 3 21.547969087649417 59.698160606445796 69312143206.53793
11 0.0 821979167484184932 0 0 839.9613587244295 488.71155903339655 1019654659125.2166
11 0.0 490528827660652386 0 0 773.6185948550609 707.9694687107852 507394783337.7904
11 0.0 253890628604052017 0 0 588.3375151034602 304.27540551158216 1161868495164.3906
11 0.0 679544145425357770 0 0 346.7399886432994 241.3948570014292 721048662011.8683
11 0.0 860016135005304533 0 0 72.35214436077396 49.27474133516997 11443547528.553299
11 0.0 718151986220144940 0 0 302.0976836920843 210.67470479028768 280218202690.66833
11 0.0 503017523422606933 0 0 595.0934046764946 240.23024438156438 1127245881985.0862
11 0.0 416436244044528914 0 0 1074.5937493784668 693.982348585716 2428176164927.5312
11 0.0 133137623195527043 0 0 130.11062551060843 8.140526515298408 79103285678.15085
11 0.0 531212275891004335 0 0 166.40658732626662 244.55638054117497 67437513845.63582
11 0.0 457462691650559844 0 0 319.035053228066 269.38328378915105 308263988656.88837
11 0.0 428636368938953857 0 0 655.7116245778485 119.42134111345337 782384692535.8512
11 0.0 844185452482239493 0 0 462.3303515455379 271.5900006694215 494807123180.6441
11 0.0 272033558043786457 0 0 484.8100032117386 329.7153825903705 547924659247.5971
11 0.0 280688187501189978 0 0 700.8605332269243 256.24069807554315 1284942027754.0674
11 0.0 554605275696965244 1 3 55.973481593562276 129.30021780079437 163284297500.19284
11 0.0 147554439026961464 0 0 532.43423835101 460.22201290436544 1348134927993.6274
11 0.0 404386837200827914 0 0 656.235613610783 207.65287826680333 217078870128.1026
11 0.0 511567539095972994 0 0 719.038689789277 448.0979425759872 1830089159528.4624
11 0.0 715767837938864766 1 3 65.06396615078283 1.439811242001488 288751570563.99286
11 0.0 617655383942867624 0 0 380.58163125596764 135.60473220989562 685601454398.4042
11 0.0 903279545874278898 1 3 22.839128613895934 5.021118127791158 177781167080.07986
11 0.0 932100121977446567 0 0 72.40685824695699 22.192359178281727 38703620235.75309
11 0.0 524979191732844094 0 0 2250.375783239802 1063.8180900133377 3149061085573.043
11 0.0 510008676450928590 0 0 243.3857777325973 176.1890887433046 3737866835.173739
11 0.0 576861413138432123 0 0 152.87315806938872 64.82165036987594 12165177461.681538
11 0.0 351129171516217129 0 0 315.5724750536146 138.7054973122994 105448793406.83537
11 0.0 388241347738873244 0 0 376.2204016803014 54.3287852487709 128547669330.65152
11 0.0 354627404086301487 0 0 358.4003673644111 38.536420444647426 406675271735.2716
11 0.0 667935253029522747 0 0 1280.6704562729606 1410.9713819029748 1304539976977.4521
11 0.0 725544324124084684 0 0 1013.9822652381282 818.7967755274268 584545684530.2004
11 0.0 278801650448484803 0 0 414.2377525022674 226.1524720105533 68728421066.56595
11 0.0 589858618535003781 0 0 428.7633684814323 407.2789821464153 89974402915.31975
11 0.0 332786241495926273 1 3 3.6907106578591105 6.023660091823661 7981410240.173498
11 0.0 118933661747700411 0 0 133.53913910950047 58.46412975719216 141400150045.40167
11 0.0 970556232938861954 1 3 17.937502335709063 33.57329850896113 89762830144.46404
11 0.0 250426243443306375 0 0 242.70084663825773 13.362905691615808 440769940527.1601
11 0.0 403439172366414239 0 0 927.8202553736567 283.4322680420183 339497758897.4105
11 0.0 500182696995541344 0 0 820.534494308059 638.7879129961847 1955926589353.6313
11 0.0 492556156253111854 0 0 1026.4300537128365 800.8510254691525 1267437629014.8875
11 0.0 966309322719868993 0 0 283.70965255556814 13.778794071514293 481850868947.9228
11 0.0 865222060777413041 1 3 70.68502352910616 67.85139282398794 275576081889.0493
11 0.0 186204818575793002 0 0 826.2147532407696 831.7815592786499 699551114402.0802
11 0.0 243583432583618376 0 0 598.3780612507944 621.0220412113218 683686989626.1094
11 0.0 988665732726415107 0 0 183.3017909603886 92.58509337592362 396633798011.6212
11 0.0 850102280907427501 0 0 219.87649951451596 247.05632130523367 192665669085.31174
11 0.0 629262497726951889 0 0 782.4525932113011 208.64248594190175 486185027490.3769
11 0.0 618710230621432907 0 0 691.0512074084647 172.14255966115672 2094962993628.2307
11 0.0 457739219150074350 1 3 24.462874391285943 78.266273760745 219723186121.50027
11 0.0 890166629266686520 1 3 22.8462180900223 74.62171636297154 110944675143.51363
11 0.0 687739444168347325 0 0 380.2152606998789 233.59993596415802 142050999208.26038
11 0.0 651338747654617772 0 0 1043.4189655643918 298.96017273407074 3101099910642.6914
11 0.0 213501042347655083 0 0 148.8121703375258 158.07681922719857 156107995948.5273
11 0.0 324664719678482057 0 0 440.7551287200455 367.0610800669644 358854924468.3423
11 0.0 721391508799935280 0 0 36.347073637084634 19.80244740649653 38342957664.3179
11 0.0 671858966461297957 0 0 766.6782027551469 48.83615021666912 629723294890.335
11 0.0 580051995452514275 1 3 0.723744750806862 1.6406270368479547 1592974313.6183724
11 0.0 640369567432199594 0 0 256.71479717294795 201.0047857591094 489310790547.04254
11 0.0 506562788061154099 0 0 310.6371641675167 37.22053417053476 256860608562.2709
11 0.0 253768745722140308 1 3 28.100425335466277 90.30031849764228 149822420506.93976
11 0.0 134892283967039933 0 0 257.424601301464 184.36579745156516 44853105942.24695
11 0.0 767455381051727096 0 0 1088.8699426131343 1141.7174406450376 921885029386.2362
11 0.0 112701883621906488 0 0 85.53134832333795 33.28486603667762 271091686614.02057
11 0.0 336341539033026845 0 0 1104.8702045489495 1099.8569185519573 957733650216.2788
11 0.0 658923154479594561 1 3 46.027399349075516 73.71264840484571 152355435124.38327
11 0.0 194904878902872958 0 0 430.27754883035504 174.58487058564393 932658099377.6581
11 0.0 133984362388262191 0 0 18.17613287572101 12.334059597286386 15649706202.44785
11 0.0 105008732694622990 0 0 1508.2916213947922 633.0231211205346 1835002145905.8552
11 0.0 879160037786346981 0 0 279.87863654819193 205.14666879551407 250057044347.7459
11 0.0 751543477638347739 0 0 618.1556942743753 226.0138776754988 320375480479.00214
11 0.0 281773835628904551 0 0 1317.898401157889 986.2541440735899 876335503536.4469
11 0.0 749611234728270796 1 3 25.26798369584124 45.470334551665026 171502643410.04874
11 0.0 411472962027872503 1 3 21.346849680134607 71.2447661626918 213843360411.79037
11 0.0 616741944774980052 1 3 5.878593815054156 11.513392406229542 62559735971.5745
11 0.0 354771555756002649 0 0 877.341957131443 406.91477697470896 638371950735.1256
11 0.0 423945121396169201 0 0 906.5797711075672 284.29456338215016 1378882319827.8135
11 0.0 738938271305295253 1 3 38.0639977592815 48.90743441426545 104608323144.68457
11 0.0 672028807351698550 1 3 29.867424686238508 40.96663855009796 125260018348.82306
11 0.0 301797665345603884 0 0 79.09083276590572 84.16796912979758 167382371476.3858
11 0.0 809823670546867463 0 0 1127.5199580888695 697.6893959409833 2187219680742.615
11 0.0 277245929212015405 0 0 570.2698230998608 210.29700450262268 509800326723.9995
11 0.0 731274266926610115 0 0 146.7128426061735 61.04554689906689 140819665990.5666
11 0.0 220422716238313338 0 0 635.6402313741914 338.3601963829865 970393477662.5386
11 0.0 721873399204390894 1 3 41.491576479302694 65.6056093462813 182943132350.98615
11 0.0 878764347979270895 1 3 17.728670434603032 93.8405520533539 47240559174.17937
11 0.0 236465663071385682 0 0 32.395318052300695 32.70248558529263 16526860048.320215
11 0.0 620448507380116638 0 0 904.497637458167 398.101876912002 1341488931129.4434
11 0.0 224249967207489472 1 3 77.25507018507489 293.5512112174185 52882383373.81025
11 0.0 436606608684798203 1 3 47.17567581147726 62.270661464347995 457815464108.7447
11 0.0 454241038705846812 0 0 600.5218548633012 643.6268010149189 1630360692338.257
11 0.0 542815713116843890 0 0 265.1832290527784 274.369073440389 83046160741.5079
11 0.0 321969371529989433 0 0 111.89117684678406 35.78820097598512 140212508791.92584
11 0.0 801496104164346679 1 3 23.714140809263785 120.29184113122204 35373336987.07305
11 0.0 889088498761250837 0 0 1270.1256666249144 1091.105352434262 3191410755899.224
11 0.0 265361418037101867 1 3 73.53259784687822 114.8433555857018 414667852510.22864
11 0.0 994719075244538308 0 0 703.7106074418783 206.43950334949022 855019637306.0607
11 0.0 735888245686867508 1 3 64.57861443870216 49.35396504874819 549753787369.426
11 0.0 716814254973525077 1 3 32.071574319001726 13.489571639596043 79983025489.22717
11 0.0 677142430844617591 0 0 911.6923200643052 149.00338250348295 852386559829.1256
11 0.0 487557318274157434 0 0 983.0391860651893 911.7166401751258 927168176215.007
11 0.0 307418685343365828 1 3 45.4087065173923 192.6374669929426 105524177102.89995
11 0.0 155486135657030165 1 3 53.490313026251584 164.62551531625726 405540653013.7639
11 0.0 294344057471239638 0 0 61.88875073560607 37.756112134312204 8283464654.870321
11 0.0 183097093753932977 0 0 847.2682334819388 174.66548518053267 410759760751.315
11 0.0 940818161424797475 0 0 90.01497338177309 51.96110468354963 162913476193.8768
11 0.0 649788563159540179 0 0 464.3700683192347 122.20861680069751 566851711087.1376
11 0.0 971823758560365000 0 0 1433.7956542395855 791.9584180529804 1287094706362.494
11 0.0 168298882672451411 0 0 1122.0766471552633 1613.3324572742326 1334938080309.537
11 0.0 817590637062201944 1 3 3.51906791850676 6.522472768719867 16732941963.69405
11 0.0 275053547426536177 0 0 1383.093586638076 322.1265660765588 2190000366497.0566
11 0.0 792255353842388532 1 3 22.180256312780266 20.50301864070196 182048878771.46042
11 0.0 114291911975181857 0 0 704.2951137173216 697.7346642608538 2019080205221.2095
11 0.0 684084527709049450 0 0 818.5651777616422 689.5803660419226 519945959836.5637
11 0.0 106314250473972307 1 3 38.62843685690719 69.52919200896987 272378206116.85327
11 0.0 605501524297751336 1 3 85.53817506116633 237.0131668675793 505962809593.1061
11 0.0 575600439055388199 0 0 540.8536902425137 235.47240580351718 71764827708.06744
11 0.0 690820750034382001 0 0 9.781245772253584 12.415714164837189 8051971188.202461
11 0.0 816118267341543259 0 0 527.1620938469216 265.76346748540914 967091851052.4902
11 0.0 325188825631170309 0 0 389.03352612947083 116.04461339244209 62647330187.631744
11 0.0 109341345511605612 0 0 277.56224694128514 259.43533090001756 643605263697.8633
11 0.0 281060708373567714 0 0 872.9004411950007 902.3738821663464 1016452760281.7588
11 0.0 582203908047285363 1 3 23.793084985668926 18.814396903243743 140047752452.04495
11 0.0 775335815972337663 1 3 3.2037765482420326 13.108417259726656 10509917294.945436
11 0.0 912144970286729835 0 0 738.9912174230901 894.7585560461637 640384760816.5027
11 0.0 111528435561694495 0 0 678.7697017962432 397.95562342393725 106599549315.45123
11 0.0 324663587492953374 1 3 40.550557209965305 59.637172977171026 192676942128.19757
11 0.0 259177984573983756 0 0 173.91930882060817 184.89720745434965 164984306607.97977
11 0.0 777196141735597820 0 0 439.5538269237446 298.8200355741745 1078408083027.592
11 0.0 410065314564789802 1 3 53.66677126252596 71.34916776606592 237113016721.22873
11 0.0 163993384433296558 0 0 603.2379428324732 270.21763722303564 1082460261215.9185
11 0.0 183811141194494634 1 3 24.962217941794336 23.483365029726308 88775362887.59851
11 0.0 682630489172521864 0 0 492.95441697360565 516.5625659230075 1010260450006.0514
11 0.0 624172532139930436 1 3 8.206644251429111 15.144121201103482 26604207182.288338
11 0.0 154230561788538187 0 0 708.3650608993963 384.73137300964606 746505521409.108
11 0.0 932565737492584061 0 0 651.0541864477257 560.3922240099027 1247440842448.7546
11 0.0 929561089871534902 0 0 1069.4161581659173 721.4539633893525 2797447527875.1094
11 0.0 579647381922772459 0 0 497.5528850024954 543.4189609025275 592930359197.1718
11 0.0 643115023098419260 0 0 423.5768435892861 74.23041808105052 610498197970.0262
11 0.0 228655517065352305 0 0 274.78267202126335 99.37314728465472 451570147310.6416
11 0.0 846139373396685507 0 0 627.6346592458717 363.8109232408722 692510755844.5372
11 0.0 627119140333480902 1 3 35.503971150488326 63.78470398867565 286960643554.5523
11 0.0 941270192105898894 0 0 860.922105150187 209.18234605830247 1161028994893.8018
11 0.0 556400668577169445 0 0 33.04097299089713 4.048962805327364 14663149928.649065
11 0.0 328537247698266421 0 0 426.386277038076 267.5483984675507 986774646064.8556
11 0.0 366406715217425673 0 0 919.9489765272172 272.62658122421277 293222153409.5634
11 0.0 927581855680579470 0 0 332.7993586220687 313.4778250352998 509571460045.441
11 0.0 601589009724840315 0 0 1457.4887620625257 909.4261092454238 1070302627738.3029
11 0.0 567350608601027091 0 0 1066.1603557766477 1009.3155572497977 450093821164.03467
11 0.0 637887334069036574 0 0 287.47481268368534 102.8189891997656 142696272077.72928
11 0.0 167523978039984957 0 0 350.97280169776764 87.35853873013204 442200373838.885
11 0.0 650682968585373625 0 0 723.0471669189017 520.0538474570959 851307086619.8751
11 0.0 566354492096586238 1 3 29.706618564604682 150.40568032129713 130166740934.01994
11 0.0 411694368834187867 0 0 415.77644463926526 396.59510402819365 833943243717.1035
11 0.0 654988089352743746 1 3 43.5863742039933 32.91207799232486 166649960781.1375
11 0.0 475784597105483197 0 0 210.25655328763366 50.24381487558726 147131741176.97226
11 0.0 822135016767839929 0 0 332.35334814726343 224.5820319257459 289454386335.856
11 0.0 660482479309645266 1 3 37.80360487604911 41.46105246217212 203237064652.338
11 0.0 817168885074523502 0 0 962.34132958508 1280.9819223353963 1400834851486.403
11 0.0 145623642026118276 0 0 303.1274858019601 419.64468784848503 57030305011.32944
11 0.0 431531515587158180 0 0 895.6299631571003 601.3706534493404 941602346391.753
11 0.0 917922984079626886 0 0 233.34912766588374 31.83968288023367 357118513327.25806
11 0.0 766645033316987996 0 0 773.7576481439894 122.32481226098004 1933380584315.2798
11 0.0 975589993014605176 0 0 991.6241584213539 662.5136740952336 1498159061959.7805
11 0.0 590483103335985370 1 3 25.865427575181144 85.16078633660656 166642793335.33606
11 0.0 703515864969253802 1 3 40.092620574593255 90.2562133021177 251529866151.80795
11 0.0 614718611656893222 1 3 16.83619360921083 13.186775048116546 39724928334.55752
11 0.0 576155503862091767 0 0 196.04985942574797 137.7325302511679 276403711024.86816
11 0.0 399586218344059409 0 0 13.391552983557375 10.23587241664809 22760012190.512043
11 0.0 883893770369586978 0 0 497.74457311059746 272.59384723658076 1526542195869.9443
11 0.0 670613864256687695 0 0 769.334124172352 902.1699937586866 313478869951.06116
11 0.0 562791099951639130 0 0 827.6299487502204 703.5567176180006 1664698314481.5398
11 0.0 879071249205798939 0 0 396.3010969683678 168.42400231926345 153051796739.29745
11 0.0 871873213990994517 1 3 52.48864479828834 111.08881054289647 35234718189.94657
11 0.0 368895171906203561 1 3 23.00084698181359 18.979280760180956 131523126746.76802
11 0.0 463639077511240908 0 0 840.0284682706854 670.6669005906235 1336068310817.122
11 0.0 727283894273160090 0 0 638.2965729550092 618.2137015473453 767224206646.3118
11 0.0 656678699058668541 0 0 284.02030921215237 479.54448038353934 448923565823.9216
11 0.0 205116349668757816 0 0 374.81435593855247 279.8622431781276 270918210146.61542
11 0.0 600957951894727547 0 0 268.85345192090597 111.10441820584035 683510269804.4683
11 0.0 174035935534209740 1 3 17.29096977254619 34.50740734241022 57196437716.32355
11 0.0 183775766404920236 0 0 519.3819593234555 85.74313165412266 1215042445966.7327
11 0.0 989334922415676904 0 0 101.05738504850932 104.84027956768554 129451308913.05193
11 0.0 270126937407282758 0 0 1468.0002324763743 970.9293293776209 2330991631964.8804
11 0.0 668869703471132685 0 0 259.05496851406275 113.94168008348097 705907390895.3654
11 0.0 210380072270152115 0 0 1208.7428543412332 1076.1762369523092 1197827986141.7502
11 0.0 123205728751677827 0 0 848.6762496842139 625.899391705815 1859104452999.67
11 0.0 829277958465811648 0 0 253.4307663569063 9.686245537482465 471063249098.5088
11 0.0 388570336651941088 0 0 579.0372718348161 81.72890554393103 1006248067526.3271
11 0.0 279146406148762733 0 0 503.7731641371599 386.35089126449407 700188975311.0284
11 0.0 580993729713027510 0 0 805.4909096959015 889.4471621957197 3007331301103.813
11 0.0 755773916096523472 0 0 107.94154147280345 5.2854954275034425 240077322022.73544
11 0.0 534558184759732685 1 3 22.81825750744363 88.94736687637936 130728162887.7066
11 0.0 463104952946723013 0 0 414.64479856886885 8.60138571846731 480661500601.4955
11 0.0 981518322242155737 0 0 320.83685149736925 210.64030239403857 623286482703.9814
11 0.0 574360463039836962 0 0 534.586588750511 454.4624595872236 1071626224613.136
11 0.0 161212392299734695 1 3 9.868624594908011 9.084477761389653 83149672513.67036
11 0.0 965905814314522132 0 0 804.0133562826994 657.7619930480909 398497136025.77277
11 0.0 964520277414130561 1 3 18.480665261524532 80.63204149182978 56701439877.79322
11 0.0 399965776367813080 1 3 2.511705016623896 5.894060030005556 13256881519.182585
11 0.0 457513164073576859 0 0 954.2970661880845 304.4487169460637 1854023082222.1748
11 0.0 147197648719667541 0 0 118.65698361656025 154.8141833826081 214959368858.5228
11 0.0 154461016639632369 0 0 133.7386424365191 79.95533148420289 182657939996.35495
11 0.0 268348419481471233 0 0 60.0992940491621 22.058621207235493 179537360697.47284
11 0.0 621282550769777811 1 3 51.60940676601449 67.60042389497141 129402456711.78757
11 0.0 510714779071252705 0 0 353.71072052241357 457.761717621127 104694984948.45682
11 0.0 997368304478510953 0 0 908.7137502618789 1570.6979103906963 1787295901163.846
11 0.0 911579550953946898 0 0 110.3806546392947 6.359106341704122 19614897822.78255
11 0.0 986530451911494583 0 0 228.16601284320382 173.32860717695868 423623634258.4377
11 0.0 638698498961169188 0 0 25.403823217756695 15.920016974183275 49967916337.460945
11 0.0 571163629033534147 0 0 681.3787790691642 394.6325599836758 1014139709952.9594
11 0.0 283195196215879334 0 0 560.1274770755849 271.03010182840313 538927337830.88446
11 0.0 743796078816076913 0 0 328.0610736247751 284.63857272218695 284634322428.72876
11 0.0 133465316286425459 0 0 481.6345668301802 237.00435716889126 455844866586.8259
11 0.0 182140382681908960 0 0 294.89382285739487 115.36417505912954 189354179929.92136
11 0.0 822447673155636641 0 0 128.98111410116763 114.45561865296544 36945727544.53464
11 0.0 107772703678537979 0 0 997.1573958488826 513.5670209606097 565103676124.3091
11 0.0 759688363896877865 0 0 667.4759740105941 140.35490344443122 581164116957.7653
11 0.0 750426692705567670 0 0 296.5318534020687 202.55136032350194 1020240353137.0675
11 0.0 587449394145221245 0 0 568.0921035221393 426.90090794547825 1036570176245.7987
11 0.0 485176839601498025 0 0 23.433508672928014 3.070790072655456 14558381101.079597
11 0.0 241444898132265476 1 3 1.2543657537142678 2.9133687287588153 6880759887.282
11 0.0 700922800877019039 0 0 581.9059833965464 378.1826192421688 119918435945.81783
11 0.0 746004983188334789 1 3 63.02425743911011 163.31571602518812 568893805310.7775
11 0.0 468200914838622965 0 0 76.27470360919563 41.04625905479279 113642409730.63132
11 0.0 556156277359761816 0 0 1294.0760844867898 585.177993944941 599742946432.503
11 0.0 173163030466033631 0 0 136.8110854025512 141.69835884881812 185336304874.12622
11 0.0 929618240820625385 0 0 630.5109621905351 452.54062407812216 1472508233935.921
11 0.0 381587974593738917 0 0 209.53679116472168 79.91529261351452 141474970513.54016
11 0.0 677479537253468136 0 0 581.7256316452156 400.84077295308555 967842033867.7385
11 0.0 939688650014492201 0 0 500.3685331386397 324.5623637577723 627253580311.5201
11 0.0 764250438341515457 0 0 1493.9536222934853 1033.4684960297132 2107477579107.785
11 0.0 148411324904915932 0 0 135.11029865483556 69.89543102657846 81143151199.45164
11 0.0 455016985357692462 0 0 713.4354147215123 431.9309786781247 364234274148.53485
11 0.0 379865045605810306 0 0 818.8337990126453 391.26670112074487 2059803130841.231
11 0.0 859973422147729433 0 0 45.26739054613469 29.767451393679814 42159944379.08114
11 0.0 506232372407118778 0 0 464.730398967509 112.74688900978089 486133622815.36743
11 0.0 824721658825933169 0 0 658.449045218217 509.5471494453328 349641091947.17664
11 0.0 117516940160961860 0 0 45.945894546826366 4.451233468381094 106850042591.70128
11 0.0 652218242996581030 0 0 518.7307417117601 203.48369479501008 440584431923.8072
11 0.0 453385391591362690 1 3 65.00254158801494 194.9766954987066 305435036683.19995
11 0.0 580473169903706306 1 3 19.679052964704177 44.26638028134016 37985510896.51083
11 0.0 171294823595743533 0 0 65.1615749773726 6.530317526057377 146847722387.10214
11 0.0 814338185863368905 0 0 1629.6846651366884 328.4305407708256 1072871189606.9493
11 0.0 909552466668688641 0 0 640.6164976943236 873.1300072766986 696061383944.0222
11 0.0 468011084561388377 0 0 699.6313368577876 490.7421734415978 848957802211.7601
11 0.0 545776915899237960 1 3 37.27907832404028 89.24736115134611 182906402841.82574
11 0.0 840580755984734641 0 0 545.6049356133977 311.8471492186259 296207676730.53754
11 0.0 115718669737050522 1 3 7.397384638564706 19.78141418890412 17627039978.570217
11 0.0 539767166966477739 0 0 43.956352237966826 24.11544937367391 34378202745.778435
11 0.0 996016190823633034 0 0 440.1488434184794 148.88369284180536 890196601406.6272
11 0.0 992694555701651694 1 3 17.383788752346867 62.711526632790964 127754443978.70758
11 0.0 637597503780157164 0 0 660.4371065887726 999.5562427372445 132635284405.0681
11 0.0 716457706930579339 0 0 697.1685022131531 231.4139366632354 806302834825.6057
11 0.0 431717938258757474 0 0 777.8358503421728 326.7315620542837 367803470129.16876
11 0.0 103487631583063485 1 3 34.62289828163185 108.9114782283975 256482169179.27783
11 0.0 211524941011389717 0 0 296.8801095623376 124.64057669098906 580459897389.124
11 0.0 564879970848711180 0 0 73.35557871284725 46.038043703925226 171310955679.7184
11 0.0 714043348561426773 0 0 26.51888570913627 5.167299441619892 45089713424.81624
11 0.0 380479310212768936 0 0 353.20262691240737 122.2143953579397 307720988287.0582
11 0.0 492827969568534127 0 0 288.04025304917974 173.75640523311293 112277836837.02754
11 0.0 629552882349223709 0 0 286.29687007331 76.26145883841991 330610837642.0838
11 0.0 438751646826344636 1 3 50.37250673956584 4.372974747289577 141452614932.55475
11 0.0 274966416499821021 0 0 428.01867909967575 289.10331688569494 370526391318.5683
11 0.0 293192564864639648 0 0 348.755903050455 162.28799839271628 652909320974.1022
11 0.0 312507230859977007 1 3 19.253971083527183 53.504094810542426 127623645686.8889
11 0.0 747333535910815545 0 0 313.4503430700151 23.975393274672683 583670828387.4897
11 0.0 993475192685911578 0 0 1529.2310891157802 97.59808200615828 1845939775536.3247
11 0.0 117436821574946037 0 0 549.2923000894311 330.4088517312343 529833472108.66486
11 0.0 243717154296871718 0 0 1002.5369863219601 594.2085064415103 2050171785151.0222
11 0.0 761512561277421972 0 0 86.19848452661162 96.66789362430737 39392540183.69223
11 0.0 201286965298061337 0 0 254.68298198907294 105.94921684516666 529901386705.4385
11 0.0 250904128722611168 0 0 192.41853322472238 64.86453855907634 258404812884.9217
11 0.0 373697357435665352 0 0 1105.099831765275 592.8344248792848 29119542497.90682
11 0.0 205475943302159751 0 0 469.55967040702495 292.3194802195886 530778856063.2165
11 0.0 313834322502178344 0 0 1439.1669548302027 848.1717765399047 24920989031.933056
11 0.0 968735251819354779 0 0 88.29716358228141 19.729007575384063 120293021015.21916
11 0.0 164714909270532289 0 0 1152.3001789643934 1064.5367875738634 2695832728396.9883
11 0.0 699881413933782725 0 0 144.05881130314393 93.05125014231184 224872461310.04907
11 0.0 873972759056556639 0 0 290.30369682882065 108.14904798419444 427307541297.62695
11 0.0 626617935776257580 0 0 124.61317650234304 47.07507223500777 141088485505.2088
11 0.0 175166886810331571 0 0 273.1625281076475 100.95937989351908 273594786995.91284
11 0.0 711718742530465444 0 0 469.27548789199363 449.87874486058695 1150838658220.5935
11 0.0 394759915031874083 0 0 208.64254632352956 166.43815978997011 243922078114.8674
11 0.0 626955595542709430 0 0 469.6891147483829 265.17628076724566 370296175906.1752
11 0.0 654075960367366041 1 3 14.652125885914877 53.31970233319512 74484079885.62204
11 0.0 719637373987445962 0 0 1103.6032111299148 794.3691281123066 678222403942.3851
11 0.0 311764931459126142 0 0 482.4487053072447 313.2026923066332 438475505078.71765
11 0.0 590389316884503765 1 3 28.385805971132726 126.25159903023433 96530570754.19135
11 0.0 661311661531023251 0 0 9.03063206601152 2.6240233687704797 1516417713.239992
11 0.0 296670888517476261 1 3 47.346712651633396 92.07123951497417 284845945937.29254
11 0.0 442061420247669514 0 0 831.7007793695575 913.0957166220295 824019220589.5619
11 0.0 253273372573420476 0 0 983.7007949342867 659.9251875614602 2778028929541.937
11 0.0 823050003372610394 0 0 417.87685800294463 304.083625101589 433008281797.9222
11 0.0 595733113066002804 0 0 1319.495219811158 106.5355463135957 2852905215671.678
11 0.0 621943339899129374 0 0 738.7820977371955 424.6116189544245 1191872809452.1597
11 0.0 587557098402432431 0 0 633.95417739082 586.0261375034437 880112631316.896
11 0.0 610540778611468653 0 0 736.1535958099469 381.5696776902279 812221972700.4413
11 0.0 725023109504967808 0 0 367.0671842785209 79.5633628343269 82392468570.76929
11 0.0 408695637377828401 0 0 494.5175755986177 316.70081099528016 705600454185.2231
11 0.0 937221287645277346 0 0 282.64389407418594 119.09863371250864 399918501052.12897
11 0.0 507565296081158857 1 3 5.949768488325965 17.405489802178057 19184777646.434143
11 0.0 418171556956935189 0 0 224.28159963629147 153.88372231920826 479365528553.12213
11 0.0 261431529350376687 0 0 331.7925606370029 352.2484729738979 316449576447.32434
11 0.0 752608605936246157 1 3 18.55753620448413 22.543388935111334 67975092686.32719
11 0.0 280485785453900102 0 0 178.65994720760787 207.26302811401115 79146495353.53146
11 0.0 161726103175936574 0 0 222.03308714709132 40.384407327344576 347902042949.5372
11 0.0 361660818345139759 0 0 122.07215128882467 106.09870913423505 175134748660.70554
11 0.0 330282606451058390 0 0 1245.9232602611455 500.7182087477173 2214367541852.2847
11 0.0 530788740167456896 1 3 61.26226494623963 182.28705829928023 232930605247.83582
11 0.0 715805287856165443 0 0 230.35604391473885 160.03554705258452 299127967737.4962
11 0.0 574129568324609842 0 0 760.4714983754847 99.63898963740677 588708211193.4545
11 0.0 114272255164393611 0 0 425.26094041360386 245.25237027871356 518484823241.00354
11 0.0 724194022313488694 0 0 264.96870105388854 123.13236851794406 560208499598.3508
11 0.0 168280802034616366 1 3 41.328868289127286 93.85154620083563 120608191584.48943
11 0.0 990858227094401628 0 0 55.86240617290005 8.406347737764774 25641457484.61038
11 0.0 453745445182540822 1 3 3.7197730629296792 11.11666317492677 23804036426.348877
11 0.0 907331156449467552 0 0 305.9171661065135 131.3505837900787 715179549452.0906
11 0.0 360457809734179594 0 0 538.8189184684993 306.7878583685742 722260606365.4453
11 0.0 221948103763090925 0 0 339.53201981746156 238.99520551002323 337674808777.61444
11 0.0 421075927983395456 0 0 677.1918814487409 323.86404032850885 1597862823981.8853
11 0.0 417237747097219824 0 0 977.6172048112287 948.7806451836339 616915099562.4476
11 0.0 713578885162542059 0 0 631.6603862400586 513.9271267384865 606836698690.5438
11 0.0 843874564196057207 0 0 764.7057050213914 672.7072161769674 1230629171392.5105
11 0.0 747338801408303652 0 0 283.2365007888542 188.48563712155484 312252380986.34436
11 0.0 713946535193066031 0 0 1151.576056130697 675.7656814273832 768450917264.3558
11 0.0 324757777580229044 1 3 34.81828692945072 139.64307861618335 222954511479.829
11 0.0 738260755282615056 0 0 152.32255409787643 44.78427808325652 82950693411.48875
11 0.0 790781585865633870 0 0 467.6821683559747 94.17524691334394 687960729314.3823
11 0.0 873763793999718718 1 3 18.398496270890966 33.261412144798584 50079240036.34258
11 0.0 872369979496492418 0 0 16.77303930702331 7.911389364753894 37400564198.47324
11 0.0 655119447622421060 0 0 790.3851281480745 266.43931627005645 520053032427.90106
11 0.0 140844271430011413 1 3 26.341693061654347 87.2132388218193 100955522403.16277
11 0.0 265241738017929663 0 0 88.02175871533441 48.576558288416805 232507820800.06024
11 0.0 850208877148343540 0 0 438.11488480681396 82.71836572474295 852624047079.9418
11 0.0 137107438535965696 0 0 914.7531563080582 13.65607641662437 1174968079917.273
11 0.0 359482770615973696 0 0 495.28056566319225 212.18048759864118 801738149535.0538
11 0.0 522228731785071995 1 3 9.79042518146739 29.269240521713503 35736652189.17045
11 0.0 454187613281637829 0 0 224.25784840597538 118.8603179897501 151984516514.2606
11 0.0 225880477508230519 0 0 985.71990321047 1181.297048035042 1746693369522.9302
11 0.0 990036259964841129 0 0 251.94030229270948 45.29319192809629 234409571477.9128
11 0.0 273149766968139727 0 0 67.99275730957783 23.674435744869722 72076140338.00562
11 0.0 766161760930605354 0 0 1554.8333404889247 734.0899160554393 1883707961881.8142
11 0.0 919905445366039045 0 0 33.72902062820174 3.234792678611586 13728132930.981552
11 0.0 586644564627924174 0 0 183.78059378792517 124.08142568985475 12434931914.961157
11 0.0 757158416327327069 1 3 14.59059089498124 65.22683416079195 105057416184.17857
11 0.0 570304180667597532 1 3 13.721113838052013 36.64838538162495 88729126020.1423
11 0.0 383892989808554606 0 0 254.82537823496327 197.34594264000762 115260111601.46239
11 0.0 460409779288905221 0 0 383.0736624389241 142.31895448769762 354545229867.116
11 0.0 573748394927985003 0 0 24.090775499412587 16.427719922832402 13129835676.83705
11 0.0 468495242923145448 0 0 959.2013536463872 523.2414354165132 775173966147.4572
11 0.0 636630513519149621 0 0 343.69972583177264 236.24509597519628 397849208243.52576
11 0.0 851245474740346299 0 0 440.2939568658919 242.1556310308803 1194366218113.7236
11 0.0 914584990956419081 1 3 39.318595729595124 160.44208978370827 173777768639.29453
11 0.0 296837476756149873 0 0 657.8676686962724 429.0993426651506 312855856556.0072
11 0.0 244541126345957299 0 0 504.4481040614679 159.53223902185215 776066706828.1249
11 0.0 229908594427316062 1 3 28.978639775385382 102.62775863626396 108116296427.4792
11 0.0 867550001477589146 1 3 43.47727028120737 51.589715297437515 100303897397.94695
11 0.0 418293344540079867 0 0 698.6419672554398 184.786100654993 462455930827.0611
11 0.0 613422439788109492 0 0 338.0700254119479 8.533056728286104 134577784244.5124
11 0.0 620150435882196601 0 0 180.79039490203976 112.87388106003239 200319539107.716
11 0.0 258069161794862548 0 0 207.46411370373616 173.48801899431183 124685925385.83
11 0.0 426027720435106883 0 0 1197.2709451039768 949.9707236286157 1213733453193.0562
11 0.0 190956928104338692 0 0 256.1364932540984 183.36841246594244 556746854020.2522
11 0.0 685969334815840791 0 0 52.36649467264161 43.96499775668163 75165154765.66507
11 0.0 170577750646435518 0 0 189.13337158341227 169.24073452869848 310910322861.4133
11 0.0 600105943192889685 0 0 254.97443144290503 182.45148777127733 370950847364.783
11 0.0 384206979050465886 0 0 411.3210694627515 364.9639521175234 1196076461769.2488
11 0.0 976556801195681932 0 0 359.67876219804293 270.3471728757764 455674885779.2227
11 0.0 532139326304828410 0 0 201.78560102553647 178.0188332282012 659680188239.4027
11 0.0 959077022820134709 0 0 494.98821106578345 553.0847459647625 587269200978.9109
11 0.0 557990925353322874 1 3 22.605920360090842 14.973314258229909 239278380201.07092
11 0.0 766584655359613608 0 0 318.1107760872475 400.2769533370238 474958607596.82086
11 0.0 694497522245376376 0 0 327.25647287112344 214.04172696245067 290250780511.10455
11 0.0 508886707734076016 1 3 11.073486488346727 31.951817620514674 38250774870.57056
11 0.0 920142541834006825 1 3 11.738793441235185 42.703615898093105 18128903740.935196
11 0.0 868976296973483958 0 0 401.27299325117224 269.67877357535605 58546493302.90838
11 0.0 924543612838247850 0 0 294.43266535325495 117.90930502809447 304858700003.6704
11 0.0 452565265640227772 0 0 213.4480673890763 250.37400038127433 394146228649.1513
11 0.0 196375502202681474 0 0 719.1159491570282 81.94651240774944 1071084039878.3937
11 0.0 171236385567759961 1 3 95.6904938667684 187.0346044359453 290113744699.34015
11 0.0 820023061167945836 0 0 586.3417712174188 503.344657691141 1279027464625.3547
11 0.0 514217520401547783 0 0 202.51882263199198 123.74791572492168 134594083309.15564
11 0.0 999889780474128245 1 3 48.932209022165665 125.75948204039963 511132254636.9519
11 0.0 615009410365806364 0 0 296.2551856622914 84.39262949494211 162844576128.1179
11 0.0 578133540418619430 0 0 234.21978179523825 189.98923852133333 167593092460.98026
11 0.0 228969412727118758 1 3 10.92081470730491 1.1399974375421862 4048040817.815488
11 0.0 536541959190072579 0 0 94.89898298285867 71.81264053889353 149491417923.58142
11 0.0 604993908153900373 0 0 269.15371802481064 9.290492067333865 518735533043.9291
11 0.0 153088694052532454 0 0 515.8976534994547 335.522181563963 683202752745.1918
11 0.0 330010077150209879 0 0 745.0158918717669 641.290588684048 855043300790.28
11 0.0 804994204761133842 0 0 407.591699865265 430.14235153972885 406087005262.6795
11 0.0 463027739551354630 0 0 42.92433736993536 41.067188658782825 19322129573.003258
11 0.0 806742110459669925 0 0 636.1060171393689 958.788688571231 230458486790.9837
11 0.0 496427852972975272 0 0 262.5154259118012 214.1914215073498 688801264491.7926
11 0.0 863267812870212579 0 0 16.16741872835894 8.973317776404107 11919154508.76987
11 0.0 542332783302207339 1 3 52.97334133538742 142.58589923947912 60675353810.24013
11 0.0 376528277936462281 0 0 331.791455277079 170.6068769142257 444400061394.69403
11 0.0 205253578851090942 0 0 442.25310194616156 528.8171914364912 357997120736.4965
11 0.0 320244097296708343 0 0 760.9461011283721 285.51073468729544 1420937566865.6995
11 0.0 203135309866953931 1 3 54.734194814714996 226.88823651591397 456394926986.1949
11 0.0 103613392100164312 0 0 1042.3151168059471 464.4436641045855 1151686711313.797
11 0.0 496264509434342828 0 0 584.4262112283914 620.5148242938121 831222400407.5297
11 0.0 206279951181021850 0 0 335.1872294406221 325.4958242108278 768845601777.1654
11 0.0 421345718951941992 0 0 1143.9511837251903 614.0108870893749 2368247628110.708
11 0.0 647295953374051521 0 0 17.08008247136769 16.61590729853546 35058392939.699875
11 0.0 369910433641178480 0 0 158.04134747571362 67.9366193180441 408584582410.15295
11 0.0 994409951570320488 0 0 567.3572722384258 670.3939564608143 806943137463.352
11 0.0 281838831331177161 1 3 63.86323312557574 168.12360766964434 270211073656.02182
11 0.0 969643735287731138 0 0 272.9434383072477 130.86912741620117 280224996146.7431
11 0.0 243410014185435930 1 3 30.798757492579607 36.888874257476594 173063690045.17007
11 0.0 926942032355172846 0 0 874.8284433237844 626.6510010569399 1699742191065.741
11 0.0 199271440070531949 0 0 425.9669290115532 206.18376821798188 464194003255.5375
11 0.0 579686521770218256 0 0 1011.2452233419662 510.59871152540353 190108799846.1724
11 0.0 833281813287497817 0 0 388.4156380642528 132.3639583673913 140618754967.79935
11 0.0 645168120865504086 1 3 39.71348663593971 74.83406577801853 306512344530.4141
11 0.0 435139384235126570 0 0 582.6920621722284 561.2843860741181 917459049355.2153
11 0.0 657780893421316365 0 0 625.7182582220362 61.27302331368024 714360156168.1007
11 0.0 727458538927426621 0 0 301.48938321119135 230.53238403814728 145057027690.0229
11 0.0 874263032741167140 0 0 1321.4707402334834 46.58828654370408 2065583754680.87
11 0.0 952684070950516652 0 0 382.7247009115584 40.406244709753494 333225128289.9113
11 0.0 465693540448971895 0 0 452.8250598002502 158.09720309239052 430665663382.41565
11 0.0 804873202762941412 0 0 639.0448828552777 746.6321682349485 94880092069.6655
11 0.0 793356923631104583 1 3 20.390859883333533 54.434629665958425 114290279108.34923
11 0.0 938131372840306452 1 3 17.962713433289924 44.40850330582107 57939393328.76024
11 0.0 984295376271433352 0 0 791.297341580005 506.1211218154398 438064715988.6243
11 0.0 130755999672235031 0 0 1089.2408239166232 886.9040369388517 1168206480728.9688
11 0.0 637365211337207039 0 0 462.5496355243839 407.4226498246446 485959041160.31604
11 0.0 413110837934454959 0 0 726.2344547188699 934.0049591375642 707846737549.332
11 0.0 254926746123591221 1 3 14.642419895724036 46.05766128072457 70976259908.14227
11 0.0 981609036206814690 0 0 78.0900786543551 30.2648233423221 115103098608.87814
11 0.0 581317042814026284 0 0 693.7268262062755 966.888541328155 714887183704.1364
11 0.0 859729919946482282 0 0 789.1123787171174 499.15026157640204 762613769174.9833
11 0.0 284853128432449595 0 0 364.06978450613383 280.0368900663241 251577931408.57706
11 0.0 389464763460430431 0 0 189.8438850010054 133.8803500252042 363157001600.74426
11 0.0 375427668590262728 1 3 35.282018169717716 10.725357682455352 58044542148.69361
11 0.0 779757000175918365 1 3 21.458676495967893 73.60058119043028 39856076004.79091
11 0.0 942242343288057198 0 0 293.4060815513248 183.90699802270427 234125150528.92606
11 0.0 844054267304294768 0 0 301.1686566540226 238.68467234536908 501611553691.42786
11 0.0 325885031888836149 0 0 1392.8246333177367 308.53782916260593 1703435585127.6836
11 0.0 800704085621176800 0 0 600.9008809609059 381.39199894376276 222196135360.90045
11 0.0 929694057141101498 0 0 741.8826095032435 718.2067970016416 1294940973529.0667
11 0.0 135372193333066265 0 0 691.2485866072655 391.69405601612107 1036512015281.3547
11 0.0 733748662300242423 0 0 440.603216210721 316.33572136541505 578129868538.3557
11 0.0 261968457584063629 0 0 211.67766222348865 269.8703773194791 116711394587.71526
11 0.0 948512746303307307 0 0 221.43840932420414 59.547796490382645 774869274999.4286
11 0.0 183334845357187131 0 0 365.4821872823296 147.55034963434358 171236185219.09354
11 0.0 742647904493057278 0 0 240.09602852693575 136.84737541742675 689645234958.331
11 0.0 386272536779848848 0 0 486.75680998269274 88.4378630739764 435245123217.09283
11 0.0 699170380531546435 0 0 127.51743260366689 42.96250543431191 161230069541.62122
11 0.0 828444186780272298 0 0 856.3429173484176 316.573881261456 1642112789580.9836
11 0.0 197101529339185480 0 0 2.2456775929611297 0.12104014511078738 3068735404.4936657
11 0.0 257231888496862108 1 3 48.895075290201646 130.5619748525841 337626219883.6594
11 0.0 176220559519943455 0 0 1308.0680422820376 818.9133433336395 3559896221296.8022
11 0.0 978200579819187783 0 0 135.24723614576436 82.58899059506498 238516733116.09512
11 0.0 120986680946490926 0 0 953.5866094159821 1108.3515953142532 440902274007.81165
11 0.0 636921625706308926 0 0 474.1291095587025 258.8226725515713 366246738695.8844
11 0.0 936541836564845617 0 0 439.4362292322103 342.6738507452356 564470304857.2955
11 0.0 338614020271888800 0 0 921.7503551012946 13.747002863684022 2307631348246.739
11 0.0 466734939224391321 0 0 984.6810876487272 477.45143923581617 203671764256.32224
11 0.0 709555740836963286 0 0 305.10029668506115 102.40214255942932 625795888920.9496
11 0.0 993215857291823904 1 3 37.756564440595405 111.88582077477642 201513746653.33023
11 0.0 704932110401326790 0 0 890.7905141709374 192.31533367858177 1497019580238.6006
11 0.0 106194774704476361 1 3 23.032208550417526 61.400779776943345 58312708265.67455
11 0.0 366454669152255249 0 0 214.56512775375603 17.939576655306503 16667130797.437565
11 0.0 716232088242414612 0 0 997.8070470173606 336.25250415328617 1754110243620.639
11 0.0 472432996333256301 0 0 310.99785095384107 139.52619163951636 631743707534.9073
11 0.0 639501477208780938 0 0 419.2116860702726 142.45378106111303 508267328435.6978
11 0.0 163171439459860411 0 0 232.93250119982588 158.91178331407627 360006146940.74164
11 0.0 744136315403894899 0 0 351.93430172841136 238.2941831670606 608311285519.7999
11 0.0 287589920456789114 0 0 926.0938053752992 380.19804106561133 715054507524.6736
11 0.0 188882519155627825 0 0 14.783030198525239 0.6740453968492401 22722350387.482773
11 0.0 170381508279147583 1 3 48.20269860747331 169.62039108284915 292482499822.6337
11 0.0 494032007609784965 0 0 1307.524296125915 1084.6540485806588 2276757628774.924
11 0.0 889099598491776811 0 0 737.0493459299516 711.6384631257439 404241539515.43866
11 0.0 349875665624870904 1 3 9.014440390854727 9.421248562331634 37813740925.82368
11 0.0 967888613761351011 1 3 35.817311081021764 70.67777720989687 285194268100.0457
11 0.0 688875939661046731 0 0 915.4819113858991 663.3831917314585 1773424934527.6199
11 0.0 773981238978788918 0 0 626.7342497070755 320.2743546936538 232893234582.03857
11 0.0 444951072738457065 1 3 36.01472354353449 82.36936212541582 101727711895.52994
11 0.0 735552682498283496 0 0 272.66562836282424 116.8349629910348 67076970392.899216
11 0.0 129505558907474646 0 0 358.4857153637027 247.1670483654986 462020197051.58264
11 0.0 118229809655605791 0 0 537.450417984672 7.615617394956156 592013969177.4518
11 0.0 806642124797530802 0 0 226.12311203891508 275.0875173403 212634471933.13226
11 0.0 867326570077088419 0 0 874.0284308582559 81.82903757917846 1717284705770.5679
11 0.0 748544701945459856 0 0 192.16376775044242 69.17388400089561 211329041579.53488
11 0.0 308362149162579206 0 0 94.37834526097976 63.502648172599145 51975415216.17521
11 0.0 611058248276511845 0 0 74.96521245324512 33.82406061275646 116318654313.60426
11 0.0 478971493776410722 0 0 926.8248144939384 216.5208113726211 1473918950420.7908
11 0.0 453982499793459567 0 0 100.9906261721987 88.37093266878684 177461649639.3086
11 0.0 469882504944186038 1 3 47.66100651441231 188.55637684306168 557071800791.8035
11 0.0 416255821276021530 0 0 61.47219799336713 31.40571389168353 48757145376.114876
11 0.0 769502398322696463 0 0 355.68843890864594 400.7767220782259 320212787106.819
11 0.0 698331838556198289 0 0 1042.6870014817337 721.0401933846705 999823207111.8247
11 0.0 851861027796959630 0 0 208.8530419590357 127.52633671057136 13330102015.47011
11 0.0 887339586014593694 0 0 395.67498164772087 115.93712436125716 544211679056.508
11 0.0 784725653252786044 0 0 683.3026035735825 242.57153914565586 1401507882848.0132
11 0.0 543556389296340446 0 0 597.8630964824806 380.00572447194673 99825416889.5478
11 0.0 357727573706621800 0 0 931.6983968793677 168.0801857478302 466888334325.4742
11 0.0 986136149053969859 1 3 21.48900473526747 77.7706972363549 80517187219.67216
11 0.0 366734700771054330 0 0 408.5747972367016 117.38477303461153 355632790320.75305
11 0.0 902785170433912454 0 0 331.5164713058526 199.7222901969987 993342872234.7992
11 0.0 987487297219138562 0 0 293.05677250673324 106.92986661830052 259895518606.19064
11 0.0 326567325113740141 1 3 29.903333049857793 157.2095382745767 239080484429.01993
11 0.0 702161951304698374 0 0 899.8414458604509 721.029084288926 969659309759.6334
11 0.0 766538650592076045 1 3 8.817121060904261 17.81312337112553 26130487001.271072
11 0.0 667422727649628136 0 0 192.1097847894285 61.139436231563856 380225473465.49695
11 0.0 443889721356031195 0 0 1074.8963712007328 627.4402420995909 1522175782494.347
11 0.0 409235569425074245 0 0 331.5834817420247 82.33429146226982 493578762057.57733
11 0.0 838269861728079988 0 0 944.1546260933573 278.77836804506745 700263500144.1168
11 0.0 610290392079707209 1 3 31.500303713927355 19.754749919659062 102620154827.12242
11 0.0 274580385945505561 0 0 1543.6648961001279 280.163761939512 2814716426243.6113
11 0.0 195956599744538857 0 0 845.3395238122466 783.7654320149529 522649716988.6829
11 0.0 671285883526644684 0 0 564.8657570170657 240.35145899623745 1829519014610.8845
11 0.0 240007729440609748 0 0 291.4981558999823 234.4611685052108 756661383781.9536
11 0.0 114642686212801911 0 0 754.4303775223941 1030.5210605297875 705086191521.3501
11 0.0 553882226116386364 0 0 1236.7444937015425 971.3352540341093 2509370346718.831
11 0.0 185833480336440908 0 0 352.4565043652385 286.6568654042528 335359105798.3313
11 0.0 857623332449336426 1 3 69.29540134985214 154.10396445775788 592892361081.1748
11 0.0 178319086667867420 0 0 851.7247085622929 197.8541050440041 1218289197833.4626
11 0.0 916064390291758962 0 0 729.0771413415724 565.4016721283675 1034141533657.6526
11 0.0 773844605705203025 1 3 14.663056603379875 32.281947175782534 89173607196.1226
11 0.0 404630684327110576 0 0 293.4689005684474 208.1103031577373 560039235801.7454
11 0.0 882621224256006627 0 0 308.3512617814492 355.6697962363869 587664950411.7532
