11 0.0 157466890450732272 0 0 0.001033425215671445 0.0028443708996304202 1376022.4229099562
11 0.0 348571256426405635 0 0 0.0006089294546854661 0.0009705181770356884 1664791.8887991689
11 0.0 400365509454401365 0 0 0.0019778651739250667 0.0017182030894633959 72425.2326476644
11 0.0 776116497712366841 0 0 0.0018248514149224807 0.002647523348631565 223887.04032090347
11 0.0 598071764942636913 0 0 0.004799976885099219 0.0048343525809842365 12202322.3216287
11 0.0 706558675239063710 0 0 0.0015522779544800871 0.006736307158536089 6748883.598330305
11 0.0 219654012119539478 1 3 0.09406940233553186 0.09338353627237819 26299125.358498912
11 0.0 680743876345931234 0 0 0.005525316873819289 0.013582057572031467 1250647.2731674174
11 0.0 360799340332584798 0 0 0.009930992896108598 0.03664037039673515 3394955.4521191237
11 0.0 657516740581327813 1 3 0.007045651424015248 0.00582016403372713 2533877.169551088
11 0.0 716081698587257563 0 0 0.002614955906792881 0.016879986372635068 2520114.8499615733
11 0.0 526122092224462184 0 0 0.003415751787582061 0.010546294389538729 1128190.1623498318
11 0.0 359330389943840190 0 0 0.005826648816573718 0.015575941315909789 9281589.593121272
11 0.0 798441701731704455 1 3 0.013611780080995381 0.002043449811043903 2500057.651649924
11 0.0 527415723724292248 0 0 0.0001773663760044555 0.0001685094010841923 628540.3729931237
11 0.0 260736049650263536 1 3 0.09395256809044375 0.008271052458179141 12130179.74252938
11 0.0 450773947663357620 0 0 0.008800534638202016 0.02207435716734513 4778592.275298024
11 0.0 112937358902380099 0 0 0.007880417111010875 0.007586365590257606 14428425.757456053
11 0.0 318566540250199562 0 0 0.003137467288841928 0.004718795739569318 848299.203177526
11 0.0 682628815510519339 0 0 0.016002866208857713 0.022947488851107953 5754579.865760713
11 0.0 997669057436370057 0 0 0.0014378245236414773 0.0032317166060789656 1131444.4028078932
11 0.0 646491725580311010 0 0 9.683192113961917e-05 0.0006030150269560312 111885.2417529337
11 0.0 735946221831434400 0 0 0.006222703699234136 0.002015220292849141 90944.20107847228
11 0.0 103744917388134232 1 3 0.03783595341881506 0.018998025120316463 3269238.7326890677
11 0.0 403595639114453961 0 0 0.00010290559451766644 0.00036256348144991297 39354.176840197666
11 0.0 921419064228582077 0 0 0.0058900043453339575 0.004011800150695188 2129182.1018722244
11 0.0 825218905005131980 0 0 0.026964170361601637 0.09064137828901189 25012251.44531915
11 0.0 274797463607959543 0 0 0.007442167753729321 0.0022053925650488923 8017319.019713607
11 0.0 198415089436975233 0 0 0.0014559266006584966 0.0010121754142538128 1628423.6856300076
11 0.0 980666491201965701 0 0 0.007748911128273857 0.0011692649556649384 4734147.976740575
11 0.0 938443323488256280 0 0 0.013062012121894475 0.0026041418529471256 20847063.968677327
11 0.0 321145650347805648 0 0 0.0022039571595863167 0.002398120223588256 896024.1378558907
11 0.0 361347967794563895 0 0 0.0005339157961658605 0.002505589843531319 1522209.649928439
11 0.0 281451107879231501 1 3 0.017897259968100366 0.014892012132868499 19619191.58998716
11 0.0 883008380448266400 1 3 0.07812477568187057 0.01556484160211234 7427002.511294357
11 0.0 825926134411612627 0 0 0.005870755563003808 0.0035547294309341013 12913583.69283732
11 0.0 301653167081827485 1 3 0.07728578704082645 0.03231579724255564 2700928.508644075
11 0.0 773287067588487721 0 0 0.011129239428076539 0.010993500936899357 10002341.495746043
11 0.0 647207548006240968 1 3 0.020484901987574904 0.007917056804719654 17806025.60860015
11 0.0 612348134446262838 0 0 0.0009972776797723812 0.0008958516272363557 841834.8804268067
11 0.0 488429383291727943 0 0 0.0010154073782701093 9.34577296245289e-05 593978.1316494918
11 0.0 897746943741040237 0 0 0.0023529767267238123 0.004374034056571232 841568.619651328
11 0.0 271266872187757112 0 0 0.0005331811761962451 0.0006072753414320201 702864.3034509465
11 0.0 693828146335684099 1 3 0.06791452666955569 0.05572525435806177 8418357.509412432
11 0.0 907986237555586405 0 0 0.0019617954110087445 0.000493599807526697 1254802.4296073653
11 0.0 687555834627788992 0 0 0.004471199452268854 0.0025495164812394974 1892596.3553910577
11 0.0 900515265514634055 0 0 0.0041132698219713965 0.019047118113872642 57165.52489530526
11 0.0 181906633254623364 1 3 0.014658262079264479 0.00595117781459907 1728781.8612895294
11 0.0 152325180453685560 0 0 0.0030164177421987647 0.0032630422857572697 4351607.181234201
11 0.0 624230605935928016 0 0 0.002893136669699403 0.0017750183363174443 495403.0162605819
11 0.0 761444428528008804 0 0 0.0010829168099296463 0.00037759439281062596 3638493.700520547
11 0.0 584311565513315565 0 0 0.005817252931174668 0.007541756463093332 11638626.151616681
11 0.0 163132846396989831 0 0 0.0017939919963332438 0.002022090288365391 2053091.6391834805
11 0.0 184095360982710190 0 0 0.0006922692860410517 0.0001221149615606498 621084.7281887966
11 0.0 421151681548608803 0 0 0.011422395687754123 0.04300372596925854 4646218.972156148
11 0.0 430739265640065792 1 3 0.039828783019141625 0.011998847049555785 3548887.7149666985
11 0.0 314458877295317517 0 0 0.001865493546159774 0.005075687480954674 457108.7618590632
11 0.0 647444387611828444 0 0 0.005054658016497104 0.0020540636885306033 2684216.494170012
11 0.0 884496436011082229 0 0 0.009168545114322984 0.049237166119065846 152827.28924530727
11 0.0 637332715981513504 0 0 0.005677793715307277 0.0005374715705935498 1939627.5954510274
11 0.0 913574199929960696 0 0 0.002836191615437965 0.005778763164086197 4423879.5864430675
11 0.0 597384668363510609 1 3 0.03676194238276366 0.005492250721277219 15307032.002351074
11 0.0 255775332181332141 0 0 0.025610643175043784 0.03564542945824562 55114318.294265755
11 0.0 650141107224834436 0 0 0.01678708729024505 0.0027252157905912023 28596707.93526859
11 0.0 716953131568313467 0 0 0.013231345203322522 0.12557700641496378 1703273.4914187612
11 0.0 994014115011614392 0 0 0.003267755642405371 0.00755667510083774 3739007.578589481
11 0.0 442690901042065506 0 0 0.002543597307436781 0.009894574697781875 2900258.7023010263
11 0.0 630985082490728139 0 0 0.0008404192432618046 0.0003369586447466196 391090.769473678
11 0.0 182130728365230591 1 3 0.05849545519248682 0.00539418226872065 16656486.170658821
11 0.0 927543263654282588 0 0 0.00399266383004985 0.01641952100558996 12379189.937853541
11 0.0 650394785806851988 0 0 0.01159640996063231 0.09020761703436503 6098535.684022769
11 0.0 881731157590159850 1 3 0.13718987857306736 0.0681077733930107 15674041.293432057
11 0.0 989842251186744608 1 3 0.05710181438513419 0.0005161942117289482 5984987.97973636
11 0.0 777254881456013466 0 0 0.0015607172987626994 0.0006810736725025223 2090732.2776969892
11 0.0 179058138428018021 0 0 0.003782083323949027 0.004310367155777088 4590205.547238805
11 0.0 647015689264648502 0 0 0.005179789911784808 0.0009865008438438968 7803960.939642509
11 0.0 843000959111091540 0 0 0.015393661888658126 0.01901055085899977 21630068.718897957
11 0.0 989218368613174691 0 0 0.013463561734812429 0.00808420725575028 18233047.374567803
11 0.0 142875505533448721 0 0 0.005872714421442727 0.01186676787054294 484291.28514937905
11 0.0 639458726740076154 1 3 0.027267267086208812 0.01412344464237604 27441003.3297431
11 0.0 518748309264238588 0 0 3.258281102907888e-05 5.89126047695921e-06 6943.301823675619
11 0.0 286719275102289499 0 0 0.003010423052355366 0.004119653037612743 1062082.6501483934
11 0.0 825535786726526413 0 0 0.012583019661399839 0.03137669660796863 39112741.41335583
11 0.0 758734594437611102 0 0 0.0027680852716090816 0.000811553456403827 328771.69674802164
11 0.0 332061540430354519 0 0 0.003361479229010705 0.003732827564172002 1283276.795839747
11 0.0 187320037568151777 0 0 0.00812403665535868 0.008969528009457746 3407864.696918528
11 0.0 586128840373146623 0 0 0.014176889157701074 0.020986345643221826 12206887.791083574
11 0.0 258045408553120993 0 0 0.00013530866248805378 0.0010371306888494489 128712.21336185801
11 0.0 301272041207719045 0 0 0.0038995029809285138 0.0012030703744888148 1550433.58665117
11 0.0 803284900244326979 0 0 0.002912945860842646 0.004860280847394227 617818.5084070346
11 0.0 189303274001918145 0 0 0.0045209911024235855 0.0124277368081191 1027792.0849204554
11 0.0 260905769095832284 0 0 0.003302758650502712 0.02380165949684021 2734184.2817970025
11 0.0 124655503416077266 0 0 0.001202506383965474 0.003365239797976324 524548.1398058438
11 0.0 381743801265575256 0 0 0.01030379872054317 0.0032267260694403043 5201911.408339547
11 0.0 619360734878918979 0 0 0.001950160739611318 0.0019081913683458673 1611515.5172132333
11 0.0 823516188592303797 0 0 0.001791037309207637 0.002538597115054111 3026032.5819255747
11 0.0 314506531720429097 0 0 0.004751208124711955 0.0010229142779169475 4209149.313756483
11 0.0 695043854757101998 1 3 0.018764722811394116 0.0041579517820842255 1140216.9523491946
11 0.0 150937264438692308 0 0 0.005107563352587377 0.0023135819737486385 2475888.420580035
11 0.0 247829329448203607 0 0 0.0028228471072997115 0.010125226653083692 351221.1274422906
11 0.0 220663785958511572 1 3 0.08331974986649068 0.0309500759115888 6021262.466107913
11 0.0 392966162357165774 0 0 0.02046734144437109 0.026590393554651107 41294833.430194035
11 0.0 765591670679534223 0 0 0.010943896809871338 0.005818318791546048 9573781.846138112
11 0.0 526098504473672874 1 3 0.02435208684892163 0.007972166180459678 6205887.404463541
11 0.0 254618676191525668 0 0 0.0020407676666946203 0.012406549918177285 1501270.2953680258
11 0.0 358080051002745539 0 0 0.001147314667522349 4.0554684859958016e-05 71796.35695350161
11 0.0 320887851848947622 0 0 0.0027408420155940337 0.021033815831873026 1459595.0463695107
11 0.0 173795357713138222 0 0 0.0007781230019559448 0.0008928072882886832 1064280.8777816596
11 0.0 108134265771339312 0 0 0.0012927638581026362 0.0016660606788218271 1260264.1231444634
11 0.0 181966916206182912 0 0 0.006451582788871761 0.004200222224653119 4722399.928649489
11 0.0 207765491352578506 0 0 0.0015965557281610193 0.0001242431983936794 983365.4695723633
11 0.0 431720744435170350 0 0 0.006922550129650909 0.008335294680451202 3209024.2817078666
11 0.0 634275686528767759 0 0 0.0066474583964377075 0.012819220622475942 318053.24707721145
11 0.0 468285183411895459 1 3 0.005853322651078537 9.644315703102326e-05 1462688.0421420424
11 0.0 113509051268104240 1 3 0.07367422470071658 0.010025483391977005 40281210.0264985
11 0.0 427762671520928228 0 0 0.000497426553145412 7.850586622759797e-05 929899.803731732
11 0.0 314757244714701933 0 0 0.001482667585407233 0.0004487944358849511 4390356.277299206
11 0.0 640517791366816826 0 0 0.002225512405594459 0.017300590970889894 2738063.2593151727
11 0.0 869027819689805935 0 0 0.0035018170541343267 2.5401628458160096e-06 12738524.69741708
11 0.0 439697461782308426 0 0 0.004215825085781366 0.0007909452020347768 1863979.9399980323
11 0.0 262313459442762271 0 0 0.0024700168936098196 0.0002606410670045643 7511992.918747962
11 0.0 803968974240761556 0 0 0.00818586508989843 0.04697738162548419 2196897.429107865
11 0.0 944633357472894115 0 0 0.0052487080591574874 0.001566612777246694 3450828.613270073
11 0.0 216772592190691953 1 3 0.03919869973527096 0.056513499564194034 20481836.6482694
11 0.0 388269839571726165 1 3 0.13422742383353953 0.1872920020289422 62427234.62497716
11 0.0 103597436871949792 0 0 0.002365938390624855 0.00041512889708474846 7222644.429044754
11 0.0 602189186862924460 0 0 0.005623185806035179 0.006217558886725916 1047513.5950076436
11 0.0 651000608394178134 1 3 0.001640185040865431 0.00039648643900089655 180625.53396366903
11 0.0 852762845258713392 0 0 0.002325667549981287 0.0026820776696954646 1455533.1774851412
11 0.0 729402813185001919 0 0 0.0030546889471302395 0.008817634478174671 4039463.3192554954
11 0.0 945513404048472839 1 3 0.0376333712796363 0.038672796109650104 595100.3315269103
11 0.0 972252477223263028 0 0 0.007646284188617803 0.0007165516955400044 13883632.474273754
11 0.0 571939551053277084 0 0 3.2275450293184244e-06 3.0079946831146727e-06 2385.160808837501
11 0.0 958976418537461268 0 0 0.006896594338196888 0.028464408100433394 2764417.1515446696
11 0.0 353632392124941609 0 0 0.0001364801780958323 0.000663699886926897 83003.87282594541
11 0.0 322400341492204430 0 0 0.0014998860703171956 0.003173707130559112 8134336.566450405
11 0.0 130333604917448938 1 3 0.09966528458952752 0.03501118349903772 43056290.00914649
11 0.0 689624884243796313 0 0 0.0010957282025906786 0.004004270995356848 291557.605382006
11 0.0 389386639050931165 0 0 0.024821809897603284 0.042881852895378714 27051027.85600378
11 0.0 661320697465556260 0 0 0.004243416679573693 0.003636692631910705 3937325.7125846683
11 0.0 848103808761406560 0 0 0.0020669861942595887 0.0016478628175760467 877365.6110617074
11 0.0 636130126187569141 0 0 0.010754280125011936 0.02744775919535017 8139471.030457252
11 0.0 947963450709308017 0 0 0.005943920252933511 0.004170393920342027 1982071.3643530598
11 0.0 259596686045328406 0 0 0.0034880701740362236 0.009571639671828242 3162905.676375566
11 0.0 567823845402323265 0 0 0.0022319145765058194 0.0001733208468617686 1521171.3803302136
11 0.0 887323311998521157 1 3 0.03211868101540198 0.005301442996976389 22842661.28115539
11 0.0 343130324786322058 0 0 0.002795043504661272 0.004454386899737852 1352136.203461767
11 0.0 879869194790345776 0 0 0.0035961228579298116 0.0016959381441553063 52727.42524802588
11 0.0 615277731253841893 0 0 0.023898043380132593 0.03686121175875821 22614917.171127148
11 0.0 141579376150172683 0 0 0.0007523793763024248 0.00043548862715428016 174653.42336266112
11 0.0 292594680917438467 1 3 0.006400840268784465 0.0019241367887966561 3338231.557378607
11 0.0 245395019922522681 0 0 0.005172435692259819 0.0024138398183504556 1766719.1292733958
11 0.0 907967621409006005 0 0 0.0004985760625635857 0.000489423722100577 962912.0719288369
11 0.0 754635506219591003 1 3 0.0020143164381170612 0.00020258889611898587 46272.77674112131
11 0.0 627012469671106055 0 0 0.0021528725832122885 0.0033788063892301705 1330298.9587624387
11 0.0 686305352798832946 0 0 0.0008739972021771786 0.001011656423516811 821938.8509745611
11 0.0 240573123292514182 1 3 0.0561216774444941 0.009524073187498735 16093215.871397821
11 0.0 988836850741441857 0 0 0.008394631670601225 0.0650293568215795 7270665.700616694
11 0.0 922349626886393583 0 0 0.013667056171197057 0.005300462093167944 11743067.16548845
11 0.0 376183336716762245 0 0 0.0016280492011750388 0.0015637750880710764 3876442.2990444205
11 0.0 394823028297226186 0 0 0.00441231163433273 0.003920277023830479 259757.53547644903
11 0.0 523505860801899455 1 3 0.004409752199405549 0.0031675722699287417 386899.12202567025
11 0.0 680885835358331251 0 0 0.0015375310800455236 0.00428927516881942 5921823.790105001
11 0.0 367257201015978752 0 0 9.20220805780287e-05 0.0004892184281170438 83934.17745050622
11 0.0 531886898507196248 1 3 0.11525346781963505 0.027031148922689426 12000620.38715849
11 0.0 307228824342880299 0 0 0.007470987479739682 0.029587743230824217 5943166.8940785285
11 0.0 527451802478533954 0 0 0.006938013532946326 0.003313204722153809 40269238.43856158
11 0.0 995266106030302170 0 0 0.0082425793927672 0.027031969515605606 7634597.013521073
11 0.0 126643189141993581 0 0 0.0007379153067926127 0.0007980780641361384 684648.1792154014
11 0.0 814357100959146761 0 0 0.010214645003342517 0.0019544041886555967 5422855.866480239
11 0.0 406190136093888857 0 0 0.004797495314565673 0.0022304831964264087 749395.5146421597
11 0.0 733883561375428589 1 3 0.044767584817960455 0.010615583824938817 27299101.2727448
11 0.0 263562953037557233 1 3 0.02092673814146865 0.006385252674634332 9129745.884886056
11 0.0 752009286928301223 1 3 0.0004273844094294918 3.355446118167328e-05 145907.01005552706
11 0.0 414928295968334716 0 0 0.014233735032076266 0.033463179360520214 6186460.31953457
11 0.0 724767110301843696 1 3 0.03600553177131513 0.042936367949718154 6139481.771272176
11 0.0 522616319018314130 0 0 0.004219844661813337 0.0029391468572215894 3492033.506353486
11 0.0 456030493507654452 0 0 0.004170249835195376 0.0023802889976168506 2212303.6407177104
11 0.0 782882779583398550 0 0 0.005943233933949505 0.0031296505864542032 6410677.134770806
11 0.0 937161789807445659 0 0 0.0008836619873538462 0.003224389701108538 336423.05863961275
11 0.0 753501926392154963 1 3 0.09833276000666677 0.09911881542782983 15342114.121231858
11 0.0 572222128100144446 0 0 0.0031289717559668754 0.0037684947328246884 1239636.5805886274
11 0.0 600434116268154327 0 0 0.0073200042348808385 0.0032462408326705914 749831.9290257324
11 0.0 444244192779181575 0 0 0.001001567821019627 0.0019005742498655709 416806.40164652024
11 0.0 245475939133683466 1 3 0.08260025400636102 0.026417374560969663 54195007.93207205
11 0.0 133588741656724707 0 0 0.0036217834544898103 0.00027849839765977015 12456104.411036177
11 0.0 853827005288143439 0 0 0.004061521238745498 0.00679373508172694 5902474.065870258
11 0.0 632640522442846226 0 0 0.0031866188816112584 0.011228517953863685 287891.8761325345
11 0.0 739394172592209127 1 3 0.005200575644245987 0.0027477343262396776 846690.6317062014
11 0.0 805509248535131560 1 3 0.0320247189805832 0.0019231786408351788 7942730.566080444
11 0.0 805808930141473489 0 0 0.0011668428946742084 0.002877074564708933 1175872.8360226175
11 0.0 787585567604615047 0 0 0.002948460315296983 0.0043844913449008465 368897.1493493208
11 0.0 736651878589181354 0 0 0.0006082364051329887 0.001997845768882151 158513.16790119663
11 0.0 143421364692823625 0 0 0.0032425659090767078 0.0017705276528251165 3214868.4385240483
11 0.0 746645811424818583 0 0 0.004571444248866154 0.0003863019381317738 21318.223869390917
11 0.0 105490489297834013 0 0 0.0001581439458841374 2.2253972629312694e-05 47124.48947535848
11 0.0 169855592947419986 0 0 0.007198110098802621 0.015688043817719054 9539533.925505152
11 0.0 215264473887675528 0 0 0.012082662477332449 0.0024011878017686696 12492570.990655793
11 0.0 549743751355982246 0 0 0.006666665384937684 0.0006587516329131712 6203192.03280845
11 0.0 306493585267087365 1 3 0.025988758322591687 0.015211776800313985 896299.5845698882
11 0.0 451192911826398702 0 0 0.0007256840201446916 0.003215491976390529 403395.1961738073
11 0.0 915208310721949097 0 0 0.00599457467496748 0.012999820313118228 1168404.6055201024
11 0.0 980219444572065821 0 0 0.0036832277640886264 0.0034376386378448 1441266.7606916428
11 0.0 871888539167665549 0 0 0.0032468916697844237 0.006497366144887103 4604808.231450076
11 0.0 250299968119012399 0 0 0.0025121469585735216 0.011027791841301532 4002122.0497241905
11 0.0 166768182219669018 0 0 0.0030221195806213463 0.016954570010600724 3543338.711923568
11 0.0 857924608532754761 0 0 0.00893184495998079 0.014001131263909174 576871.8793051592
11 0.0 502177233742195879 1 3 0.025146043788689277 0.03005796996589851 582223.5553809354
11 0.0 226734565281863472 0 0 0.0007482769567935295 0.0001195505244703687 1166467.130231147
11 0.0 810528270555552511 0 0 0.003638957575128734 0.00646114493024146 1996268.775788181
11 0.0 467580328198095259 0 0 0.007877148193168376 0.01796203252587309 2430464.2651813044
11 0.0 941373103875170793 0 0 0.012890809817695581 0.0017625368260023113 6539843.149971423
11 0.0 784790550929186021 0 0 0.00766010903744482 0.0013271303620830423 24354683.184823055
11 0.0 574882970433272858 0 0 0.0027749076088078974 0.0005189304770898508 5418403.252857228
11 0.0 529267773593431473 0 0 0.008845636686357686 0.0163181446823338 1305410.1217453952
11 0.0 948389414767891123 0 0 0.005259486493664435 0.0013891295764997236 180793.8719636011
11 0.0 850224484786568092 0 0 0.007475768710067309 0.025623684882098215 28148911.27992614
11 0.0 256406119729507987 0 0 0.001967740854815385 0.002355665923168181 182473.70264146233
11 0.0 622242577260575112 0 0 0.0033553646041123526 0.01472705741141276 141218.82958562908
11 0.0 495741330856222437 0 0 0.009925890399453548 0.0008956357311433953 40801591.86129894
11 0.0 212565440631336676 0 0 0.009539501186752796 0.012139503355129432 4625061.905069524
11 0.0 925474321975310093 0 0 0.0048541422624126555 0.0006777166502794779 6957477.785955848
11 0.0 807679410927168808 0 0 0.003693362140627612 0.00040959838918856826 2061809.8632954604
11 0.0 984690856902084290 0 0 0.0023280872827887607 0.00862745591281056 1298292.3203987326
11 0.0 440105506089537662 0 0 0.016230887293337663 0.05556583076391634 15963759.825427162
11 0.0 540352231225306611 1 3 0.052696200622627844 0.03672405315292686 2357173.5715387473
11 0.0 217007092696094475 0 0 0.002932225069573582 0.0025004102790455607 1550783.5728637213
11 0.0 304418359288806463 1 3 0.012740946006897277 0.00726939911609769 475.55477363423256
11 0.0 173603989259648706 0 0 3.546480312684649e-05 5.879717454000015e-05 24259.32910334011
11 0.0 825564697874086767 0 0 0.007302508535327565 0.0009928443420516874 768841.372057772
11 0.0 986853704478781981 0 0 0.00083948822490785 0.0008009921864188481 331285.1371199417
11 0.0 184544223602808107 0 0 0.004299473190990386 0.000431389535555289 5099405.623283388
11 0.0 911977224714360835 1 3 0.028745988327923733 0.022901904220557778 2125411.2561801476
11 0.0 359995867187840478 0 0 0.0004778452653745936 0.0005958106312665402 622114.4864587799
11 0.0 294882889651485865 0 0 0.0015922177660015377 3.7980012001048395e-05 439897.567217735
11 0.0 851364993534556030 0 0 0.00718737585616675 0.008435531509079488 21439865.410740808
11 0.0 260791090467352561 0 0 0.01126513139460159 0.005462054549458183 7992518.619612601
11 0.0 663933317930250648 0 0 0.0035944503314116875 0.000874245196548044 10943054.638251739
11 0.0 319763527433237918 0 0 0.001941548925827158 0.004731427571251635 409493.01902118075
11 0.0 891366552017036624 0 0 0.004891609523672022 0.012828660181019445 6359443.885102805
11 0.0 872517216771318902 0 0 0.0017625568764792496 0.00023645155640372202 692240.5264756394
11 0.0 305728939783534488 0 0 0.010118944191997015 1.8123004305594627e-05 10136962.143033838
11 0.0 605031199975024182 0 0 0.0011787618773211493 0.0015868169399047738 2231113.8838501545
11 0.0 759223279349575123 0 0 0.007803699416596932 0.0024964155921510674 16480117.675653197
11 0.0 735261411080407108 0 0 0.00567743347993166 0.01438593056140939 212911.60007608513
11 0.0 244515789701998160 0 0 0.006743332891035206 0.015069699662751698 8822577.805131951
11 0.0 471464371553551046 1 3 0.070272610211752 0.03922485143873415 42152372.67080089
11 0.0 354632716153870197 0 0 0.022046151215518225 0.0037220310341081393 4439510.578642139
11 0.0 946144508775244469 0 0 0.0006080547557531095 0.0011065535267193644 308760.52651229664
11 0.0 953910647010603317 0 0 0.007917590652450431 0.019890788876562166 2759420.4342473424
11 0.0 992587673302813353 0 0 0.0011977395514598211 0.0004684081892820575 257603.49044512404
11 0.0 655905853443296690 0 0 9.931448986484902e-05 0.00019653828993652426 225637.1797752054
11 0.0 105815112043643711 0 0 0.0054017131293453025 0.002950557026148695 7608165.308403096
11 0.0 351423101464952314 0 0 0.0021188761259944176 0.012789434455315407 2797561.1341073858
11 0.0 303991383880610457 0 0 0.0010338917820038101 0.00040028528581734685 865733.237659883
11 0.0 519299088898004695 0 0 0.0008596880244793223 0.0022915952019830974 1105950.5504942234
11 0.0 389033770649900459 0 0 0.016038125415236755 0.04077995649120522 9013662.58316522
11 0.0 341065337174523708 0 0 3.603996678986011e-05 5.2112881142300175e-05 30274.76315137918
11 0.0 981661081848602382 0 0 0.0033125073541073104 0.006123690979897798 1411222.1887355146
11 0.0 306752505844198154 0 0 0.009627997035323405 0.012154650248736602 4284699.169807614
11 0.0 636948178346799882 0 0 0.0022627387944975756 0.007061420235424905 1337185.4117111266
11 0.0 985101365396905994 0 0 0.015803283212525377 0.0132076493629875 1410817.8648081599
11 0.0 929286514064280737 1 3 0.09145892076704913 0.004977797638230801 7952127.095031906
11 0.0 295515607682308459 0 0 0.011213296693379213 0.07545251093700114 25619475.003696494
11 0.0 841453664419145033 0 0 0.008819506583785134 0.007376702499640249 2538869.1470335554
11 0.0 632875139443999518 1 3 0.21037279592305783 0.07542308435147156 3305455.851281913
11 0.0 488678280903778306 0 0 0.0011868570971960372 8.129090620452043e-06 1061766.393471459
11 0.0 149123921576913319 0 0 0.006036919374673599 0.02261717417375626 4564445.484963702
11 0.0 253456039465377987 0 0 0.005956743248856554 0.0029335065630396247 2117768.4794270433
11 0.0 326339692608052101 0 0 0.004752197512380926 0.0066228628248130505 8770925.291425774
11 0.0 602722200503171323 1 3 0.07259354858279442 0.0333596810499322 2929449.243753364
11 0.0 348950336012278672 0 0 0.005384552779225985 0.006071558643064227 9120606.970012894
11 0.0 456821109343945727 0 0 0.01460773969640713 0.08558523908619892 8055838.446231222
11 0.0 914610695244308177 1 3 0.032751367824585834 0.032247786371362525 4006924.186415083
11 0.0 336059603385118135 0 0 0.009409947138290138 0.00818012266699773 2274474.968311665
11 0.0 829056405215549173 0 0 0.0002141219582647249 8.702117435626922e-05 434272.3918941905
11 0.0 767174366534306719 0 0 0.0004870383833711312 0.0024715910021212224 368309.8500210173
11 0.0 436850641714046275 0 0 0.0030831095608460026 0.0023057729873900037 2272050.984961641
11 0.0 803141983854681567 0 0 0.0018670417732137724 0.001741293532824529 669429.6797413337
11 0.0 950578173263854884 0 0 0.0011051314132199974 0.002687363787603158 569668.1817388502
11 0.0 140346400809880871 0 0 0.007916473548710232 0.021124388206929474 20143078.89977798
11 0.0 165650975378424636 0 0 0.006296270211479764 0.023750605247582407 11431842.082963252
11 0.0 565249902830252039 1 3 0.06429461738979124 0.01091604540326519 2303211.3533261856
11 0.0 150618460253758400 0 0 0.0028870709963628926 0.007152980362883547 7152205.167336318
11 0.0 653361267287751643 0 0 0.0031860669396992086 0.0005532994813778786 217418.43897049743
11 0.0 570717944432131674 0 0 0.001164657200419556 0.00034931464486674793 338978.29634159856
11 0.0 124754742662435863 0 0 0.009161888521378855 0.011950848906162244 12062323.786227023
11 0.0 209369607540544135 0 0 0.0007673702905960331 0.0030830984577590328 270812.93070990784
11 0.0 488925345630923578 0 0 0.004341909447670139 0.004508468708587931 5517059.707720179
11 0.0 810177671053764567 1 3 0.00664606801367799 0.003955458855769191 6052834.532415812
11 0.0 904738017195818554 0 0 0.0018317629492043688 0.003981437365855387 132632.5240438411
11 0.0 292839448997027439 1 3 0.060226519575270775 0.06215957323175217 21757399.135532547
11 0.0 775670913296352248 0 0 0.000956490733537551 0.002147889119339785 80768.42864606275
11 0.0 347339837397913472 1 3 0.016420064544833544 0.002432905071986357 6336207.953227751
11 0.0 537089081572550263 1 3 0.00010032529314419124 3.4152729548790555e-06 98175.48347505766
11 0.0 926638936352581409 0 0 0.0019026661605682695 0.0009129456964720772 380997.1272696943
11 0.0 217119694238737978 0 0 0.009892162642613818 0.018494147730941983 4969476.468051413
11 0.0 457807056556689186 0 0 0.0042219289472852205 0.006684139816619224 7778043.143489574
11 0.0 321583941173745047 0 0 0.0008814990060377392 0.003303645103516156 441341.54432873416
11 0.0 271348466108825292 0 0 0.004102834427325601 0.006027440857510546 4645213.813511617
11 0.0 427922796073585113 1 3 0.0042904121175207695 0.001383059492453746 514627.2952006474
11 0.0 262217743184056481 0 0 0.006564836474365239 0.047402041710880624 15255442.292699948
11 0.0 889043622473019942 0 0 0.0021070023094426115 0.005716557895280691 391636.5806206906
11 0.0 353563709606159918 0 0 0.0009155196409314421 0.003899595592902563 1118405.1339655712
11 0.0 153422130652206526 0 0 0.0005911202582198498 0.0012363647768352851 288563.20662903064
11 0.0 499768491517291889 1 3 0.05236849624168034 0.008554352472600921 26199024.42754895
11 0.0 695811684966200012 0 0 0.00324924379390009 0.0100009807753884 1568512.8061851533
11 0.0 141355604242433797 0 0 0.013342191524941564 0.0027357735693264093 633857.6262954795
11 0.0 310691291257282413 0 0 0.007817761475500068 0.004667980148295716 1802430.1282853193
11 0.0 183991650109218322 0 0 0.011575384761974623 0.007438598037797523 36818752.49983236
11 0.0 276037301456481501 0 0 0.009879632386250645 0.023969256633148254 25743938.676863145
11 0.0 507871104942678440 0 0 3.274670022624768e-05 7.136750425626089e-05 9686.500814963107
11 0.0 595860438822711945 1 3 0.01754076889437444 0.0007026797021724521 10408273.857025808
11 0.0 748564014761280119 1 3 0.021207490757117923 0.004836123487730202 4938514.32736763
11 0.0 394694076638730961 0 0 0.0056950045904434555 0.003923453144531562 5846167.7172556445
11 0.0 477643158732678263 0 0 0.00581389374816428 0.0032344112381310097 1235945.4721421646
11 0.0 732817830616434497 0 0 0.005240215265175516 0.004323414539877959 5567644.578801745
11 0.0 694659849450370794 0 0 0.00806201328870955 0.07958651511815536 10857550.785259418
11 0.0 855503284488569186 0 0 0.0040348497561930275 0.00319388183776703 16653095.902602121
11 0.0 248867233255768391 0 0 0.002950192714663083 0.001974369508331814 332266.34400763386
11 0.0 331431128044576736 1 3 0.044933793336223146 0.010244264297018503 5579520.542797304
11 0.0 645826583824405828 0 0 0.0009984831296160274 0.0013005436425716152 1133511.223756653
11 0.0 693977682918448510 1 3 0.03826133357151965 0.001463944890319723 1970507.1467691918
11 0.0 951773216875106292 0 0 0.015761500256225313 0.04946054689250673 12912118.954434177
11 0.0 249347603252496213 0 0 0.0003558607763965908 7.803666311878393e-06 707005.6808506424
11 0.0 197650450898985460 0 0 0.0028468991343887284 0.004908308735310258 27594.703155533447
11 0.0 185972357745290840 0 0 0.0050680726633984775 0.006597957500023199 3015766.933260717
11 0.0 975297167529578478 0 0 0.0023804362864506185 0.0021200181336626395 9637278.975094175
11 0.0 957783834759179434 0 0 0.00026428585821708627 0.0003348962010809785 234848.99041598567
11 0.0 325598657105719206 0 0 0.01481566465479807 0.02870307918179444 14713648.183649648
11 0.0 486769937706780463 0 0 0.00017129825829927074 0.0024547109593661474 291005.6054812046
11 0.0 420233837385232805 0 0 0.003935509437862973 0.0018063246133442467 173755.06502778747
11 0.0 323589374195231897 0 0 0.001675639029055541 0.007020451266672525 3329450.48093599
11 0.0 769404778273265781 0 0 0.0023591031382968392 0.007991179032563587 2625454.911947118
11 0.0 983650918057350371 0 0 0.012475195393249818 0.05891547713600964 14292863.77833107
11 0.0 595207694638336109 1 3 0.12699522356410806 0.02307148985486105 7046871.8773282
11 0.0 135032107720661623 0 0 0.0006643829069885498 0.002607707400336148 929009.2950630578
11 0.0 216378985707656142 0 0 0.0009143315140206505 0.00015905287255734167 168614.0124997601
11 0.0 725872982743304270 0 0 0.0002635669981339776 0.0003630218780659249 59232.730907524456
11 0.0 292782678657446313 0 0 0.0029670298965293173 0.0020820775444555773 2285606.521598457
11 0.0 673431387514724641 0 0 0.0034124134401038574 0.011381336515222554 825806.6963106197
11 0.0 460358479238105729 0 0 0.005067229872563599 0.00915885478097572 970159.3308454005
11 0.0 641472795563655219 0 0 0.009965050271622932 0.0036266448561608554 175139.28627351538
11 0.0 748030316320850135 0 0 0.006729670298378354 0.004163120465111711 563769.5525471005
11 0.0 320851768108446099 0 0 0.006316899364098505 0.025070075400626307 2870366.7779742917
11 0.0 335628114645374813 1 3 0.027278397361120105 0.003008473597205914 834715.2492315092
11 0.0 289717595718219020 0 0 0.004567393448687681 0.013310335076876123 8257485.567406679
11 0.0 667428464884712058 0 0 0.006918960865711658 0.001819921935768102 1670054.107819936
11 0.0 535403877188489997 0 0 0.0061805668719587285 0.005495582211175031 4701092.479166369
11 0.0 720526456802496455 0 0 0.003487402214048392 0.005974840502064074 3395874.096114161
11 0.0 890743376310657007 0 0 0.0003410150570463002 0.00012458802729034513 408975.7281749823
11 0.0 180026477690953115 0 0 0.02071510987117312 0.07743451579568099 14485833.081884312
11 0.0 913655361553458880 0 0 0.01609103839442871 0.009786791968779074 16192808.06506212
11 0.0 669992375886597571 0 0 0.0005658291959536538 0.0010669467068028066 326192.58460674266
11 0.0 333464957105671132 0 0 0.00564858868836055 0.007858520275231207 2512186.1402898557
11 0.0 820883014163533200 0 0 0.003975906275075321 0.0063515896995887874 381405.6541418278
11 0.0 536690054043198475 0 0 0.008123744061174724 0.01078590525844726 19348869.042854976
11 0.0 380886955197338542 0 0 0.004930015766797047 0.011161121359672236 49879.36110725783
11 0.0 658842442490474886 0 0 0.009445917470471304 0.019527899107265538 2052061.5137576715
11 0.0 831717706387413854 0 0 0.007406694739094361 0.004813837312527357 6472254.635213559
11 0.0 540898576387017055 1 3 0.21445688373694144 0.16631968670881675 72077274.89687131
11 0.0 967861864286009294 0 0 0.0021157639247658673 0.010746938708627755 5657.126698026776
11 0.0 974453386062223671 0 0 0.009779717535502976 0.003756890309230267 9192345.163717339
11 0.0 279918063093186309 0 0 0.013584210900300547 0.003222995571224109 24770793.468054555
11 0.0 819101328937756717 0 0 0.005244949614548808 0.009862293820231977 5533404.728749022
11 0.0 137773091455344627 0 0 0.0009528820903235431 0.000255086444152761 1512653.2836117418
11 0.0 283743649540270788 0 0 0.00023550655133360346 0.0006921828907647494 195803.10232929295
11 0.0 691735947594398608 0 0 0.0031371013967669424 0.0006140296286365299 4519835.899957848
11 0.0 661858572243157258 0 0 0.0019944982850028025 0.005870279103196948 1141250.6144035526
11 0.0 265101316883091921 0 0 0.008539704710093713 0.0039562033255201735 39523943.97152791
11 0.0 226633330317216874 1 3 0.016265053709488185 0.008353753168374757 4642176.282338408
11 0.0 335498511815669026 0 0 0.0003106706068089596 9.01591554137762e-05 621397.4397239934
11 0.0 454794575869711606 0 0 0.0019482022492704571 0.0030338031658879907 703175.7604816294
11 0.0 249714307977815005 1 3 0.03909175431927711 0.00962907512452188 844911.3124442493
11 0.0 873298191738942308 0 0 0.00023121171544047197 0.00033861576271886784 951048.7058146762
11 0.0 740765553405769858 0 0 0.005226693814933358 0.011973839557076723 1768095.6464156916
11 0.0 805141280864728823 0 0 0.005410491404927394 0.004743383334830331 13208593.116531353
11 0.0 661972803545921556 0 0 0.010233111590908672 0.005233274910401698 4631110.271094218
11 0.0 775366140759207922 0 0 0.004146364777621465 0.015285922129143717 248133.72844826948
11 0.0 113935299520775684 0 0 0.009515227889378202 0.03813575487500267 27738407.044137727
11 0.0 135017027387911474 1 3 0.0054806455018319745 0.00233640282341272 2235889.9708886803
11 0.0 285060519554497775 0 0 0.003800566149411182 0.0019688865626887775 1618349.5699300023
11 0.0 456845403618429114 0 0 0.0005106349742681722 0.0001481284573415603 237763.96626556647
11 0.0 571454469344986511 0 0 7.092007635849142e-05 0.0002090157080467727 219204.16907096672
11 0.0 318949041505103306 0 0 0.008307998261058875 0.0396040527422291 7819154.659373701
11 0.0 258464331471726260 0 0 0.010950804605731777 0.024487474758968144 16488121.951765992
11 0.0 535262021661834130 0 0 0.02818101119032741 0.06471283074450303 5787637.45284434
11 0.0 560181568159073308 0 0 0.0066356374436485075 0.004098179447419204 4559655.032401996
11 0.0 607025822587742502 1 3 0.011700622098180773 0.0010526310806103305 2096420.8278198007
11 0.0 695615393090212136 0 0 0.00046903330700046866 0.0006909690525168095 564077.5942457885
11 0.0 281705366749830505 0 0 0.006234888159119834 0.013253136347525667 4587993.116808391
11 0.0 217727304395394847 1 3 0.0999850652668957 0.06428787065377999 6391844.959214737
11 0.0 857803304239007143 0 0 2.918273522018803e-06 4.0581538962648545e-06 487.08165297047424
11 0.0 364902461586556826 0 0 0.00792016470290685 0.00042051960291333027 13371171.505246785
11 0.0 722388062640440156 0 0 0.0001827885320311465 9.322208014722219e-05 528342.8454498382
11 0.0 420044854463798856 1 3 0.014657230041694877 0.0032382656108073233 4158390.7830494577
11 0.0 281582716051856612 1 3 0.0656695615122024 0.02012493177999999 2067334.9272798619
11 0.0 159054785000625084 1 3 0.011896506435874317 0.008520281791280568 1284099.9990751164
11 0.0 731327819993669572 0 0 0.0022213744526306135 0.0022053615355481088 7965465.824302426
11 0.0 680977357066028348 1 3 0.04423290532841688 0.010309555140245712 4479208.515979138
11 0.0 147724134968244367 1 3 0.028011129932311814 0.0014314263959324535 1591026.7995361572
11 0.0 310881400278819167 0 0 0.002825401710837567 0.0004344985264221314 6121200.889442192
11 0.0 607983029840915935 0 0 0.007557635648765268 0.018795327868460766 11917020.354107847
11 0.0 216476779664656249 0 0 0.004396438596114446 0.0032488635663100052 770826.7447954221
11 0.0 193479943824166713 0 0 0.010137722268959844 0.05291711123556726 25202812.651416592
11 0.0 684858920567784120 0 0 0.006825020092889271 0.023780417149371673 5252155.217351326
11 0.0 649306042139661002 0 0 0.0006647313022854647 0.0012114934288974392 692292.973389148
11 0.0 867485511160584416 1 3 0.005085389361114906 0.0017926792305583803 371898.8634706086
11 0.0 166528126408683571 0 0 0.009983197673059418 0.04995447640449296 76602485.56428804
11 0.0 597143353944611800 0 0 0.010107005143601659 0.0038671377694028705 22682122.65944493
11 0.0 367659105814658023 0 0 0.017420073664276173 0.026181772996632553 719478.0125817738
11 0.0 591255597125025756 0 0 0.01684738723075432 0.0261247213560417 22010726.488258496
11 0.0 646587384832688868 0 0 0.0033561599243210594 0.00644126207781487 4697986.661658704
11 0.0 382512062686482266 0 0 0.012699260516259723 0.005415571014584645 8308337.918559958
11 0.0 487665188407527483 0 0 0.0018256338838776867 0.0004201644093827689 427846.05947929516
11 0.0 422725526520030894 0 0 0.000351147440298277 0.00014286670707540217 348916.95464948216
11 0.0 279551516991736950 0 0 0.0010694424025319634 0.0003366701339617229 1445926.8499416208
11 0.0 805065846249242943 0 0 0.0024413101085495694 0.0030119860445848253 98197.48755998997
11 0.0 240614834630324015 0 0 0.009689085339430224 0.017170072762759947 54821459.04008538
11 0.0 288313499525716437 0 0 0.0028605340180081233 0.0019224951428330698 560829.522566486
11 0.0 164345061272069920 0 0 0.0017340423453571965 0.005980677371412862 2020351.0777803524
11 0.0 720406316991382015 1 3 0.013890083402290435 0.012741952471960324 2424172.473505565
11 0.0 383618643233940584 0 0 0.0010299406112223956 0.01198473043260284 659489.8205076411
11 0.0 642131350162940916 0 0 0.0018763801057883674 0.0009620948176693395 499244.04319597676
11 0.0 508633515652128928 0 0 0.004348889183716345 0.007134803927434147 4226106.587895188
11 0.0 880530472455588724 0 0 0.0056204601740785405 0.025973058726177178 13752036.482972024
11 0.0 894624969021940374 0 0 0.02627328178983527 0.05752269125691666 71253987.86458279
11 0.0 607355396243740841 0 0 0.006975718173977769 0.00459426601605452 864468.5185893346
11 0.0 666145441639635825 0 0 0.0050109498198819 0.004672292777862285 6768241.21966671
11 0.0 537984926887927713 1 3 0.013248083944024939 0.010853217508988888 64531.342944073374
11 0.0 557133493044590576 0 0 0.0014177718628248165 2.5027149843576396e-05 1204573.239543231
11 0.0 621277462464981368 0 0 0.0034809701982570747 0.006442958203178119 3733128.5135015603
11 0.0 973574656342327757 0 0 0.008472612463901958 0.03197499476365968 8893589.251024036
11 0.0 245884871523407180 0 0 0.0020800977966443715 0.009191475729389473 3741788.3512657103
11 0.0 725919327630852455 0 0 0.01814903584962735 0.0073705133870378345 6478653.51128439
11 0.0 663100556347425868 0 0 0.005635241366160723 0.017923818347887262 4116367.6816558265
11 0.0 790206369545635424 0 0 0.012236400226580306 0.05904091809345637 184.65169622229013
11 0.0 554869304235012637 0 0 0.0072961733368485625 0.03907718523011468 559014.4441875414
11 0.0 375163080750252497 0 0 0.002667182972156639 0.0028121747140288427 7685657.327546291
11 0.0 760712835644938587 0 0 0.0019743488054385886 0.0009959012846714888 527590.0152497934
11 0.0 486787499620419817 0 0 0.004806445850706341 0.004052538173624036 9305622.142453918
11 0.0 509349476015052262 0 0 0.0005684239028782383 0.0009941838505771162 97215.95797592936
11 0.0 489478237770316371 0 0 0.0005603846200806222 0.0007030048547276125 535264.9569421303
11 0.0 943539581431928938 0 0 0.0001810569619842991 0.00018359363299906597 505106.48319662065
11 0.0 794813577098993537 1 3 0.016852962271972208 0.0002317339350562174 790878.5532931617
11 0.0 263894783212058366 1 3 0.034096915382597306 0.009956023661850357 18023865.4300596
11 0.0 552422489398877016 0 0 0.005639883784077058 0.016864563839400593 632908.4946741189
11 0.0 216636511072345558 1 3 0.0011526923636179845 0.0009309356934038427 1108934.1243881315
11 0.0 411610109941051143 0 0 0.008734142782154548 0.0083098178988013 2103886.9122659545
11 0.0 971703186447611255 0 0 0.0013775641529695558 0.0027623812887707317 148.27174657616933
11 0.0 765621955844746691 1 3 0.020406704729720528 0.01904045782823994 1924499.475701394
11 0.0 691613418697704971 0 0 0.0011064289004958196 0.0004691226708352619 959032.4039869476
11 0.0 232407688520038300 1 3 0.20481560024090087 0.2479476409944393 13506839.577122822
11 0.0 234599087079320648 0 0 0.002042340931553145 0.005774852260368923 6017044.352532769
11 0.0 654965350657872261 0 0 0.0012326853154265916 0.0014803610104008103 780001.7331016321
11 0.0 807791793752844559 0 0 0.004672757652419209 0.020323698287266233 78984.57553645638
11 0.0 886064694483638224 0 0 0.009110331335818116 0.00016754047133995726 6469157.611339436
11 0.0 568071412972514219 0 0 0.022778208227984438 0.06618264916601226 2933710.8156573186
11 0.0 857243187271544712 1 3 0.023801552901519814 0.017661387006873995 5660293.066063783
11 0.0 860948739331114042 0 0 0.001832227293492487 0.011272970823960778 658734.2220228192
11 0.0 284663553811517182 0 0 0.00026285568165983734 0.00040810468629000584 5353.490967136596
11 0.0 318021775575508895 0 0 0.002513538695901061 0.0077146467819039465 715556.688805939
11 0.0 995486919537814707 0 0 0.00032376578795552396 0.0011602567251910853 373922.3884769739
11 0.0 998251836831321248 1 3 0.1046597610459274 0.004797673167662642 35946489.641118556
11 0.0 522775111142024066 0 0 0.000656825667017851 0.00045434587820590236 311441.1752365034
11 0.0 194403927921412789 0 0 0.0012476125647257932 0.0018915484452286377 92361.24245721019
11 0.0 594471266268611970 0 0 0.0026105397237609707 0.004325487283021299 2539947.062369379
11 0.0 135938000667113532 0 0 0.007322903629291229 0.01019116027759975 15723398.937856836
11 0.0 960047161782923108 0 0 0.009200711016755235 0.03592837360360093 175445.4026032519
11 0.0 965606382788693356 0 0 0.0008307140385136919 0.0024193921306457553 200802.88620506861
11 0.0 805688522021058789 0 0 0.0028400464532068108 0.002896571000008269 2262118.402936699
11 0.0 561556476092786554 0 0 0.0012439730534387309 0.0006326387393455732 2578215.472746196
11 0.0 307056544789507152 0 0 0.001352209067931328 0.0011706300287359732 414629.6654913222
11 0.0 191001234990305863 0 0 0.001414909883731006 0.0034266880813861966 41662.270969951445
11 0.0 561881267139191691 0 0 0.0004652793344933831 0.001466530480977318 201498.65769517576
11 0.0 771034117253741455 0 0 0.0007587159379358338 0.0034759640737302084 2936529.0770419254
11 0.0 245776779187874865 0 0 0.0010199567550550307 0.000715948823806452 167482.50581492428
11 0.0 639355625278666025 1 3 0.0018767607591307928 0.00025924358835054226 91834.04078428456
11 0.0 104683010535885076 0 0 0.004017919455603627 0.009285025454440033 8682487.957960669
11 0.0 501101237978839962 1 3 0.0032408088936694917 0.0033286194015345774 1286257.6229646427
11 0.0 478922702659643482 0 0 0.0039111081626830475 0.00039475411529288964 4474052.671717566
11 0.0 747556862422157590 1 3 0.03927541830590549 0.030604268367626065 16756512.230308155
11 0.0 551345544862821409 0 0 0.0019827294540876133 5.0600039459794586e-05 86850.73212788792
11 0.0 138669435850904636 0 0 0.017515890197285725 0.010148585335499706 27348610.074462134
11 0.0 107111780225125612 0 0 0.00017937058354732042 0.00019925685856391495 102836.69586523899
11 0.0 601272998673404077 1 3 0.0433834202508225 0.06293991849394825 19391257.16386297
11 0.0 103317590672632419 0 0 0.005592594410686688 0.0028223188636190676 16538861.206724042
11 0.0 821685375844067445 0 0 0.008300019862866617 0.007315612905849874 49469965.35939792
11 0.0 787724039055231485 0 0 0.002713742938753523 0.00488585052860946 9000894.807838619
11 0.0 800041760749562849 1 3 0.06770798104504741 0.07928275837934316 18329616.80059123
11 0.0 387538756263906545 0 0 0.004391906884543252 0.007176368644760034 10643605.244816901
11 0.0 760377051786709716 0 0 0.0035394718084968855 0.006099889443811344 3406096.44184467
11 0.0 694150065881527906 1 3 0.04079400575459197 0.018885164507664583 15145137.275098545
11 0.0 258785702020481460 0 0 0.0014435835964930624 0.002324563253296377 676098.9404698663
11 0.0 486237616986226715 0 0 0.001416424641517993 0.00014756436763751604 70178.41272121314
11 0.0 440040798400047988 0 0 0.0016756018322494873 0.0018761900499925802 3487449.2778869355
11 0.0 803297962090548438 0 0 0.01382567044072555 0.005606632645041408 29680814.97799816
11 0.0 280275280538778578 0 0 0.00839229353618202 0.020527760609481173 86372173.10412034
11 0.0 170201602034877128 0 0 0.003488929033919849 0.010304483250614413 1694068.1350321968
11 0.0 826461332147556193 0 0 0.0024656225151264504 0.03162201682089329 216204.87736698968
11 0.0 930811865415448141 1 3 0.09435475486059805 0.028868100758473212 20395079.26943145
11 0.0 455921579473127264 1 3 0.017625033907685363 0.00042009033013232634 21624402.7732133
11 0.0 865819180214646474 0 0 0.0008396204379116863 0.003143887270816185 342027.4836129404
11 0.0 217820035553898809 0 0 0.0015447688080351763 0.0019455352828082794 240578.56385915185
11 0.0 616742128373943260 0 0 0.0026464958671841956 0.00317354115830952 1881391.9840915245
11 0.0 712372835263300586 0 0 0.0017880110905061028 0.008739709020463084 1244407.3536261139
11 0.0 460065511543040966 0 0 0.0009875165435803816 0.0035530247034820817 503771.93001940957
11 0.0 654825630698520467 0 0 0.002107061280663454 0.005517622563990417 689954.8195153709
11 0.0 333931686746037139 0 0 0.0036311054150270626 0.011265921138792248 7955448.224155775
11 0.0 144419652260789285 0 0 0.005615645672280314 0.019227334829607236 352272.3894642197
11 0.0 878689793784072505 0 0 0.010291356394368917 0.001348165764792195 9837185.082028605
11 0.0 564020106623004372 0 0 0.0013544227999910017 0.004238923483629833 60969.50526925866
11 0.0 204235919947327541 0 0 0.0021893950139136088 0.0004469922215573205 121838.13852937319
11 0.0 189613108897472152 0 0 0.0077225449431362805 0.006273412417064024 10689105.18101453
11 0.0 307383331968983094 0 0 0.006323540561439353 0.011200711736289408 2058677.315740491
11 0.0 242563570744472860 0 0 0.0014873833478995374 0.004365721656802772 100100.31369350886
11 0.0 246478763209760632 0 0 0.00534649320672311 0.0033307002728385528 3458085.9689240037
11 0.0 324570414517584170 1 3 0.06257795696563291 0.008064183127790933 43793423.57836884
11 0.0 278329552690015043 0 0 0.002928896806628889 0.004508357936545722 401977.9378272083
11 0.0 477749939549153023 0 0 0.0030607715952318437 0.0027170887864702855 3466698.534956103
11 0.0 172412353437067656 0 0 0.0007538419601070089 0.0005034126846469505 194747.532011614
11 0.0 713424122272200734 0 0 0.00474345023384727 0.0186645626723686 2476820.2789561157
11 0.0 937212459698124769 0 0 0.009785523244877317 0.018456068573114496 8224125.089721149
11 0.0 661088586938310103 0 0 0.004354981663680946 0.001085141975676209 3831771.342625963
11 0.0 879916231491690973 0 0 0.006876511664104235 0.007533805858900688 17923388.312186893
11 0.0 440181494370812609 1 3 0.08125610923692517 0.061344532845141964 31434327.11010638
11 0.0 272942960610251716 1 3 0.10269940495617849 0.2662124615714776 55203912.560641475
11 0.0 482897997192333190 0 0 0.006619115517187031 0.00889525009307836 29946578.124904357
11 0.0 292467321069176065 0 0 0.0030342947920319703 0.009991632565236691 3320204.1576032694
11 0.0 391603382982761605 1 3 0.040207269067333476 0.008922251227519778 2130433.3385970485
11 0.0 700703656898731967 1 3 0.002837584212519075 0.0029215695314884515 500576.3672594454
11 0.0 864019904855807902 0 0 0.0018784643770937007 0.0047194989515362456 10203656.420530329
11 0.0 890986088837781105 0 0 0.006957587550025326 0.011070850550088968 3889077.565630263
11 0.0 288060892305737129 1 3 0.029336280365768373 0.0008414682044214067 263643.85233576916
11 0.0 511374761982152015 0 0 0.005522093059953349 0.015081661544232223 91465.07969714151
11 0.0 267950119541048692 0 0 0.006381718452577409 0.018399220538775025 822023.2871169691
11 0.0 913904964554284024 0 0 0.0004630964796319878 0.0017057694150282255 168909.7532612845
11 0.0 832614005412314167 1 3 0.01872773291278886 0.0022360554521665696 4015036.2772332313
11 0.0 591313088783705135 0 0 0.005078625356402295 0.060527031095110886 4696829.514907104
11 0.0 909871457973079506 0 0 0.00866061587256715 0.019071542885065903 31214359.562784996
11 0.0 492894847678749598 0 0 0.01012899436964729 0.007807145967456264 8957591.033420198
11 0.0 866372052585507140 0 0 0.003925315967550892 0.028287368804482235 5295049.675825055
11 0.0 339935991301485943 1 3 0.012387134700059968 0.0020709607980075235 196079.48454878875
11 0.0 446690035916521529 1 3 0.050419231233347274 0.04359654320369121 1302548.070102483
11 0.0 702873511552861533 0 0 0.0065752310284238405 0.011388220947072512 16960.814602064893
11 0.0 770399020048086431 0 0 0.008388613157251042 0.0020538300732230942 2762724.448272655
11 0.0 364603004152033887 0 0 0.0013179482044855966 0.0036383015192311486 704694.9664217304
11 0.0 355997433823992851 1 3 0.02998854276341703 0.0046817471995891195 4737647.005851545
11 0.0 510253554041384296 0 0 0.006927621757807986 0.005082952427910725 832541.8183359267
11 0.0 809255933159179814 0 0 0.008538520107350843 0.06983713071342353 4225212.74776973
11 0.0 762164181082437581 0 0 0.008302270200146691 0.001455306494311142 16448891.210857397
11 0.0 524139924342540236 1 3 0.059376777935839585 0.02614778256292934 17582219.007548083
11 0.0 395868112887688279 0 0 0.01268420711653798 0.03861269645668558 5736701.533549802
11 0.0 224984445877572293 1 3 0.19955083849031963 0.033909147158862965 51108659.337069176
11 0.0 766642890953722896 0 0 0.0003876339529833119 0.0031156203622615436 71215.4827680823
11 0.0 915290585231824027 0 0 0.0029492935404860144 0.004194812619864413 3449110.0606860607
11 0.0 544399658949477607 0 0 0.0004993652280387709 0.001118071402703456 70332.78382872642
11 0.0 781505314841398536 0 0 0.0023005618717648092 0.001879405865922759 3565238.30936302
11 0.0 946473306034987207 0 0 9.549544845737306e-05 0.00035351881525141763 108518.7192964311
11 0.0 103639176205015011 1 3 0.17105164485161736 0.2694449126360609 16833953.095262926
11 0.0 298818477624373379 0 0 0.0006308565639698948 0.0034677884454426505 854882.8584564244
11 0.0 991203514920359150 0 0 0.011519732560231408 0.13378050909801423 4344182.083031296
11 0.0 360853855952299374 0 0 0.0017842765066014004 0.010368491689026843 3721056.505990347
11 0.0 430891462257353730 0 0 0.004056540426350319 0.006065647652606186 15454751.181910284
11 0.0 906625893801161709 0 0 0.019521153818519772 0.014193570193341748 11261965.367907312
11 0.0 224199067653055849 0 0 0.005908609708754611 0.005457419917129785 1520995.7207359106
11 0.0 432969945879905700 0 0 0.01183340340737754 0.012766705176451723 24340446.65299383
11 0.0 979892566533442146 0 0 0.00707572660862489 0.018031819162213955 17447578.297246154
11 0.0 278385906637291481 0 0 0.013526419327543277 0.02169206073670881 12091291.335860405
11 0.0 830688102058155161 0 0 0.005517457494204229 0.016363429496216747 8331128.609144249
11 0.0 947362170605801709 0 0 0.0016121350986832673 0.0009284230288857857 3688.6295813357715
11 0.0 704485716423399904 0 0 0.007696526041553765 0.0031817637325901975 4080212.0174400867
11 0.0 108603130977589377 0 0 0.014124940187965111 0.03785594814386688 16893184.118085146
11 0.0 857052543539079199 0 0 0.005156796263841328 0.009630526851719497 9465548.623420369
11 0.0 770567704666218373 1 3 0.002693810310852254 0.00015265455540833676 840587.7714751074
11 0.0 352037928433291242 0 0 0.003313074299286638 0.0005848893659137504 80953.17235349074
11 0.0 875383166236892057 0 0 0.0017270832551482334 0.004378043139023662 2293086.586203616
11 0.0 165887433346491954 1 3 0.07948256341697275 0.02849801647510142 4674185.443574484
11 0.0 402969548953501919 0 0 0.0037490319323028177 0.004427257007440867 3245832.81736999
11 0.0 355645218619468798 0 0 0.005296440734777934 0.031013907489839468 1689726.0802587247
11 0.0 819041634594973051 1 3 0.07686736537101746 0.034334188206112094 33213660.430113472
11 0.0 966356809711984243 1 3 0.059536084636962715 0.06920181245948849 17766720.957692116
11 0.0 490970576615654029 0 0 0.0011228917007774233 0.0005902341448392981 898235.5347909834
11 0.0 146654631283627509 1 3 0.020814998434583582 0.0028642522788001577 7998091.468839031
11 0.0 760085857469598691 0 0 0.006899704624720779 0.0009278483361762754 14207748.633469103
11 0.0 315340510711382294 0 0 0.0007980541896420556 0.002199102738876402 933849.5162504698
11 0.0 206674291317934714 0 0 0.0010579494880705307 0.004741998493176715 830153.3812616136
11 0.0 253108147911009343 1 3 0.07157076828049125 0.03276664857026723 12016864.406043181
11 0.0 281923583820304047 0 0 0.001116706260272287 0.003481039079519792 113471.31608505259
11 0.0 854566209964204236 0 0 0.005993297368620285 0.013061405876500266 6910049.877776885
11 0.0 257649620459382713 0 0 0.006195673114519256 0.04701878074461206 12546975.13840339
11 0.0 917093726760492820 0 0 0.007156031354840185 0.008435149294126825 3285537.6792795686
11 0.0 672344410556886390 0 0 0.0017688753585028043 0.0007090841549626771 1138823.0724959655
11 0.0 639422189058748451 0 0 0.0018260246131203191 0.004842793604815231 2317938.8170182374
11 0.0 919766932703851775 0 0 0.008943229757960231 0.043548206635820805 12966347.030676503
11 0.0 624610793366648082 1 3 0.03339790132195985 0.003180581362597338 3808082.474934178
11 0.0 473076752408278857 1 3 0.0668529165926258 0.03054166606901135 12890479.147945518
11 0.0 418529120831116791 0 0 0.006808111529006905 0.0008899302230963055 3441269.094635384
11 0.0 201734190591444169 1 3 0.004590173233814583 0.0002559670530937695 1711107.9203714416
11 0.0 909321373407867706 0 0 0.002341900354669531 0.004780578272714361 9079603.950675596
11 0.0 922616659383086872 0 0 0.005402152368358837 0.002158117937709548 3938985.4791016355
11 0.0 994757142533185274 1 3 0.02226025900212703 0.006840950628249351 560319.3920498311
11 0.0 832216572428734420 0 0 0.018702587999689844 0.04775501564268326 22732512.17431077
11 0.0 878698117171390034 0 0 0.0007681977569671594 0.0007919949014889463 3280179.144768664
11 0.0 567165506718588957 0 0 1.4997910731413276e-06 3.465211601932881e-06 1895.8007612325684
11 0.0 472655912947347435 0 0 0.014363124597188031 0.0027545655144856685 20808489.939295758
11 0.0 678053915589714870 0 0 0.0036072425939884245 0.0015884542395783064 1146481.509219382
11 0.0 856933756877180225 0 0 0.006816207874417248 0.023697132830643307 20865300.948855836
11 0.0 869691444911062108 1 3 0.08115171777490755 0.009853692319752912 5791507.866336262
11 0.0 531722162709745830 0 0 0.004374631648324308 0.0013224111537851692 170468.69744580955
11 0.0 100551186632766694 0 0 0.0026484005727699044 0.002760685328534813 1384667.713633285
11 0.0 895045516798742724 1 3 0.03441682987713762 0.019856695616012415 424863.6533866696
11 0.0 741690674961147693 0 0 0.005227622171094871 0.013658164405587297 1392784.3997611322
11 0.0 553329172610430939 0 0 0.0006482143748308618 0.0018374647292215033 9841.271988260783
11 0.0 812303741453083402 1 3 0.04353521121257455 0.027969203332615183 24558749.11902433
11 0.0 207060018564257056 0 0 0.0015317894520505979 0.0005517121558613546 2528192.9581728512
11 0.0 747044790137889803 0 0 0.0006142191943240763 0.0008117435706026685 508627.6066319795
11 0.0 755270453621261196 0 0 0.0014412982482077813 0.005183331631219804 1744966.0651835636
11 0.0 449690500993942183 1 3 0.10626873214934382 0.04357050927145868 5632693.816253023
11 0.0 479166925627786894 0 0 0.0016505932257419177 0.0014017366796026114 4664180.009594597
11 0.0 994626589485866741 1 3 0.0679541578056985 0.044411407329878416 213351.07991729517
11 0.0 887781755193025406 0 0 0.0025414558267743115 0.0014325993130460013 604607.064096486
11 0.0 284916729218192911 0 0 0.0033859666390698177 0.023263642926961352 5413218.118379583
11 0.0 154220229436082370 0 0 0.0031332578849388487 0.0069601258023073605 320187.722438453
11 0.0 818872203423066788 0 0 0.003964368168023312 0.005721640293196513 1098163.044556774
11 0.0 672362464315619320 0 0 0.01300788659552399 0.007882578213386967 12767852.714327706
11 0.0 686393930474733710 1 3 0.053792572797548434 0.003938600577533987 43461296.06060593
11 0.0 888196334584682392 0 0 0.0058020916962378535 0.0038745207623108336 19381209.652798157
11 0.0 689671722850181405 0 0 0.005170964469859152 0.0011211800385024667 851340.8853559764
11 0.0 117470629580161465 0 0 0.01067780548204853 0.039803784334959555 22590352.019644342
11 0.0 268793502140872673 0 0 0.002081628761129148 0.009358368560427424 2508002.675742501
11 0.0 324987757113470754 0 0 0.00045184913188355436 0.0004945732069075333 431061.2663343961
11 0.0 905799273504148586 0 0 0.000887751467876331 0.0001671167870925532 688102.8256325879
11 0.0 248010281304440523 0 0 0.000582020760180992 8.312426627262111e-05 284439.5045143959
11 0.0 364862780221235800 1 3 0.06655268278884724 0.003236499084409321 75619070.75297314
11 0.0 177019184212660651 0 0 0.0066788335642320095 6.647549506884198e-05 264824.32165845786
11 0.0 536710702351394198 0 0 0.00905323880530991 0.012356586792421326 1931086.2181706857
11 0.0 528274283423214440 1 3 0.01909234854145046 0.0030068859289956625 2255587.8166201594
11 0.0 919406197478832970 0 0 0.012845073933308306 0.014413803820057613 8098948.972321849
11 0.0 108425243005594776 0 0 0.003950437491256098 0.0002405395044608403 981578.6589798355
11 0.0 474785880949585701 1 3 0.017118537153410635 0.0005639567100371346 1119436.9083747326
11 0.0 333738164923155258 0 0 0.005265502811563788 0.0053031225689665435 18907499.84672478
11 0.0 107262670281267732 0 0 0.0010526466928713382 0.0008416194353302891 2349483.71415121
11 0.0 684862035144661848 0 0 0.004434925219174715 0.01245434324779079 300952.500286773
11 0.0 369747501021174563 0 0 0.004035853272446905 0.011161591041113757 6105190.928888566
11 0.0 692113143004859656 1 3 0.15078420585366617 0.027143233688986544 35465838.012512125
11 0.0 371134182719005641 0 0 0.0032776392827799663 0.00020822926330207954 913878.8816766937
11 0.0 251438142386110630 1 3 0.0010330303482751452 0.0016015280244471024 146198.86633368485
11 0.0 183008520844776755 0 0 0.0025692363313866897 0.0038293734202158335 2742482.9385970114
11 0.0 767847757537953999 0 0 0.006997694108826034 0.07260314160456857 4773.880748221574
11 0.0 592938156600935153 0 0 0.0015472542481512164 0.0005467574562374275 1766718.0277473303
11 0.0 873638355998494535 0 0 0.003614884577057218 0.006773554676073263 3977617.2023738855
11 0.0 303606519398792342 0 0 0.0007206976934262893 0.0019118925985548748 376851.4318105553
11 0.0 651333518148968570 0 0 0.0021110153041340824 0.0004225050034169123 1157091.4590753696
11 0.0 806200783057598232 1 3 0.012337519647522941 0.0019086090551406686 4467458.516455279
11 0.0 752538626476772665 0 0 0.003812037741615274 0.009257481981330655 1707996.95981309
11 0.0 328788644936959154 0 0 0.003536550320617792 0.0004218891694396627 11960927.287252964
11 0.0 592482687446722125 0 0 0.002953964834648133 2.0927643683836875e-05 2481480.3430195353
11 0.0 720244392900661071 1 3 0.022472503651743927 0.0004608560031127404 4899038.654631985
11 0.0 659709357565616111 1 3 0.057837190100459956 0.01695821930665623 7339562.03106363
11 0.0 217674037346767927 1 3 0.013085216458440015 0.0035695169607415983 2320452.1751504755
11 0.0 250229167424373471 0 0 0.0022569443941537746 0.0005844456804321385 3842707.407876118
11 0.0 476978056380788543 0 0 0.0002695964511063549 8.031305074523725e-05 96047.97705575521
11 0.0 521544866822454310 0 0 0.0029187111139184737 0.005954009296338968 457932.64744025824
11 0.0 669470678362693997 0 0 0.003703833228245753 0.008116036552103655 8027089.562111426
11 0.0 239794565574090117 0 0 0.0006641339171800405 0.0003910913513978239 686613.6795072051
11 0.0 705980098431735517 0 0 0.003658640568743292 0.0018044011241114802 2142277.254947328
11 0.0 740437373170436785 1 3 0.16175141301446894 0.03482419164186252 6943432.742949631
11 0.0 200802222308520484 0 0 0.010388834236052562 0.0027239783751393555 23302177.857917786
11 0.0 655189528809929395 0 0 0.0026347300579552535 0.01053575049452113 638818.9291861727
11 0.0 754427847607505986 0 0 0.011467562804271586 0.06021728576662744 20062086.816401385
11 0.0 512778636251211720 1 3 0.029133340299322758 0.0011816435710099323 11144061.621255444
11 0.0 602041460483422203 0 0 0.009905977391362938 0.007516789492539767 47972263.47626871
11 0.0 240619808292271041 0 0 0.00822191504814024 0.012286502963859318 15037877.597411728
11 0.0 288970905083038848 0 0 0.00031185434465781246 0.00012183887698813025 223159.2313007422
11 0.0 977722973470910843 0 0 0.009215343877399975 0.005611115766573122 5354316.294348233
11 0.0 113772996688211958 0 0 0.007290299971313062 0.04954492706130002 5496051.245842067
11 0.0 703289649047997452 0 0 0.0074128720601538646 0.003656552175426196 10568454.838550946
11 0.0 654566123799388247 0 0 0.0012859238118988043 0.0018720307325517044 1287805.4020363318
11 0.0 169344595393825650 1 3 0.010935161565341673 0.004553762776071026 5562217.181762778
11 0.0 544969822963268962 0 0 0.004163629885718621 0.0013160506547918224 181901.95951186446
11 0.0 784418351630727684 0 0 0.000666485705536697 0.00044196008330313954 483140.77922177926
11 0.0 804358826798467692 0 0 0.0015739348535804515 0.003041164786661926 516081.99206611793
11 0.0 332160667881637448 0 0 0.0031695200718135975 3.134917935262357e-05 6585746.935937815
11 0.0 507024502468635199 1 3 0.02288246020888917 0.02019374329719877 3893217.6049554325
11 0.0 828903893102170324 0 0 0.01668420746645321 0.03898469698432628 4538306.439721185
11 0.0 524537440205025855 0 0 0.005036167533098855 0.005379653405620857 18641356.805892073
11 0.0 226154189454114330 0 0 0.0036160224095162802 0.010728748386315249 3370634.145224802
11 0.0 886191839640375798 1 3 0.19538375217050138 0.17695627556461863 24505572.753658254
11 0.0 930142726631616681 0 0 0.0011202447664376552 0.0043825978131796185 530199.8564066727
11 0.0 342407718294445864 0 0 0.00989867556175975 0.005522391055443899 11827813.457197627
11 0.0 427394421085504447 1 3 0.03346647738332673 0.0731483791454039 3587419.8785619126
11 0.0 509737515380579778 0 0 0.008728249810906134 0.02262266482268985 3795255.0442748717
11 0.0 295635596213775250 1 3 0.06645890723205765 0.07589448776515909 17861103.674699046
11 0.0 609499142901765894 0 0 0.000871597544982413 0.0023659958397091643 394746.9368488974
11 0.0 584009706253606738 0 0 0.004338386972394208 0.009550905447363266 47344.57418519274
11 0.0 469412067032906714 0 0 0.0033517358589938923 0.014215068639627633 5175965.737595843
11 0.0 335161146757680088 0 0 0.0053034274599253195 0.042051278732693494 3644070.219163284
11 0.0 270292427308010747 0 0 0.031485558559946634 0.17291046325996395 5193850.281364684
11 0.0 426246725228552324 0 0 0.0007133551072429292 0.0005708876183970743 24056.38363512709
11 0.0 442231985629873200 0 0 0.003568794724751229 0.0014298355244544796 1040738.8070618503
11 0.0 689578166723238399 0 0 0.013005946477194406 0.035124087961218124 17940083.935643427
11 0.0 867242679876448853 1 3 0.020763538133508428 0.018395946023443972 9728765.22363331
11 0.0 213592538161723007 0 0 0.003017073146602257 0.0021262077371018984 779259.9287711919
11 0.0 417792164835939172 0 0 0.0006450509346757987 0.0023669432195439414 79487.38962914226
11 0.0 146436784074519043 0 0 0.0072907023516676816 0.012761237343542502 797063.8929598262
11 0.0 498952636232844809 0 0 0.0007172545314683695 0.0014919936464030247 1315005.7045581928
11 0.0 721505696072394880 0 0 0.003482072325744846 0.0023688886390608914 5984497.993632068
11 0.0 659933954319438948 0 0 0.0035839507582108463 0.00140927637027125 2118078.1572321015
11 0.0 569005841983866200 0 0 0.0019805179946202132 0.0012957835536967425 3649734.3688219315
11 0.0 100215489596327017 0 0 0.00246557835297692 0.005700744252191553 3159784.84896035
11 0.0 255865077070377686 0 0 0.0037324946046272903 0.0022752991865753053 2471648.254959895
11 0.0 827317983123641063 0 0 0.005913569614241842 0.024402786808302615 6150741.447067516
11 0.0 468821488690090504 0 0 0.0010298889676191227 0.00011998835541165856 2762305.3732581004
11 0.0 405092033709172654 0 0 0.0005616959786738537 0.001829875070674066 998144.5131340118
11 0.0 968457683702892304 1 3 0.11469499754777715 0.21214753508503173 22318895.417355064
11 0.0 869799028960105286 0 0 0.012296566582086457 0.01518358063651079 22374796.46875356
11 0.0 230331198935180338 0 0 0.0008882948584782788 0.0002529960670742765 1018166.1004591646
11 0.0 140593772567338187 0 0 0.015736667255321923 0.00674047313512742 1643748.0969701707
11 0.0 928816679452109776 0 0 0.005242341923315461 0.002691639024732182 5147714.014193536
11 0.0 511607864712659829 0 0 0.001994933847498112 0.0030851959930621687 1517545.7711095721
11 0.0 791030903585460526 0 0 0.0011325331796958936 0.0003580656294045436 607874.517520075
11 0.0 444333543038358257 1 3 0.03446080188142802 0.01987870192956532 3335930.9597371425
11 0.0 182399686571461487 0 0 0.010282109592286832 0.0006698880396725532 2733125.7243192107
11 0.0 735256818693501357 0 0 0.0023087827055545025 0.012552173686336474 248481.71397937695
11 0.0 466026959762184163 0 0 0.004990368576827481 0.005729774504264721 2386721.103049993
11 0.0 465914988492694630 0 0 0.010264592317640804 0.007835446809386944 2818245.4038030165
11 0.0 652607718394335080 0 0 0.0007331706357495605 0.006986629098303121 922019.4716217949
11 0.0 577824910341687196 0 0 0.0012966835828392292 0.0003522468882335579 271023.58497417864
11 0.0 510182484676956603 0 0 0.004067776106453199 0.016291076714508995 86576.8632053343
11 0.0 662023674532060747 1 3 0.13832302054143464 0.13958922608077165 4668646.593841521
11 0.0 929833516404612642 0 0 0.004841760129236602 0.0007211891742281821 4060104.125803627
11 0.0 714905307124762655 0 0 0.00043663052165002783 0.0014105208570004664 107813.0413918914
11 0.0 392414293847029220 0 0 0.006105242172624847 0.005469674188088651 9991341.762225594
11 0.0 118078490809989715 1 3 0.000512910890639869 0.0006322605913821701 143064.0177015484
11 0.0 160411906697401448 1 3 0.09147635097511383 0.144547765619531 9319659.046728775
11 0.0 279226852561796954 0 0 0.0051957760668749475 0.001537474945801158 3706753.5953101
11 0.0 817335735701373606 1 3 0.03136979866079863 0.031162701338213007 13777261.772656525
11 0.0 734212661940942259 0 0 0.005459436421829774 0.03211910913947873 7289357.566486914
11 0.0 771992019770461651 0 0 0.010095962849356155 0.003310498506485226 16839464.118499853
11 0.0 718508676530082830 0 0 0.0046937142935995204 0.0015445749797651674 9549189.50565432
11 0.0 743427311155487722 0 0 0.006784799766701445 0.02614017228662432 22906632.854067706
11 0.0 618392596379871550 1 3 0.015094806669552537 0.005466302872105456 1273397.9949264769
11 0.0 267328696301603619 1 3 0.014594847807736863 0.004267601350488182 2281258.34208976
11 0.0 626687879374540677 1 3 0.014724848869069274 0.0028933241646147815 272108.5664038511
11 0.0 921393153360205153 0 0 0.004204329565521503 0.011471409183956692 5149254.179906312
11 0.0 296282199708231083 0 0 0.005170007412274846 0.015191264408643745 6264686.710792824
11 0.0 871513826649079707 1 3 0.04252309959573999 0.054229825879694694 2177148.826489806
11 0.0 732429514469797078 0 0 8.142594663448602e-05 7.684992098034624e-06 71340.19827217658
11 0.0 665862561239164901 0 0 0.004080431093909601 0.01745852560325583 7688239.150139186
11 0.0 542365930372800269 0 0 0.00421973606879266 0.020977717195773658 23393257.720241338
11 0.0 161178439991747402 1 3 0.0651873383958784 0.05501134108740047 45770190.194008626
11 0.0 992140126903564147 0 0 0.02020280713705885 0.008647103099139226 6829750.798745642
11 0.0 537669418987244355 0 0 0.004673322336662258 0.002877490366426273 1243640.2442688213
11 0.0 385946691560871035 1 3 0.013405988902103417 0.002627469722225213 1016156.5479111815
11 0.0 546071562286944480 0 0 0.02106637073765588 0.010095350565713077 9060411.562393654
11 0.0 341182487600966659 1 3 0.0478920638149417 0.04469099795318824 10040847.994759593
11 0.0 817702970472687068 1 3 0.03883202580390844 0.008398724905262165 597578.2005708815
11 0.0 903759655433590067 1 3 0.000626544306475561 0.000358036540644253 129893.67015039032
11 0.0 435492679848824748 0 0 0.0004120768810233298 0.0013263345322676802 174724.29726905836
11 0.0 988180131298913127 0 0 0.006857753113261479 0.02451673970136425 11578109.85770787
11 0.0 906918072525343497 0 0 0.011224857329367802 0.009907442277637886 14492872.04732584
11 0.0 725164576840144793 0 0 0.006703042272622182 0.01372049288983051 9496341.58466998
11 0.0 909317276182814572 1 3 0.012758966945654468 0.0007162714984911131 3729841.6597450934
11 0.0 267376733780862568 0 0 0.0024537639796556694 0.0026329118648296384 1637715.2086478518
11 0.0 875375963656104006 1 3 0.12193926090828877 0.03327042042921586 12370295.406992441
11 0.0 714782570715479924 0 0 0.009593522101548931 0.01986629120970933 4756578.346782875
11 0.0 728680959097116764 0 0 0.00011067658986188791 0.00013633571874097086 310149.37100622803
11 0.0 134064273022772467 0 0 0.0003954822957028744 0.0005032354901423098 775276.637745969
11 0.0 757978532436039649 0 0 0.0032793378135871714 0.0032925447978200428 2899060.5026238556
11 0.0 572595239060577083 0 0 0.005496238425973889 0.008654697158719015 2027467.52196943
11 0.0 719426805601879789 0 0 0.0016819941835206898 0.0010260703266479303 1219012.5210264537
11 0.0 381662858763364871 0 0 0.002203278866770384 0.004006301511538102 2731288.813678091
11 0.0 118613983525900185 1 3 0.011653646597810548 0.00028182269557006095 8105515.25259174
11 0.0 868386896061681615 0 0 0.006779085937409919 0.004663501395719938 339976.51074033516
11 0.0 594854117214303273 1 3 0.05584090939307286 0.002452908704941973 13704056.411000034
11 0.0 280395614250281901 0 0 0.0029990693283671543 0.004192620856099953 1622656.6811743604
11 0.0 308118423604708786 0 0 0.0023230200393485182 0.0021855898043037876 1399303.4519836025
11 0.0 248776750058515695 0 0 0.009813849423413864 0.003288783502710954 15432082.682970107
11 0.0 946316646802084732 0 0 0.0026854943888867133 0.0028593906495612688 1139581.4966513198
11 0.0 186519323954284313 0 0 0.00011330151428485069 0.00016678352841355382 89891.30570142907
11 0.0 419435877382820297 0 0 0.0025050620444253303 0.0020044196197162895 44067.312895128816
11 0.0 287122880504056427 0 0 0.0005337035625290743 0.0005725435788189691 89655.01747203649
11 0.0 428275046735101740 0 0 0.007826565925414322 0.024427416327931873 8386313.008344308
11 0.0 228433695366405471 0 0 0.0022791495160042192 0.00531528982076453 628231.2899387043
11 0.0 420021518771080212 0 0 0.001145063892743683 0.0009150303829663784 415177.57248049736
11 0.0 735464256746724718 0 0 0.0014835272781787518 0.0006644686814995696 1643.449073837626
11 0.0 931090674528895465 0 0 0.013215356081115197 0.006233772608059254 2790488.4938145448
11 0.0 741086761991936551 0 0 0.00591161813183205 0.009356805726788672 6277373.613792806
11 0.0 587141184757539240 0 0 0.009975619269306974 0.0010200593829770615 5317557.92531156
11 0.0 354441354462906181 0 0 0.0017863954846366909 0.005905655928361855 2848956.8545894204
11 0.0 251595684999753694 0 0 0.005326307685011928 0.00907397062596587 1420442.7991565862
11 0.0 242973993140668534 0 0 0.0005532932588098314 0.00034846552461124643 177504.51616591561
11 0.0 986930167656928246 1 3 0.05286443335734846 0.04317717918343557 9825303.939143678
11 0.0 141830115160546265 0 0 0.0008123506657596786 0.0033930569884706233 2467919.8533391827
11 0.0 621996528930853070 0 0 0.0008333530745731786 0.004251161129067465 580309.6106704606
11 0.0 382940070564884719 0 0 0.004917635241593232 0.0062176914340070395 1358897.0509775826
11 0.0 258624395876418216 1 3 0.014808812627011508 0.01187388682088065 7506358.369271209
11 0.0 879700858999462380 0 0 0.007253599530767252 0.0010789638471410338 2609590.5653545097
11 0.0 579271485930364196 0 0 0.0030668475406259 0.007581392524150367 3571730.2093331995
11 0.0 797011928850809134 1 3 0.017539770201461254 0.0034936150028449563 1863542.0685317912
11 0.0 789507688727445462 0 0 0.00163609438449662 0.0016356928966753028 1042503.1864813697
11 0.0 488069245272849006 1 3 0.049323438067389695 0.030307615007321625 7157897.684663847
11 0.0 111405973763450384 1 3 0.012443671074430632 0.002621705544792447 1998183.0650756992
11 0.0 381156870385557907 1 3 0.021910230003848903 0.005829796247126215 698066.6157368193
11 0.0 654455478790323343 0 0 0.0020557682552789637 0.008949906656226855 215372.73161235233
11 0.0 275931262254887845 0 0 0.0005504941146703572 0.0009727521217329195 918913.8307047233
11 0.0 538277751226485700 1 3 0.030347316305731238 0.009103300818620081 11139755.998612901
11 0.0 972477546913260778 1 3 0.025445128353306028 0.0342113710518089 27411346.07268091
11 0.0 586967843506763136 0 0 0.002512406981289768 0.0026379083857960557 2572098.629969217
11 0.0 623716439079436153 0 0 0.0009396324052145255 0.0006297231953065971 266942.6990377371
11 0.0 255966025760324787 1 3 0.05793204346689248 0.011158042867186498 17801828.10037086
11 0.0 207306546634689121 1 3 0.01758622363644099 0.009970787177537617 715329.717822455
11 0.0 999850817727898094 0 0 0.012483642231892966 0.036816586976889616 19825081.019092843
11 0.0 316498948552881087 0 0 0.007818469272374505 0.007292079713752673 22145519.082394954
11 0.0 574175391258763324 0 0 0.007744154630386687 0.0012368623324512354 1666635.1937637439
11 0.0 767644614716956612 0 0 0.005939765267597968 0.007318067509847946 915773.7738400104
11 0.0 506104840063934252 0 0 0.001811923260739051 0.0010164709526274893 1539154.4217024953
11 0.0 811642917621282182 0 0 0.0016483553923561064 0.0016648556705663824 5529193.074063579
11 0.0 821468786596038167 0 0 0.0031725710326951963 0.004023495617575986 1593432.3289999075
11 0.0 250126725985042298 0 0 0.007356824407192544 0.003378834689881365 30645857.783543617
11 0.0 119632463566741210 1 3 0.03196275676269909 0.01523017136064336 8823783.286466576
11 0.0 293480890069362637 0 0 0.0038223443041661993 0.010129110011306865 17964730.953735363
11 0.0 377786285227641954 0 0 0.00040207232339859594 0.001678625449458146 66548.18518864851
11 0.0 427242409383914590 0 0 0.0017288189503027978 0.0028776893620721927 887604.8947704375
11 0.0 619462993923127180 0 0 0.0006602028597540635 1.3804818427831499e-06 1921758.9988244511
11 0.0 743968779159648199 0 0 0.0014564786271918872 0.014955865824517982 1012782.4403102604
11 0.0 755195875327935951 0 0 0.001878802934201848 0.0011074887874103253 4327072.975864681
11 0.0 664510439899408449 0 0 0.0002417250527304702 0.0002775885547090717 75099.15730230033
11 0.0 297863673378737004 0 0 0.008029862842332822 0.019718743148188334 11773003.011022134
11 0.0 549003117914223553 0 0 0.015034624257577353 0.031053456752508497 18976209.47067985
11 0.0 985226621217479669 0 0 0.007029953225707659 0.04414858261217456 5635991.089058423
11 0.0 589893670282778124 0 0 0.004729267799701817 0.025803048899109896 13445473.052063517
11 0.0 796730495298474360 1 3 0.06852720709092314 0.020685600101502825 32065761.293079168
11 0.0 180839949670137084 0 0 0.0010071401119416345 0.00012037213880464759 13434.198894567426
11 0.0 910866069147344794 0 0 0.020294201766826073 0.15677264379904204 31487781.899760894
11 0.0 811379346825064320 0 0 0.0017988501421700121 0.0011558440899130484 995475.9622562927
11 0.0 664551176837988806 0 0 0.014311580382625722 0.010446585812890749 4058578.7748923493
11 0.0 561241810414181033 0 0 0.004224459785507795 0.0016734567036992569 4376025.992704282
11 0.0 978417244046789597 0 0 0.004494024026817378 0.007881652762864158 1639264.0221009685
11 0.0 807074877116006737 0 0 0.002824780215258596 0.0002460230100200756 4018066.481709034
11 0.0 538934012135224447 0 0 0.012302450396805976 0.0676146312047795 319988.6699725685
11 0.0 202379390957065435 1 3 0.09942317068812846 0.044553454063178885 73387756.36051105
11 0.0 336827047921073882 0 0 0.004725648005801678 0.004687483223610557 7403177.4114955235
11 0.0 128546422363886552 1 3 0.008924664185977262 0.021773495460844124 1650463.9991902057
11 0.0 594599117600476779 0 0 0.0018470948500514338 0.00906790332160354 3541489.071720237
11 0.0 630128182737461895 0 0 0.0034166861225115937 0.0010059465466811745 1782222.5028633166
11 0.0 262420509640509696 1 3 0.07715522452346042 0.03753534169946287 4984519.547892176
11 0.0 491296846414107672 0 0 0.0010913736761583549 0.001876962403527372 2064534.0088485875
11 0.0 704636231968821897 0 0 0.00025626136057426845 0.00019814930614419108 236957.7506838362
11 0.0 299220505344760236 0 0 0.01486753749673412 0.09536008188030994 247101.89447387724
11 0.0 668073640863665508 1 3 0.0030920413770306144 0.001976647936895767 174198.34355394891
11 0.0 938808209562322470 0 0 0.0051462201792086895 0.001935340255146039 6875038.901835962
11 0.0 772604703709765615 0 0 0.0002732981693310659 8.822920405462103e-05 323922.5146124888
11 0.0 862330777495509745 0 0 0.0006164490345062615 0.002032224809690314 255522.3640415564
11 0.0 650780939284394993 0 0 0.0020743793567660723 0.005696434474363239 4869610.02856653
11 0.0 835232977482604989 0 0 0.014637377087568727 0.013277676932262767 10483308.80680714
11 0.0 321758671765589441 0 0 0.003997717589895955 0.019894546665090114 1296784.4503474764
11 0.0 442743588494659339 1 3 0.015084642692772479 0.0075411334304712006 1673105.7208256389
11 0.0 245802512530225702 1 3 0.022616260734920977 0.004816663138589565 835143.6926389869
11 0.0 908088116974298126 0 0 0.002271859971218287 9.733012116902617e-05 2094399.4337485598
11 0.0 233226884381464607 0 0 0.00012271493354743681 0.00011199896043094865 18975.194351403257
11 0.0 242928968689038397 1 3 0.08558390622175233 0.015977603410855083 50245257.58615993
11 0.0 678640290741677344 1 3 0.0045266623700107814 0.000604931961922096 941817.5671615695
11 0.0 594902038695713871 0 0 0.0027505451703552252 0.00149998764522899 2703320.606185871
11 0.0 998742635316010511 1 3 0.03798633511145522 0.054321217941439764 6225796.520478037
11 0.0 886438791203545275 0 0 0.003159256723294247 0.009310060246848096 1267782.9261110036
11 0.0 970424298880356294 0 0 0.0038664330828712067 0.0021637675402487477 5358735.875701791
11 0.0 346017758357470095 1 3 0.06403566925529626 0.0013638702134342313 12324162.940124264
11 0.0 966853801438165606 0 0 0.0024853198760318397 0.009682799508727026 2453896.3418517327
11 0.0 840863354164187157 0 0 0.0031097401782659954 0.010835999133352337 413675.8333859506
11 0.0 915531931923535890 0 0 0.004160448206513146 0.0036897195539982767 4344759.3168020295
11 0.0 992601614702371962 0 0 0.014759451981332298 0.009952323398861802 28307499.3396263
11 0.0 114480466564813233 0 0 0.012012796308320407 0.004212791034446493 4581276.140517338
11 0.0 603843008811316594 0 0 0.007139878105297814 0.017562663564465432 2331048.7815289665
11 0.0 890298830912813058 0 0 0.0033478187252023693 0.0018080650628052748 4028167.885919865
11 0.0 586114441498791233 0 0 0.0008050544415608783 0.007288176409484393 617762.5195987907
11 0.0 199467051359754686 0 0 0.0037491409500965607 0.012325305824461199 149393.2632858978
11 0.0 726099723929267328 0 0 0.005946602095501597 0.009129477925486695 14217749.672213748
11 0.0 908393768032619964 0 0 0.012661224683390118 0.009542853369826196 29267933.053588923
11 0.0 261039069805189370 0 0 0.0013358677184645653 0.001336651659810785 1078050.371655231
11 0.0 639221446410945772 0 0 0.004976681004180635 0.007914913376467317 15146774.545688566
11 0.0 969356994704396883 0 0 0.003244903683467645 0.007604364011644028 1309302.0987773347
11 0.0 824708728768198446 0 0 0.0021110177834938186 0.0016859915904450897 161078.77598601946
11 0.0 222179344368568176 0 0 0.001131971721649543 0.004387507326232646 2749805.2289319136
11 0.0 789304936217943671 1 3 0.038931159852628086 0.001411111292402686 10884743.554008603
11 0.0 173697308462045529 1 3 0.011303339554251671 0.004493704740895032 2226159.176610321
11 0.0 257566155675905821 0 0 0.0022492801630702363 0.0009627125992568259 2237198.5420384025
11 0.0 709502559977187029 1 3 0.0057534318966412845 0.0017795528135496723 113672.05407826735
11 0.0 449532550692274252 0 0 0.0007589649673299606 0.004966378033699463 1203313.2418793098
11 0.0 396440038826554063 0 0 0.003722843222264611 0.0020332486667000134 6862539.3774304865
11 0.0 552861454037357875 0 0 0.0005672275910268663 0.00022752405873018906 513366.0275757163
11 0.0 754073070227710840 1 3 0.005167640215605239 0.00042868465935465023 3549069.5694698174
11 0.0 726491618362404629 0 0 0.004425835444517512 0.0030520913638254947 3729765.176561318
11 0.0 134920030991341763 0 0 0.0028168298606394628 0.004376208993640986 3674222.792236476
11 0.0 331631189169828109 0 0 0.00127263992318677 0.0020925820391603923 1842799.1426621256
11 0.0 625047750674050649 0 0 0.0006839264010000442 0.0011150022037226897 6668.470999473176
11 0.0 396583152823549742 0 0 0.0061207130615756914 0.005902348951311044 2276759.6968039027
11 0.0 214040141103939868 1 3 0.15883223558397924 0.3832917145238414 81320272.86786032
11 0.0 159754517282516966 0 0 0.017026577995926134 0.01266551659907171 1093031.2674356624
11 0.0 609454266059809305 0 0 0.0071046276570735515 0.00738615883652943 20374033.120903138
11 0.0 541321301950905514 0 0 0.007103456428969384 0.031856698573153784 547903.7217990933
11 0.0 552117166744299313 0 0 0.0004007618446363157 0.001055209150854639 90182.60137021239
11 0.0 680009116847300910 1 3 0.1537941773112285 0.06614089614234635 33077307.238188155
11 0.0 417737061522429580 0 0 0.0144500992744971 0.017893184675553935 2402881.0314601883
11 0.0 246594590492774052 1 3 0.027202676207285725 0.02549501440810092 2961127.351126939
11 0.0 631613226327455363 0 0 0.006372831167377882 0.011864315344728593 9150634.028379062
11 0.0 693074671375081300 0 0 0.010662587274155498 0.005905986841778919 2132450.2130147126
11 0.0 722349551337655257 0 0 0.010729177461021566 0.04569868401019993 6555066.640136493
11 0.0 303440926588904240 0 0 0.004342993173362611 0.004310087456335121 6880525.38888791
11 0.0 616512357048579439 0 0 0.0012274148452957566 0.0024635442841455775 332152.9534053364
11 0.0 441537380596646979 0 0 0.005328692479555014 0.0064887661641080145 3308126.148927082
11 0.0 177084994284725525 1 3 0.09418949575159336 0.08816499931364287 59300807.257939234
11 0.0 320160631236708478 0 0 0.0007896428533226969 0.001876858827956781 1081771.3054156636
11 0.0 523588669346871223 0 0 0.0008856457215990295 0.00149796728476744 2572946.3257409474
11 0.0 474525726524283607 1 3 0.012117577248201051 0.002862671798202555 3195080.697667814
11 0.0 784738570228517032 0 0 0.000910647291600696 0.0056007723727174935 1137605.9358994926
11 0.0 839322863295406951 0 0 0.0048594105509148135 0.01198542076594802 1782927.4213619865
11 0.0 417750630015890046 0 0 0.007815231339307996 0.009131804531089355 2489457.1071085795
11 0.0 780602961565975610 0 0 0.011921133943646663 0.013488430655226898 1005761.2261535742
11 0.0 204417888103884270 0 0 0.004759261548478383 0.0015383663697671327 6671420.512461282
11 0.0 255954719269622155 0 0 0.004260238239839473 0.03270167227219322 6676218.137297093
11 0.0 231871127978398496 0 0 0.0014883012804240159 0.0017492962640252466 1161857.9800049365
11 0.0 320281659022477357 0 0 0.003025074480393374 0.007938421926319408 3299699.4323871126
11 0.0 998220948998235079 0 0 0.006697824566947104 0.008738130242392604 5881654.208383233
11 0.0 531711672978011274 0 0 0.0035890889446996937 0.0006062401395079308 15455842.872567931
11 0.0 251862841219836635 0 0 0.003943703446787137 0.0001666518044445708 1510465.2907258496
11 0.0 424668186853029841 0 0 0.0005814878307981921 0.0006468252884147189 533644.1849604632
11 0.0 358212824523079780 0 0 0.009542035183475855 0.035942938564209645 740973.8472808892
11 0.0 193456214841855212 0 0 0.0016582936955686414 0.000998907427081264 802380.9176621202
11 0.0 935128008817672077 0 0 0.0004369352663243403 0.00014000708665445322 307446.38658939884
11 0.0 523756730708945001 0 0 0.004934617205836645 0.0008861668947481781 4401985.917571752
11 0.0 401004819065003532 1 3 0.03224696959626002 0.022919968658732363 24189224.885204308
11 0.0 984585126434911628 0 0 4.377447624075019e-05 0.00011225023278239742 5147.8999756394915
11 0.0 437403355823754969 0 0 0.02041618682877393 0.06750059665328859 58095219.643174075
11 0.0 221253492645976168 0 0 0.002737880158084908 0.004544887418975692 13730586.551071439
11 0.0 605516273076808464 0 0 0.0030341128733473253 0.003631483088782491 3772716.0591511494
11 0.0 522913000015821261 0 0 0.00479346228101429 0.02899354656758068 529087.9251898046
11 0.0 914870284689040715 1 3 0.2379462982264826 0.025937894457748783 78102260.63216265
11 0.0 709253801812871298 0 0 0.006596309114944917 0.036646119678024024 545858.2344035951
11 0.0 394057692586273815 0 0 0.000625977930165572 0.0014397010117173988 948201.8027754913
11 0.0 837085232694099681 0 0 0.0012643109590426008 0.003947070639460097 294374.9359858352
11 0.0 547762447383607400 0 0 0.0004976332985298007 0.0005569745489203662 319138.17210642766
11 0.0 840151481330194338 0 0 0.0009741087008877979 0.004874134048702225 124755.04232126981
11 0.0 958785939291197704 0 0 0.016077185048261004 0.010202654552429658 20357308.718009494
11 0.0 543682727840315044 1 3 0.030592798087143342 0.014504887658896274 669609.0794124305
11 0.0 119772224287177745 0 0 0.003314289149766144 0.001301001062756291 8369051.30224108
11 0.0 148584189273614922 1 3 0.006790788938119803 0.0031391216903452835 3000878.247251355
11 0.0 959017854239953362 0 0 0.004059848428626678 0.0006670527428940057 1751499.8461978203
11 0.0 411218889558060441 0 0 0.0011544147469384996 0.0020509007190114494 962984.6617573169
11 0.0 369310510192123833 0 0 0.002101132861930008 0.00043951625786797777 1167712.4038376072
11 0.0 155015980892035700 1 3 0.024815124249257185 0.0024066160374488802 10045445.796006223
11 0.0 650952391023842447 1 3 0.0006416686187947775 0.00011156651214814767 52084.81690442491
11 0.0 212181448236759514 1 3 0.08475508744909095 0.09967320175938325 5136902.777389521
11 0.0 418514875321082463 0 0 0.007170976848150202 0.0056847546048441906 12857680.311235372
11 0.0 116295344234955877 1 3 0.010840431874162991 0.0028895887908388486 1105501.068475562
11 0.0 928462674846132112 0 0 0.003758646152376777 0.017766174391790675 7423230.836796665
11 0.0 767932340124494292 1 3 0.02034181924779916 0.00269920149977392 3414716.259575504
11 0.0 443674531963006561 0 0 0.00024520060905835735 0.0005875960691733784 73652.46216814894
11 0.0 398656475540822110 0 0 0.00518959161070551 0.04874946217331956 6770213.155077925
11 0.0 659987883780381860 0 0 0.00032824827102378843 0.0007547089950130136 19987.0661243022
11 0.0 138856195179364410 0 0 0.0033813232040044573 0.008762951525216228 7893745.771006765
11 0.0 349709064371376927 0 0 0.0009615462932983484 0.0018997773109038804 1059305.0554494741
11 0.0 590589758724312147 0 0 0.001659824904051041 0.009783144550060055 1149704.394515083
11 0.0 257840898542645588 1 3 0.10465127707601 0.07745919103113084 23507814.9373972
11 0.0 292259095492482438 1 3 0.024581270606915805 0.0011329626721073933 6459329.0841816105
11 0.0 386847035409552582 0 0 0.007523990977687165 0.028206862945164314 24353751.13823799
11 0.0 579898343168418878 0 0 0.00046089002144824025 0.001951991253424825 72925.1394245301
11 0.0 111645627668936896 0 0 0.008879342526689538 0.02474889991810863 17661669.41166549
11 0.0 458943179321099000 1 3 0.005764003104048149 0.0026299351308596715 1971791.8754300564
11 0.0 233669661105699010 0 0 0.012563105649321121 0.00695093908396875 3373054.8737026937
11 0.0 952378405449889812 0 0 0.006111393616387167 0.0014604647544480165 2773086.1213886715
11 0.0 187881850742483491 0 0 0.0010190861689677755 0.00037156182720686596 2502442.395540126
11 0.0 993056413492708798 0 0 0.006176707060647359 0.006786597147298433 1860111.4590499806
11 0.0 744418965363162146 0 0 0.006172205572928957 0.022764245693467945 5457907.044282114
11 0.0 299784949368530503 0 0 0.00550927014955275 0.026071483952078776 2349367.023095051
11 0.0 632004718842615964 0 0 0.0210686159018258 0.06531496339420796 3770135.175879158
11 0.0 495310488667465466 0 0 0.0163793447826607 0.013262953971302303 1658899.6827101943
11 0.0 979517921663169804 1 3 0.031651953957912864 0.03495698368734963 11800745.81956043
11 0.0 320192026241665098 0 0 0.0019873243383266843 0.0026487892975048627 1323970.4518872474
11 0.0 309666966144956538 1 3 0.01025011577364203 0.0043617852634221885 7444032.70951731
11 0.0 839891283947062803 0 0 0.011153292918781404 0.003559888892900024 44874248.27136983
11 0.0 201344573693278620 0 0 0.011761043678857205 0.012880529474005765 14624460.951591989
11 0.0 863320622882663534 0 0 0.004209241497780791 0.002226327358892895 980376.3543845802
11 0.0 842259977434414652 1 3 0.014810348392318765 0.0012708440171136073 4208061.604556087
11 0.0 847325221691147542 0 0 4.399941869823117e-05 8.217712608834645e-05 10664.60360374528
11 0.0 846952742425263382 0 0 0.0011521675740569642 0.0005074639322785778 237103.56856538818
11 0.0 520192145832364877 1 3 0.0007004779050516666 5.105431535289198e-05 191035.46807647895
11 0.0 758968153422977420 0 0 0.005814548335308769 0.0132287068112015 2829650.848372615
11 0.0 968128038667082438 1 3 0.010732808181584461 0.002415133840046984 2351998.7565620076
11 0.0 989786114090212506 0 0 0.00469292411157716 0.026949285686891228 2267620.1951756873
11 0.0 999438310997156435 0 0 0.0006135167432255032 0.0004442038603145047 3519.0017904583756
11 0.0 548257684634503947 0 0 0.01746899419463975 0.06792628585183598 40855337.214539185
11 0.0 908397073133420755 0 0 0.0071015302458539665 0.013382795366613853 26273802.09187315
11 0.0 845547366953677027 0 0 0.004206813875248254 0.005798527018665148 4921810.731377609
11 0.0 533411308277261501 0 0 0.011269571397822172 0.02209627524942517 320581.12421061797
11 0.0 374893292856424428 0 0 0.0002680741856151101 0.001929737915748745 1118305.309525011
11 0.0 477285432269602791 0 0 0.009133391586275429 0.014037046049424129 4767524.290671743
11 0.0 958026293590227443 0 0 0.00032057120491055865 0.000246590557285356 279022.707997089
11 0.0 130637131416267009 0 0 0.007395318269019153 0.008775129617803473 13046270.78943148
