11 0.0 251929621151910341 0 0 748 110.53241294388971 488305965882.6818
11 0.0 223786054055428130 0 0 1003 86.17028413893368 326503001596.9893
11 0.0 552217592732692389 0 0 91 40.69636369526852 50556106024.69838
11 0.0 626246629087941849 0 0 192 112.04963635837275 341296513295.9374
11 0.0 784650501517289501 0 0 235 222.28666190900464 505608156503.9464
11 0.0 996045806741038698 1 3 38 93.1609935093495 58746834031.779045
11 0.0 772579783820279966 0 0 450 147.06759000424208 96911691510.043
11 0.0 274932626428067341 0 0 953 333.8063401753954 1011142169355.8992
11 0.0 276158227207928274 1 3 30 22.666583982483566 117025857957.3601
11 0.0 181521965315031271 0 0 979 980.2663482477301 1045310567020.3972
11 0.0 848222884761589111 1 3 63 37.58183338352614 272088452530.7028
11 0.0 597278869576140695 0 0 980 648.8859775783907 322148929625.43994
11 0.0 127936648873095733 0 0 594 145.7031554720252 976074577489.4978
11 0.0 403248991583307404 0 0 305 78.87327247671084 459873869580.90924
11 0.0 984626887344896617 1 3 44 172.16877845817757 329196731372.5461
11 0.0 199219259527181540 0 0 158 133.32154371042466 172885543659.52853
11 0.0 690358799783004423 0 0 116 7.328060520667043 95553348340.78523
11 0.0 937569814158908683 0 0 72 76.21202607769617 61461229858.87342
11 0.0 740916899745970853 0 0 911 385.6362957923424 426519820950.8803
11 0.0 823782855775270267 0 0 654 449.90978394525285 705721478977.5217
11 0.0 325968136840707575 0 0 763 398.0033526928764 900410744802.67
11 0.0 222321873847695230 0 0 15 13.668839767750718 43003763885.13196
11 0.0 369523670959771542 1 3 16 23.864350381777598 43173509372.49929
11 0.0 724637638228774672 0 0 223 211.2901095764733 160415795059.08685
11 0.0 108660119963104258 0 0 194 41.590901729692945 151361871494.67133
11 0.0 844427827270234494 0 0 155 168.66007705259838 64958621543.63541
11 0.0 554186528717663607 0 0 83 45.03262181058295 149486299210.508
11 0.0 639228481770173270 0 0 200 109.76527937233126 263177684980.6577
11 0.0 987254326022156564 0 0 509 514.4139503129929 883458762406.4751
11 0.0 515589505869301536 0 0 9 4.5907717832240404 14020999186.066668
11 0.0 360816234740613257 0 0 893 41.08220175191014 952358698799.2627
11 0.0 387647775180427886 1 3 36 169.82368206160163 259460701913.2354
11 0.0 353541805035336916 0 0 434 293.5200131961117 434652581550.1376
11 0.0 124894803892647845 0 0 394 201.61911872142738 672881956833.2755
11 0.0 988808858174518829 0 0 940 505.60476078901485 1164375077958.068
11 0.0 414228437106536985 1 3 23 68.45333806533073 60695865459.86828
11 0.0 889409833585998263 1 3 32 142.8409181242815 2619103618.355462
11 0.0 728410759424017102 0 0 14 0.1681301055812127 27403664868.9733
11 0.0 183313416302590623 0 0 86 65.86053701377418 93554395572.11201
11 0.0 942923755819138171 0 0 328 56.11899019779115 84567774339.06604
11 0.0 924787727067216397 0 0 634 432.3323828335613 1024416875806.6212
11 0.0 323538765201003286 0 0 237 142.58048741458802 313412402078.16364
11 0.0 704420740845002180 0 0 1080 803.673763781082 1788400016332.2944
11 0.0 985136810800117200 0 0 184 151.3331587009273 402666153488.9176
11 0.0 567386148863832809 0 0 960 252.98352133058728 1088823628692.0118
11 0.0 335356799059159858 0 0 723 301.98854615631603 1148309909791.5596
11 0.0 782723131550859939 1 3 28 85.92301522375482 225949979598.74557
11 0.0 301715701735952236 0 0 603 361.55854541651274 22906586058.243282
11 0.0 655041025837551375 0 0 397 147.29932867090258 484545743376.78186
11 0.0 412689594814621661 0 0 47 3.9982720872356396 93041522160.30153
11 0.0 664723290107950266 0 0 343 163.71590557294064 312619479502.20026
11 0.0 895099536626442860 0 0 68 14.756608002141318 137060827408.41806
11 0.0 367199179818761957 0 0 47 7.476132450331348 67034022184.48735
11 0.0 721832097827637462 0 0 966 1006.5358808973856 1172684409996.501
11 0.0 349743259630408068 0 0 360 219.99696156621462 748761656058.0842
11 0.0 448618708313632393 0 0 359 111.8080451497708 583435296968.9514
11 0.0 810932319729779834 0 0 390 187.71888312954144 425930887967.6312
11 0.0 166926080202089964 0 0 284 245.6744216205298 221905614847.45206
11 0.0 712583228814887329 0 0 208 135.84922126855753 246478984383.71515
11 0.0 690632946544544680 1 3 14 10.41475144640374 65668749473.245895
11 0.0 703152930771058381 0 0 655 585.7989842485313 575926024469.6902
11 0.0 678241042660658581 0 0 138 91.824755805885 51347664448.12783
11 0.0 293218359230046078 0 0 476 146.2630579134374 1213235527381.548
11 0.0 291667792850421224 1 3 22 78.91970719958059 131671167506.89297
11 0.0 366990335070361194 0 0 151 228.22837828186655 94798490584.16983
11 0.0 609689084373841011 0 0 173 208.71835802137394 255747717074.62817
11 0.0 474029706518785037 0 0 499 305.59254172818356 649739117439.0905
11 0.0 154261099808091581 0 0 1424 739.4033743603252 4544320418423.519
11 0.0 697209763365925032 0 0 38 13.13550786370359 24653502105.771908
11 0.0 359558837033727312 0 0 201 42.205951813477654 126369427320.86032
11 0.0 763309431174084818 0 0 54 19.149748745322565 106646282587.8899
11 0.0 748406031912310031 0 0 321 231.6169533136515 83202150005.11096
11 0.0 495967836969239967 0 0 675 917.3286177784811 959512537892.7657
11 0.0 175662837483617555 0 0 311 34.08323695799732 407583159263.4388
11 0.0 771598629338088093 0 0 418 27.15148508000492 20653889399.680943
11 0.0 465109215978748637 0 0 491 32.26252558562332 710827851817.8099
11 0.0 317207412803623054 0 0 166 113.06996972350429 155246354513.42432
11 0.0 858237341556161707 0 0 192 253.8872534055741 94229901811.31404
11 0.0 999699237958185275 0 0 53 8.325639148775165 105917273930.6591
11 0.0 845644571187651897 0 0 9 5.338049944014888 5297247406.470656
11 0.0 941136000541139271 0 0 144 44.03505405297499 208754223684.9785
11 0.0 158623877535655901 0 0 644 52.33442647448619 242555317226.0878
11 0.0 668046481524203803 0 0 412 57.01844518627367 526752310624.4023
11 0.0 644546514827772828 1 3 14 44.76219717048308 30515666269.464977
11 0.0 383907406189807506 1 3 10 41.10474782386021 79653058720.97884
11 0.0 788731010811706076 0 0 269 177.29974059192938 278747526648.5177
11 0.0 631653366564186322 0 0 5 0.8052793918852306 6285332173.060861
11 0.0 158116085100230396 1 3 55 185.86746500720747 244680918098.93326
11 0.0 613334909267782762 0 0 476 205.71956943761847 279178585851.0702
11 0.0 588821717150848207 0 0 149 115.09686149580402 209197488555.89536
11 0.0 391135838082552962 0 0 392 85.90770975736655 122459907082.31108
11 0.0 873252072246803552 1 3 9 13.815142680000806 52853044459.00034
11 0.0 383356703991729794 0 0 317 200.95583572984725 495507487465.0943
11 0.0 935881446596798571 0 0 422 256.6121216367242 787591285473.8458
11 0.0 685682390275527396 0 0 564 285.37121696100377 1139390401904.6355
11 0.0 583832881387700369 0 0 348 153.81432694407408 331466204736.76953
11 0.0 995917725646970874 1 3 19 21.21019855957807 24729745256.199448
11 0.0 971217292410435426 0 0 777 258.43086328041306 1262388957433.1257
11 0.0 815628908934098049 0 0 527 443.53905411994504 361162883233.0986
11 0.0 943467084436218910 0 0 148 63.72234733882803 130591971494.23122
11 0.0 957199676894748976 1 3 43 120.49541857382594 314454425338.09595
11 0.0 454572380439637213 0 0 336 79.37793577969943 414752531380.7981
11 0.0 763199957641380463 0 0 739 441.4016016210624 1088568513307.9924
11 0.0 242761377992888366 0 0 587 192.88077655796076 973142126510.1827
11 0.0 407833386076236216 0 0 576 691.5467819633946 571786248215.1036
11 0.0 837486168013454450 1 3 7 28.334159585852774 25568846467.634533
11 0.0 878653894598155227 0 0 697 380.7276975889163 697026474996.9624
11 0.0 643709120594196857 1 3 30 53.952703541635394 135783465974.87329
11 0.0 413882483167934413 0 0 151 73.0864191000472 50270795556.15792
11 0.0 269969492022778035 0 0 367 277.6546640207303 71858877572.2605
11 0.0 493970244993102784 1 3 19 6.684487637321744 79596263240.0235
11 0.0 500415787757194567 1 3 21 91.2151920095059 104294155320.19547
11 0.0 444116871673972981 0 0 151 105.8239330184473 248395037737.6024
11 0.0 643464775360429660 0 0 708 108.67419088560169 969454386265.4775
11 0.0 150233659257903169 0 0 88 27.53011644772235 136762787749.72105
11 0.0 415832820461837362 1 3 5 6.646183959467361 30136147905.785496
11 0.0 361389102431541998 0 0 1036 271.2009662350695 1500206111159.8003
11 0.0 660378307516945185 0 0 620 384.5985086102164 1016080638387.8589
11 0.0 873929203222228860 0 0 546 108.9818123450916 458563315846.88745
11 0.0 120158053374045765 0 0 12 2.4224249884717013 7686402453.823193
11 0.0 222795725227193130 0 0 368 128.09967549610442 351766788386.26184
11 0.0 105178041819771764 0 0 586 355.36730129739766 326613594459.22784
11 0.0 732918974956623511 0 0 622 425.21962684081564 1146250069832.423
11 0.0 164274661236677157 1 3 17 12.731438644725753 144209505309.10538
11 0.0 264579010880147475 1 3 27 19.12269656550024 181198846740.14896
11 0.0 100251181037939370 0 0 550 254.01003479367287 1370005087328.521
11 0.0 506954099631899840 0 0 791 22.62867239371036 548015456348.8929
11 0.0 766525461257197145 0 0 563 112.45581193608187 389166246007.48035
11 0.0 847651703840305708 0 0 369 138.30516980455505 437097372140.70734
11 0.0 281023359312291715 0 0 85 19.558586075461395 71720272314.3778
11 0.0 728720450740760334 0 0 65 72.27483709024112 36401282345.28387
11 0.0 978336194209315671 1 3 12 25.720529607788503 111471341082.202
11 0.0 934445903769891666 0 0 262 139.3597014337767 587717241396.1683
11 0.0 615797258504511005 1 3 51 100.06387869211963 508399541291.7504
11 0.0 654683182486845077 0 0 180 32.8649818821715 444873689679.8216
11 0.0 807693646295975307 0 0 1076 954.0187477584238 1753356443935.6797
11 0.0 366996325576082599 0 0 83 30.41441319931684 135036731548.63812
11 0.0 572067843462882631 1 3 13 20.942728762069244 38894947135.524
11 0.0 343122032059196070 0 0 525 224.88314147893175 511904620890.08386
11 0.0 426681757688095652 0 0 379 324.59617184230893 736209002759.7396
11 0.0 843798967332755863 0 0 219 130.3025446422724 423427693502.1476
11 0.0 484042524214158781 0 0 310 135.57574688292848 414613553131.4834
11 0.0 730180965132005316 1 3 16 24.527071436987164 123816582019.98447
11 0.0 839587581817890764 0 0 90 80.3003897061579 28093883542.065033
11 0.0 613027298805811950 0 0 900 633.7498780091404 335042011333.5402
11 0.0 186311032336547556 0 0 214 141.70397813055237 105474351532.53223
11 0.0 228388160214780004 0 0 527 534.8308121594531 117179227048.10138
11 0.0 471717295237370565 1 3 21 45.820670188685376 49523428481.53621
11 0.0 213534027467609682 1 3 52 209.7121350872446 406632857903.5337
11 0.0 622786243796815734 0 0 156 34.90900923240225 113285869538.7465
11 0.0 847917702811982359 1 3 6 13.802805994717243 24595243265.71034
11 0.0 821422496289245510 1 3 58 35.13516379057388 282428055414.4147
11 0.0 355495609648842101 0 0 528 14.140631873540828 751100868198.2156
11 0.0 621430567043190047 0 0 193 84.86034686527415 322638436839.397
11 0.0 985062126155796053 0 0 471 117.17230514252843 351783505161.5382
11 0.0 842323381352844450 0 0 37 25.473227977254385 15530625104.977417
11 0.0 677564314597570520 0 0 408 205.933335339786 478819141691.24744
11 0.0 260585206496994515 0 0 375 340.4221736089825 162488131807.05255
11 0.0 116859002869436218 0 0 714 467.42670526971943 640597190455.4163
11 0.0 412348949714638096 0 0 494 187.88822899823214 1022866595668.5281
11 0.0 196226739098871042 0 0 894 455.67297221051814 1660549658243.7192
11 0.0 758811110206212934 0 0 619 258.3221496271012 644739801488.2358
11 0.0 920489602520228067 0 0 737 582.4653820460568 768164857463.7391
11 0.0 636851309110876129 0 0 282 165.09900736109185 438725579004.10645
11 0.0 439749493294998797 0 0 88 66.03505794483586 219425886006.87332
11 0.0 859322133577861279 0 0 199 258.90218775006764 67788798074.68742
11 0.0 994092774720086863 0 0 20 9.917219969028132 14420050212.21428
11 0.0 929527346325224611 0 0 209 56.1963187710188 259138463465.82794
11 0.0 754438586634793607 1 3 19 29.504362941120352 93246412819.28578
11 0.0 737661440797679632 0 0 520 326.2272614082217 185086851937.62317
11 0.0 428108955276878906 0 0 270 296.2704913205052 108266450841.65285
11 0.0 773490611898512132 0 0 338 105.19432125264225 538665970068.3411
11 0.0 192486826670084435 0 0 480 438.969682575628 33006049359.84925
11 0.0 385297494611492543 0 0 387 204.6869232792727 305339874914.1281
11 0.0 632285163324664114 0 0 1159 783.0014515301806 1380138654828.1465
11 0.0 180310024595239547 1 3 29 63.79712495376142 168641070664.95987
11 0.0 547809348800909606 0 0 5 4.191120319432492 8712677614.260742
11 0.0 774156763627408793 0 0 40 2.369356089314699 61606723142.007454
11 0.0 206677909915310613 0 0 55 11.547896939822683 52664994342.212265
11 0.0 191546900474503917 0 0 412 77.53004964028031 536751425891.37445
11 0.0 836101457605554439 1 3 41 152.11685987420785 142912815032.92667
11 0.0 770482793199003091 0 0 250 91.24370734852167 212356407017.9936
11 0.0 420648414482550206 0 0 424 183.42689143902152 449407891773.2253
11 0.0 599841344587116711 0 0 298 70.19547166229567 504006264710.89026
11 0.0 788133033963564701 0 0 343 173.5590705590667 167926272495.61917
11 0.0 734928342259192133 0 0 976 837.2244535663556 667233140237.6487
11 0.0 571548857679821807 0 0 174 114.46098857298774 238976655971.91202
11 0.0 467359063894700796 0 0 197 249.69402656437506 83201771959.37822
11 0.0 308218931587038802 0 0 730 483.37395128981484 2048304488776.3882
11 0.0 762731387939211675 0 0 130 132.22242257172758 156515994205.75674
11 0.0 796564569131201154 0 0 319 197.88082366376415 236141913275.35635
11 0.0 678210812935820604 0 0 372 35.3053397358299 154122378366.4738
11 0.0 140852731023245028 0 0 398 180.06472435544123 276222961834.5507
11 0.0 662483782118737786 0 0 617 362.57081926083004 645858127221.9948
11 0.0 426179121496741441 0 0 132 38.273610025362395 233369562625.87714
11 0.0 513229330413247621 0 0 46 33.56987781980183 24082774451.17561
11 0.0 525856258425574242 0 0 216 162.47933063185678 180692145455.34488
11 0.0 521456794091117864 1 3 33 66.05354079495613 283935705577.12354
11 0.0 902314832809749932 0 0 195 48.60829979189278 323404708038.72296
11 0.0 659605151093828511 0 0 285 153.79934808191504 437704167467.93616
11 0.0 318557972498355899 0 0 669 257.88305649297627 430202539173.2486
11 0.0 719533627122190931 0 0 369 273.6776359520068 751553852356.379
11 0.0 520355153338338147 1 3 26 84.84450915659372 133692206886.32152
11 0.0 375505196593130329 1 3 28 38.75684210467695 54497742285.1847
11 0.0 756995854458341759 0 0 33 18.826215702508247 30272214083.33268
11 0.0 502487418655097255 0 0 291 125.03940776691189 175599943409.23404
11 0.0 513326497502459857 0 0 423 399.94236908363257 1064830236136.6865
11 0.0 532766887382487232 0 0 243 131.92590042077424 163492290037.2629
11 0.0 967747524633274172 0 0 908 248.52586393201082 2060558509808.52
11 0.0 713124214388824036 0 0 1359 486.1320785421993 3118007704108.636
11 0.0 324195357140746899 0 0 314 266.36809652766556 613720017556.0687
11 0.0 358455856528028133 0 0 359 10.43167878642656 48942211928.81566
11 0.0 842422556380527914 0 0 482 154.15180766344866 354470200151.05035
11 0.0 910870685100073679 1 3 21 36.49265716272802 152419027631.2163
11 0.0 966968141556514911 0 0 650 255.4126776077219 605386835972.2253
11 0.0 190417635101071800 1 3 29 33.69768378785746 206898031385.6179
11 0.0 221852202794551379 0 0 19 10.087255734680214 39883452456.59706
11 0.0 422271202943542393 0 0 92 56.994763801790455 90529077086.48567
11 0.0 695294598151656026 0 0 140 17.961442628196064 200417451882.0304
11 0.0 321243648792202209 1 3 16 73.54741759972137 64457850899.819145
11 0.0 913031584140839071 0 0 69 26.886679107183344 185253966203.62943
11 0.0 734276860694722938 0 0 386 235.51969305322783 587022662708.467
11 0.0 426231283424124916 0 0 215 33.88838416030468 128703945663.01785
11 0.0 831915731860226369 0 0 389 230.60787087533845 13652385113.48123
11 0.0 119917691206384106 0 0 447 311.4545623060082 202799395102.93723
11 0.0 625477058670670937 0 0 575 472.9883651585778 461623211569.15857
11 0.0 512881473764470687 0 0 159 43.50282344697976 125899181098.51451
11 0.0 845702589805101384 1 3 21 24.336179869908275 85299589717.19328
11 0.0 500115715689534115 0 0 1536 1235.2236618530167 1927107615315.952
11 0.0 762747649274186443 0 0 541 140.50615617913192 391525791262.9328
11 0.0 680658110850537580 0 0 603 23.377213664998973 482642168939.5766
11 0.0 528261431042097760 0 0 138 13.993025622948712 305316895674.3559
11 0.0 193514343401353569 0 0 358 160.7741364624274 104924261015.70317
11 0.0 372494821144375561 0 0 494 366.81107915274015 852890212199.0178
11 0.0 149146786034014634 0 0 697 341.6454930414176 1464173254450.9004
11 0.0 225640463461177006 0 0 474 308.10479642735345 476851721128.6045
11 0.0 807919731375838114 0 0 432 125.53653636050966 364377596436.8632
11 0.0 532115037718650709 0 0 147 180.49208002155765 270830959226.19128
11 0.0 997270019783812217 0 0 194 191.7129469118188 159254406865.82547
11 0.0 947998985409905680 1 3 13 29.854051781588577 96123253867.25534
11 0.0 157728899160085155 0 0 1248 1575.8980605413237 193818283551.1662
11 0.0 120237847824463292 0 0 66 18.21200161865402 24876507736.100998
11 0.0 742783298864755005 0 0 841 316.9090730856891 1128034389897.166
11 0.0 363266703676427231 0 0 451 35.68989768264033 705232344121.3141
11 0.0 609175153587639760 0 0 391 322.37590628290025 740813396328.8761
11 0.0 288268512029277158 0 0 427 166.3236485214889 896233233126.8516
11 0.0 830118017704920664 1 3 37 71.34228347719379 74176996314.0557
11 0.0 865158377257613186 0 0 287 193.4782708682291 97338794044.14687
11 0.0 768454182599173319 0 0 389 475.44172999253146 6865577545.290009
11 0.0 969896766583721069 0 0 356 206.82342216815562 174077702487.2704
11 0.0 682099511170745334 0 0 518 377.0600173457089 307911106431.5032
11 0.0 180284539842346632 0 0 363 292.77288010089416 577404878553.887
11 0.0 440656656545775094 0 0 328 273.1197688771404 351157891826.82654
11 0.0 609412498748775330 0 0 478 216.71134194105784 1441342489104.4746
11 0.0 850588551415118907 0 0 1176 634.8842155128912 1986460645850.0945
11 0.0 257034984597436692 0 0 163 36.26085827159612 322660188546.73773
11 0.0 941767622025825238 0 0 294 128.4175245002797 449537541437.529
11 0.0 164488126505774149 1 3 18 45.39525460715616 131846783848.50356
11 0.0 742079616209161900 0 0 807 338.6113915728627 555860322376.6395
11 0.0 758881158545158649 0 0 84 50.96036914579464 256647405669.25394
11 0.0 726385545725764821 1 3 28 68.10071289159791 125457894022.24762
11 0.0 364690244262424860 0 0 721 311.8503226506184 1589903387274.285
11 0.0 844759086086266868 0 0 883 322.26394414538225 1018082217103.9373
11 0.0 531382074081837698 0 0 398 203.99351448633996 123019956254.75931
11 0.0 109984222700963754 0 0 850 852.133984568593 914551551368.09
11 0.0 327968661067341095 0 0 72 35.94810115790093 60548354843.71245
11 0.0 890076693276378753 1 3 43 45.09939739837718 188350936577.9707
11 0.0 996080750605600958 0 0 834 268.49128177849275 1752850719818.7043
11 0.0 515450126444507025 0 0 279 84.50048690847005 563371916742.5839
11 0.0 541686605659265281 0 0 1033 271.4554664876928 855888299327.8385
11 0.0 333819766001740868 1 3 19 8.305141007279472 81361144755.25308
11 0.0 638214449044470992 0 0 1469 1806.2273542634018 540614825680.90686
11 0.0 729128454065074939 1 3 71 189.77852831444366 3664274288.444517
11 0.0 100836400544683641 0 0 176 113.68425480205622 47543553684.11505
11 0.0 158838115907392173 0 0 312 244.491571357041 468672269816.1808
11 0.0 549839558461580266 0 0 822 591.742549402348 1649655809486.5994
11 0.0 288601997300139727 0 0 53 2.8579114705388715 107747311207.59807
11 0.0 388680084236241428 0 0 320 190.26891137516685 64987946932.56956
11 0.0 401857472390782030 0 0 44 19.935662171788614 94047388547.216
11 0.0 139193054511642188 0 0 971 411.6137368372557 1492608603704.8296
11 0.0 817174655819669327 0 0 588 542.130072666231 399770929379.7799
11 0.0 969258865197866541 1 3 5 1.795267901029498 5218318134.159549
11 0.0 252074836228698244 0 0 515 205.65380193725468 299959313464.96814
11 0.0 876196711592163006 0 0 47 47.63566161856419 31256890480.694275
11 0.0 230702030992301483 0 0 579 237.77112176485795 1166324224256.6711
11 0.0 288041132325812265 1 3 26 61.09294590003922 160728492471.8195
11 0.0 757645071347836741 0 0 420 468.15555136279636 65538154984.27985
11 0.0 418205481982576404 0 0 79 10.004828473268196 62268125858.147224
11 0.0 394316485230836577 0 0 273 176.57922506917822 182569523319.41238
11 0.0 826537523769426177 1 3 20 47.285302454664524 128931110743.79065
11 0.0 836169807422104544 0 0 84 9.59241701832364 51314289631.102356
11 0.0 615917821098225093 0 0 277 285.8235987572015 258434958392.2789
11 0.0 785860615507970047 0 0 169 40.10307258701436 305449395130.9795
11 0.0 983944784605483559 0 0 251 60.21377755583382 649535132638.9875
11 0.0 813848839403083857 1 3 14 64.18043235018663 78974025202.43394
11 0.0 836873273026396352 0 0 650 273.9673295880605 999330949419.998
11 0.0 905627384360972076 0 0 584 284.32748436947253 581970815766.2529
11 0.0 371836420896424128 1 3 38 76.84548934327125 297294021234.74243
11 0.0 658251761117903827 0 0 239 66.39292899122547 310221884737.4572
11 0.0 944006577537402950 0 0 475 31.90772725169856 781672123126.7439
11 0.0 845835507828092710 0 0 734 355.0447134675009 318312792303.864
11 0.0 879543648116532946 0 0 965 569.9243102971451 2944350746911.349
11 0.0 340747082228079923 0 0 464 239.36831993263488 575048322733.602
11 0.0 445972809124111257 0 0 1050 622.024694272679 1266434188597.5312
11 0.0 555988823095886512 0 0 312 66.97432947459478 616720271304.4874
11 0.0 616894459857015771 0 0 670 471.43934342221667 485080618528.8081
11 0.0 495284501650816010 0 0 540 380.77535687618763 945223842274.796
11 0.0 832497017029255664 0 0 447 519.2071227547974 340040712024.3558
11 0.0 641847711179065142 0 0 526 426.6180589010657 776119718252.3375
11 0.0 297930253846552800 0 0 310 258.90225892440253 142081937149.31976
11 0.0 954703977584391105 1 3 62 86.80805229486033 373023055311.0872
11 0.0 219193935868197129 0 0 480 336.6497810158542 817604344164.429
11 0.0 632088064726373176 0 0 9 6.921717634076492 9427858765.046177
11 0.0 772590458963395049 1 3 30 43.647647841291096 142620179335.6849
11 0.0 403772749826254779 0 0 259 183.9247829977966 342710475577.7353
11 0.0 765811643864982452 0 0 677 468.4391825209548 1267098283267.1785
11 0.0 112507256246401891 1 3 14 29.106382341953836 20810489391.61209
11 0.0 719898825351977133 0 0 656 370.51111361429224 1258649210676.522
11 0.0 765060984695557744 1 3 37 46.48435313302399 130219183003.54082
11 0.0 114492742672043836 0 0 370 315.02649675020285 127091233227.90233
11 0.0 333623472890467888 0 0 141 95.07303623159201 220104861861.0892
11 0.0 508518266898122671 0 0 543 143.9627630557026 963943363417.3945
11 0.0 113906455118783069 0 0 287 104.69598509863107 287869316648.911
11 0.0 928812186109754850 0 0 147 49.62610123790896 16933375699.397915
11 0.0 441874014569820272 0 0 308 221.54143283265617 833560585709.6554
11 0.0 544362374088756496 0 0 296 270.9189246303232 577476094918.8501
11 0.0 163481155617947300 0 0 467 259.3782394244048 339369526611.4466
11 0.0 358944862403366011 0 0 1353 829.0550154789155 1934802804927.0095
11 0.0 425427123065324481 0 0 207 128.22287554963006 114154795258.96689
11 0.0 611737561813990000 0 0 557 137.44244756769731 207721779245.61685
11 0.0 629413976048274848 0 0 109 27.68992447253133 168100315754.8802
11 0.0 670530154075107546 0 0 584 349.7053423254933 714527387884.5433
11 0.0 990687006531230230 1 3 18 12.492397642669095 167654467708.4287
11 0.0 177241991972777241 0 0 991 1243.4538463371764 2277763221793.62
11 0.0 170572132049775091 0 0 464 488.3488352800584 185969248257.14417
11 0.0 439639412244686744 0 0 80 34.3116341163472 146755888730.78076
11 0.0 301953499397233131 0 0 69 32.76861379987453 113078463739.79974
11 0.0 134444239035268894 0 0 459 437.6792698238066 425084292048.7162
11 0.0 676267479619462638 0 0 634 27.71645179520131 88033883661.42215
11 0.0 760022129418240529 0 0 368 466.72724198684966 550919404281.686
11 0.0 738990138541456545 1 3 23 131.27800151048584 166621000009.31216
11 0.0 830032265596334928 1 3 39 54.11921863376741 127771301058.56667
11 0.0 646452959111710237 0 0 547 228.29555769795056 1069482853224.2767
11 0.0 450788337641225164 0 0 313 155.72001723408874 225204834329.78958
11 0.0 258921361524664832 0 0 669 503.30523076355297 1191554806403.24
11 0.0 357669741881240430 0 0 857 571.048153705257 988712510155.495
11 0.0 968023971753191521 0 0 157 30.19896768851651 29871095707.241684
11 0.0 719895467015420737 0 0 261 243.9683577451012 793130128767.9785
11 0.0 279556404018804589 0 0 513 227.60801181206338 612284016700.6954
11 0.0 494340816169920273 0 0 625 833.8602731815208 715258452064.2649
11 0.0 588119907322415836 0 0 1053 574.1931942812539 1394319783956.255
11 0.0 743320328360521691 0 0 151 110.8172114529988 312395765166.54266
11 0.0 601790490166934202 0 0 155 21.772034264745947 73200592719.40147
11 0.0 641294033964578559 0 0 281 164.74300130059697 257877958213.90823
11 0.0 614748952951378416 0 0 110 84.42462132532918 32904203420.591564
11 0.0 802942763569018007 0 0 232 177.77128232686547 191124393655.48843
11 0.0 297781879907460408 0 0 593 212.10466061924015 1111991635170.6792
11 0.0 854199711749196543 0 0 987 1165.4312566486624 724768710468.8639
11 0.0 114319682966684298 0 0 187 31.23663536390942 96892146231.47379
11 0.0 903371572350899329 0 0 929 495.4351682157266 2305385080909.6035
11 0.0 260805867680610806 0 0 115 7.351838729105417 246659002578.44016
11 0.0 568838314850364788 1 3 8 2.085103445366445 54756955422.66528
11 0.0 628932876827755238 0 0 113 14.52094023449276 22140932771.592968
11 0.0 744198428519843998 0 0 312 189.4782318810884 558139704213.9022
11 0.0 738287168683854413 0 0 188 66.75564797670047 572793278699.9604
11 0.0 291555112489802664 0 0 223 73.78390720180568 6962466460.035326
11 0.0 994276934588854445 1 3 34 42.37286127840538 347103390973.0063
11 0.0 746351068680714178 1 3 22 92.02670475318938 117819326813.77434
11 0.0 171644490626426265 1 3 14 47.32677874670914 82139817921.16042
11 0.0 269191687363787533 0 0 1709 1156.153895801635 1553488898379.3792
11 0.0 526674313143443400 1 3 24 2.284083966595535 60584803585.30958
11 0.0 621266559824375054 1 3 1 4.968003111057519 4008581064.843075
11 0.0 640028837866724980 0 0 646 658.1351575679018 1247049311606.2761
11 0.0 697596252956972118 1 3 6 2.62375751034108 51672139926.906204
11 0.0 152401321195504367 0 0 262 133.6512337353722 540689998602.44324
11 0.0 433639368682148150 0 0 742 329.00486411507046 2188802359756.9956
11 0.0 808605479383948767 0 0 367 383.379257839236 43091846840.60477
11 0.0 343610583555131124 0 0 72 62.707072755665756 122840570174.37654
11 0.0 782052236137587949 0 0 516 31.849364180402272 262331939943.30164
11 0.0 729222782209584446 0 0 614 428.1096781008389 823090140315.3712
11 0.0 207368607475079999 0 0 1584 485.61704609276444 2260579607232.561
11 0.0 228697037323919226 0 0 766 862.055566396264 1289169507720.206
11 0.0 486505863222874670 0 0 161 49.233521427969634 128837274592.58884
11 0.0 203017766904190651 0 0 826 707.1800558569157 943142040473.3727
11 0.0 728675997755515206 1 3 14 22.203211039052043 11413183453.8623
11 0.0 468114249729094803 0 0 655 465.89380026216907 631931027813.8872
11 0.0 934393953705057835 0 0 259 124.98194130597913 416327545988.6354
11 0.0 542813379027999909 0 0 252 199.7141128026854 481255644199.11584
11 0.0 301466453537682163 0 0 115 10.072891328638201 262471991830.14362
11 0.0 890129182265077785 0 0 13 6.834385330435018 18532702491.214085
11 0.0 836134929131783607 0 0 5 0.8694771035627878 2808914763.756224
11 0.0 421714868674993953 1 3 31 133.71649499134688 141824163925.79037
11 0.0 436360495761505463 0 0 629 402.0037897204536 622210365024.3914
11 0.0 974067217843579543 0 0 460 191.38765374240538 415240690130.8385
11 0.0 602588105042861462 0 0 73 66.65689608501016 113688947792.60825
11 0.0 925731162067635521 0 0 25 16.284771849677536 3982886125.7727313
11 0.0 938136232453267716 0 0 164 5.145755474446783 200595517296.13477
11 0.0 334950848196334298 0 0 600 314.40773436595737 641028527015.9886
11 0.0 971461968657056394 0 0 105 142.97599847801789 63386887497.31825
11 0.0 407742598943912809 0 0 41 4.363222699297312 37995700188.07496
11 0.0 673799675272472690 1 3 35 117.5485283690271 125500802878.11139
11 0.0 823106496928117780 1 3 12 26.6958038358035 111663966361.4082
11 0.0 937763181575345778 1 3 52 110.61679612436811 228768909913.2117
11 0.0 526764193541447499 0 0 411 418.4356355628631 1410215875339.8213
11 0.0 509824714049582446 0 0 350 99.62172022260768 305206909751.1362
11 0.0 272166104710624654 0 0 343 139.0334177119469 191128210874.4795
11 0.0 194422377023082944 0 0 1010 138.04976959823483 1334248573546.4417
11 0.0 759702652741047844 0 0 93 9.507102540018899 93210739012.51819
11 0.0 948012288997850307 0 0 197 146.18798060257518 148455925731.9677
11 0.0 274652644345638122 0 0 1017 109.64793959341232 1302908461071.9426
11 0.0 773361898956569881 0 0 339 233.7437367127389 210110260892.2418
11 0.0 143248877338186059 0 0 143 139.33848722283605 145005700695.01987
11 0.0 569915402464341536 0 0 374 213.4359088984123 200315415832.22128
11 0.0 805922002610102408 0 0 373 131.05144758012315 390844447428.4608
11 0.0 612490741463261159 0 0 398 131.92278905092692 617483606869.0786
11 0.0 803550531614009752 0 0 297 69.81250892403492 744926992813.2037
11 0.0 911672451387118420 0 0 294 83.85884816678494 814436157016.363
11 0.0 516414618606113580 0 0 43 43.57240538847762 51855306840.11388
11 0.0 278574024310620066 1 3 37 78.10515214184882 175044635883.69116
11 0.0 446037042139231346 0 0 393 87.74019232194944 322633172072.0261
11 0.0 675147718042967844 0 0 337 267.00738059683084 83432820930.86238
11 0.0 754091383793977592 0 0 335 114.52641194274626 512454271479.75604
11 0.0 638236206181923278 0 0 755 718.4828374589163 672109363179.4371
11 0.0 783621471890125052 0 0 889 449.089412142133 1147439053768.3994
11 0.0 183344209543371481 0 0 340 307.63513752785 676140251632.5137
11 0.0 217659328266996096 0 0 584 349.3520241666587 898804660407.4276
11 0.0 142063364192459661 0 0 369 6.141540315887163 263979561775.56732
11 0.0 259397863527379633 1 3 37 103.62086942010751 12835742526.654125
11 0.0 552590810405629632 0 0 138 89.60289282799337 275942863038.1133
11 0.0 385005874602319047 1 3 19 25.09051321640749 7354609738.066779
11 0.0 458591556456032795 0 0 5 3.3464077023413883 4990129871.496173
11 0.0 112856346999779145 0 0 279 417.7374953987844 32853074625.950115
11 0.0 123411860709236346 1 3 38 58.15548587130478 257023521135.9606
11 0.0 105517157838726197 0 0 715 390.2987718328204 1244138790006.4763
11 0.0 129240122463330581 1 3 44 169.62175046567356 273092503137.92148
11 0.0 419109036256071829 1 3 24 43.34965982809311 62596060695.18839
11 0.0 985005953804593984 1 3 10 22.354262476011638 7349515754.0786
11 0.0 790298901777242682 1 3 34 59.15078767934863 108631086260.36232
11 0.0 428197266687554661 0 0 87 13.881925361999393 124001452570.1065
11 0.0 581982320534640582 0 0 562 238.78964749221686 625496902591.1575
11 0.0 812026559281586495 0 0 652 203.16446698553202 1745129927084.5505
11 0.0 440214797787896086 0 0 442 248.83764632625423 454117953741.3165
11 0.0 245713702889938620 1 3 53 88.29745221032749 276004761075.0933
11 0.0 931723525071197748 0 0 584 10.630645043512784 581962671565.9954
11 0.0 856247765303232765 0 0 574 34.16352209627404 745555505218.4186
11 0.0 633601945230568542 0 0 137 71.98758634889766 131255826591.41808
11 0.0 312790809624907630 1 3 29 119.46908566134097 276290675075.94763
11 0.0 485724801766683580 0 0 53 51.241187995395485 33715810029.33294
11 0.0 500333208306951700 0 0 99 46.05030328206005 294489024435.29645
11 0.0 353489502774716747 0 0 56 51.25693398717445 36964355214.18849
11 0.0 452869932032779096 0 0 556 312.5257977405966 334688454745.99194
11 0.0 727679662656033167 0 0 746 467.45111450958956 358109974296.7387
11 0.0 690012455103105874 0 0 13 5.811918674835889 46071126909.87164
11 0.0 262822256175101544 1 3 21 40.24396409917163 130905750624.98811
11 0.0 547953899180731384 0 0 1009 723.3712433122658 1947462022513.3496
11 0.0 543011299117234293 0 0 80 80.31539165415927 178625790351.5521
11 0.0 113603081710388354 0 0 200 161.91914550364328 280567495608.35504
11 0.0 587674065949567142 0 0 249 97.14867059511893 327152052073.6076
11 0.0 522133849962248498 0 0 758 736.0216105974735 546735788586.23883
11 0.0 283826379360398938 0 0 370 91.94094290775016 376649731594.9074
11 0.0 558171980020791047 0 0 294 38.57686039037815 100637320737.50084
11 0.0 180971941897213580 0 0 36 28.58872410075244 36642854805.7605
11 0.0 529014086427466320 0 0 564 47.04026614223577 606729243594.3721
11 0.0 769134583796593321 0 0 803 606.7131985741175 198557696575.2126
11 0.0 690172382517374846 0 0 192 199.08534157015453 377284152577.343
11 0.0 858880968693713410 1 3 16 16.541926611714153 67584749046.85564
11 0.0 398149670534048964 0 0 471 383.3720142124725 85881388544.53519
11 0.0 183288967728492782 0 0 47 10.487614420027393 62683926876.54863
11 0.0 778793498880552640 0 0 122 115.0031347120081 279666606706.9765
11 0.0 537740094324201552 0 0 874 351.6432481172496 1657266269137.7168
11 0.0 838515132977559054 1 3 38 132.68200342686242 202540955287.7651
11 0.0 288293939094370797 0 0 207 137.68691020339793 622775162911.3654
11 0.0 815687066238255226 0 0 325 175.7980608278757 902913815578.3785
11 0.0 994756217608562598 1 3 18 17.93165687069216 73967508365.66214
11 0.0 408454566972510221 0 0 72 6.317118021724711 37253436713.611206
11 0.0 706021665117829725 0 0 208 93.845335371964 180408789079.7534
11 0.0 366651198276568363 0 0 750 106.55939674461177 1106052544299.9832
11 0.0 722588751385196592 0 0 314 204.58025118023775 490465397048.36035
11 0.0 475560155018914671 1 3 22 48.77971370811879 78468884632.52844
11 0.0 269441900730598126 1 3 15 28.141125031345855 18511466704.918808
11 0.0 326398494187580487 0 0 155 185.16015053134868 344801557428.0294
11 0.0 185041585927806273 0 0 195 89.57109119119778 85356785024.0801
11 0.0 142217511833917012 0 0 337 221.75767467203622 725243588571.7646
11 0.0 242551957155062392 0 0 99 54.37305978750148 289749256165.376
11 0.0 179729207650438110 0 0 137 187.45379990058402 182643516276.94452
11 0.0 134261742046283516 0 0 126 59.00214042328669 200452328120.06204
11 0.0 849082011466444615 0 0 26 5.490622272265059 37568940064.26408
11 0.0 638475662965923018 0 0 333 207.64555320118185 235010361689.55182
11 0.0 190199603505527436 0 0 688 286.02215009155 536355966967.1081
11 0.0 259999642745255102 0 0 158 56.023014778024475 367439229541.4727
11 0.0 369870646091301791 0 0 194 109.60155587094408 471233438790.49866
11 0.0 363144615445974660 0 0 477 285.9167450416136 236403719901.8804
11 0.0 712829050494064249 0 0 346 31.507936745111707 51492140798.12091
11 0.0 557693036215486992 0 0 556 152.38902358994812 286901912334.1714
11 0.0 907489802225901292 1 3 53 151.9786776831617 390593941563.5869
11 0.0 230898193889602967 0 0 641 259.8630060604872 1249256703211.5232
11 0.0 373041043734530025 0 0 354 10.556581619893201 249027080768.2884
11 0.0 896423167110384445 1 3 7 6.734549689132578 40081272811.41715
11 0.0 492139461957272169 0 0 353 8.92302899561441 168430160144.3634
11 0.0 600557927704183842 0 0 388 221.67964541923013 587873709337.9833
11 0.0 612853687212706988 0 0 581 153.7337076323453 1407377742599.2056
11 0.0 966364640433987432 0 0 521 290.68426192461203 1070850740473.9308
11 0.0 423447348538978282 0 0 923 804.444851037664 1089384874649.181
11 0.0 589147471115074380 1 3 20 60.7530348007949 122921191192.93748
11 0.0 438542577988616708 0 0 186 2.218377337898116 66491162776.02099
11 0.0 428856386626697255 0 0 578 163.6513051166231 188942234324.71063
11 0.0 995085098900182150 0 0 721 458.8676212774983 1124598203046.341
11 0.0 587941051891966084 1 3 32 39.2473669755846 58410710698.64593
11 0.0 560490066937449459 0 0 198 99.49518600472804 298548260029.74347
11 0.0 502593296364523957 0 0 32 12.848490371700086 26580881568.382763
11 0.0 439028354211571849 1 3 6 16.283062931621853 6405538745.793697
11 0.0 379536088104919981 1 3 16 49.3922281543523 86719954292.6513
11 0.0 703482032806117706 0 0 863 445.20828541675723 1223832296236.9893
11 0.0 578790655712294662 0 0 360 118.99292155849274 754540728151.9905
11 0.0 337680908004218575 0 0 12 4.651500046497057 4790958396.144075
11 0.0 461316580222606853 0 0 249 177.8071806426254 666018080797.5061
11 0.0 195894052897199200 1 3 23 24.09677857766586 134204675233.7271
11 0.0 702434897546547864 0 0 356 161.37924998601756 864441849471.3146
11 0.0 713387697638134322 1 3 13 11.054188481951064 64156586548.74139
11 0.0 763486852777991707 0 0 545 654.5598599704471 697131911280.3907
11 0.0 756751357203880262 0 0 30 24.524941678806584 59912218878.51164
11 0.0 739412890106657190 0 0 114 59.67624541284024 13906368537.47369
11 0.0 840608795588005987 0 0 57 56.88041428338843 94611798423.45552
11 0.0 401736808595662472 0 0 305 75.04370712012377 559084973142.4315
11 0.0 115050708080742455 1 3 28 69.55670213570832 156583884435.6439
11 0.0 580379957622178087 0 0 371 389.74702076380163 539859101150.78754
11 0.0 340095897041185739 0 0 277 69.04112104367401 379397417005.63995
11 0.0 184211993340168400 0 0 555 25.33591274953328 261908308909.66425
11 0.0 877946319189346780 0 0 221 99.49713882454026 91082233933.01968
11 0.0 843171137540399391 0 0 1497 861.8756798375041 1699883028694.3413
11 0.0 948323945704848741 0 0 685 832.1622140968656 243085800606.34247
11 0.0 341468834883912522 0 0 429 315.4925436410688 55887600407.12827
11 0.0 642853543277927224 0 0 626 458.8766833021941 1184159189735.7666
11 0.0 417463886637670110 0 0 262 257.3313554917479 354889074691.31976
11 0.0 904581955409096959 1 3 15 0.6095871733937447 110262020545.73436
11 0.0 682060179700057373 0 0 326 147.11453818253636 305728625662.01514
11 0.0 164876474941055478 0 0 343 134.56454015052955 447967661435.9388
11 0.0 252719282140453639 1 3 48 90.52960757486188 445874970732.23755
11 0.0 861527145214701379 0 0 18 1.2278144641194535 18044078196.108807
11 0.0 523663898580003773 0 0 228 218.78602413170694 139181539596.98642
11 0.0 146770730001296542 0 0 469 119.83238690650892 1187734507573.5913
11 0.0 921347309182721421 0 0 784 662.4648886582982 1647131849705.4675
11 0.0 235467638822263599 0 0 335 212.5941314694435 187756109164.26013
11 0.0 501965227959347643 0 0 227 66.76420888811899 382226502915.0781
11 0.0 793539291089549721 1 3 19 10.987545804364858 198060077221.21207
11 0.0 768101981413177909 0 0 621 222.5680467640618 514632154891.64575
11 0.0 617160044263544785 1 3 16 36.44046378613943 68562114763.43049
11 0.0 809550298038319369 0 0 216 98.49146305099998 262816026718.4565
11 0.0 261038477876082785 0 0 127 32.052753010213614 77218482329.49835
11 0.0 690094282360330096 0 0 359 314.1790954026163 591313756678.2778
11 0.0 565352934124382154 1 3 13 25.066380082871746 87257431686.32234
11 0.0 341672221113975957 0 0 534 503.2565347504086 733596898692.62
11 0.0 625456862345758747 0 0 906 933.5395255283852 1318650857425.0254
11 0.0 129620223045016133 0 0 1207 965.7058151521373 1929898248101.1187
11 0.0 644787469771008490 0 0 1466 130.4765853221111 967033513626.1984
11 0.0 558895871406640030 0 0 363 292.49385060964147 629856887204.5996
11 0.0 416676754985976874 0 0 540 576.4841716107006 842098300532.3351
11 0.0 996515718867273595 0 0 1293 562.4809112519956 3489386164682.787
11 0.0 646247265214567372 1 3 6 9.278244524714815 5570003040.035469
11 0.0 378069524868976127 1 3 39 26.2051107192999 168488364588.09946
11 0.0 566549350772860771 0 0 44 34.235757474604725 27984196900.332996
11 0.0 871438519482910304 1 3 13 45.06254349412573 37910354636.61762
11 0.0 953951457478945663 0 0 20 10.900355699085333 31055665410.18022
11 0.0 946548594267213131 0 0 101 88.71070764145304 16046712157.127401
11 0.0 749258170893023454 0 0 1368 1319.1582919330162 1788976668734.349
11 0.0 174482025241900214 0 0 405 323.02449530405676 686074002768.6295
11 0.0 776295116657999138 0 0 742 64.16466728922641 244990524620.37637
11 0.0 216423056970774339 1 3 36 15.525012603727179 160111837918.51636
11 0.0 883089376703444061 0 0 232 172.83025995728266 176251124642.50388
11 0.0 279607753772833571 0 0 48 60.94577650301744 41749160845.43103
11 0.0 905395125251163293 0 0 304 110.75789388499375 363961360312.2566
11 0.0 412138652998071335 0 0 145 164.42847450892623 201579176614.57635
11 0.0 875027455093886281 0 0 278 179.95671269724383 418327520631.2556
11 0.0 244288682783972049 0 0 408 194.1709568938756 455749114214.8806
11 0.0 290074612133096558 0 0 623 405.08710815657264 927817240759.3849
11 0.0 330921753831491090 0 0 313 62.56436536576872 669833533389.0543
11 0.0 380042381714811020 0 0 688 665.4821815194962 1001331247391.2479
11 0.0 630695672043102759 0 0 1069 391.5157483015251 1650778263591.3848
11 0.0 727370903496791230 1 3 29 50.00014968912662 118800379266.62076
11 0.0 440081889318464508 0 0 543 56.5867787279357 1592640342623.672
11 0.0 921072184886581136 0 0 171 94.30814619642462 118860027804.13916
11 0.0 647167972105319663 0 0 465 270.07797327290905 499357146697.60645
11 0.0 852634651754349628 0 0 639 429.77874537041714 988107420110.3289
11 0.0 402822623168649582 0 0 129 37.430712555161435 216220888321.75858
11 0.0 602089063102078567 0 0 146 12.498313846720214 189252222102.6548
11 0.0 211403962242780802 0 0 925 640.8802073223508 1990629208003.0098
11 0.0 306753048349845213 0 0 1020 71.28752919351138 1092189146346.9781
11 0.0 759193184660830892 0 0 641 321.04067722806803 2077213399719.511
11 0.0 582756097035066632 0 0 347 179.4481125293353 382934404347.6178
11 0.0 369537641342538047 0 0 647 586.6267775366314 863577656778.04
11 0.0 347895735660821102 1 3 19 109.59136735422761 112488805304.10458
11 0.0 279117416460177363 1 3 54 112.90057600467082 182471031974.20087
11 0.0 767007993178685113 1 3 10 29.52392062520792 39562940132.40264
11 0.0 558203556211492172 0 0 53 33.668252889277255 112416027737.28055
11 0.0 232672281905030569 0 0 606 150.844725092771 589413197247.2362
11 0.0 153592545716938651 0 0 218 175.53952632070903 120919853474.93588
11 0.0 121634829279437823 0 0 255 237.02738357116857 247164563827.23013
11 0.0 646831101507814312 0 0 517 338.3450125228734 741518238251.0238
11 0.0 983499744818595091 0 0 219 29.831896233957785 458051814350.29675
11 0.0 599954006379554674 0 0 59 37.418807151122515 100627174667.21286
11 0.0 988230574035224184 0 0 204 82.82682867581426 113551811235.3684
11 0.0 840577432128476885 0 0 604 553.3410915819165 509709894803.5342
11 0.0 388925630983251826 0 0 446 232.48926997698322 277324915366.7352
11 0.0 536660375507749402 0 0 67 60.54004809847974 150831792771.89426
11 0.0 249179233573035576 0 0 663 547.2536362072865 320943564362.237
11 0.0 183003016887517608 0 0 531 404.5620456654008 345038368610.5549
11 0.0 667641797236937261 0 0 625 55.45862889191497 1020268765724.3726
11 0.0 513862986504151209 0 0 322 243.02224973740368 113041203923.23218
11 0.0 691073190573773014 0 0 627 347.9479195701712 863205876023.9727
11 0.0 521936356696790200 0 0 435 193.02448707787389 444568532364.18695
11 0.0 988707525375984754 0 0 49 42.75720532611411 48671016049.80086
11 0.0 648054155247501606 1 3 0 0.39550025828328056 968124776.2627082
11 0.0 814412406000391049 0 0 691 792.7162543535468 610605049926.8414
11 0.0 342922203017882151 1 3 24 62.42720514518615 90561288316.10944
11 0.0 116363303589267484 0 0 336 316.4614246934276 356091846820.20013
11 0.0 244741483476822966 0 0 1077 384.98369051027714 1687329858868.547
11 0.0 369622683181125658 1 3 10 47.80697909967345 23212952781.03693
11 0.0 619835727132773319 0 0 514 605.0376761733394 686571851416.9808
11 0.0 573605991495055523 0 0 427 327.5194712993891 110924037318.56615
11 0.0 593914218274851140 1 3 9 24.355837323016836 25135640043.397243
11 0.0 411975538786339001 0 0 799 179.41433038255693 1754763028541.8293
11 0.0 792293511575797073 0 0 789 617.1574749855196 24756550599.489773
11 0.0 722518771376988474 1 3 18 22.599417915443702 45054430632.22129
11 0.0 738823476001305184 0 0 457 399.94415602255134 533779787069.0776
11 0.0 169570820813173099 0 0 288 188.43457743956722 148677638987.13806
11 0.0 690891853329103616 1 3 40 108.5549216974376 59920514183.873566
11 0.0 286585241651490968 0 0 804 493.56377658856155 2028152067433.1091
11 0.0 246162426523396216 0 0 856 503.06771455900804 513012770121.6187
11 0.0 536985903285166497 1 3 25 32.73391766008095 120775836804.90826
11 0.0 794166966050829981 0 0 74 31.582959296645296 231903551259.96512
11 0.0 819351173684315528 0 0 640 931.8350405447425 180776076988.8464
11 0.0 790041919057654212 0 0 174 238.0240507540375 254423251612.51642
11 0.0 182391328829439011 0 0 401 60.95979473412521 429054550480.1012
11 0.0 504276307504686838 0 0 521 218.49194405273832 56038630665.21725
11 0.0 935572514582618427 0 0 534 304.956926850043 1178429560191.1138
11 0.0 866298031090236318 0 0 846 669.5074287628777 422729313786.8831
11 0.0 718190619057519223 1 3 30 108.69904270028543 157777681921.56485
11 0.0 918872340806791380 0 0 201 26.348265148217642 201722971855.169
11 0.0 660722211639289805 1 3 28 115.61360290681384 163846415669.03452
11 0.0 803444264380961514 0 0 146 82.25709269379088 179974577544.44144
11 0.0 575834130785712279 0 0 753 557.8114741361466 678037586819.2737
11 0.0 847349651991669299 0 0 581 118.24161626188015 711311164358.2905
11 0.0 589049015563560734 0 0 527 97.11785132904348 776773378931.4438
11 0.0 610526034538399672 1 3 44 138.257464449478 420723436325.859
11 0.0 573402396891413941 0 0 987 12.093221467323561 816928444913.6885
11 0.0 190145358240670010 0 0 142 241.00103988244314 134058725537.4133
11 0.0 234246316065364629 1 3 3 3.4811060787048347 4528480520.586555
11 0.0 726935898530742423 0 0 885 296.5307156185218 1363194541107.9207
11 0.0 459487347191722560 0 0 203 108.95284657119547 201848073552.2063
11 0.0 591270387392452428 1 3 25 56.65152972582212 39742990688.255875
11 0.0 920927629746886542 0 0 767 171.9883445533015 1168207862426.5244
11 0.0 676689456595150948 1 3 20 10.076171175582987 55705447168.87937
11 0.0 880653026191022546 0 0 153 52.70646571060503 171395111749.41022
11 0.0 609277087430679747 0 0 689 424.1272239888135 636223441761.356
11 0.0 878473574419810425 0 0 77 32.6547338611354 112585947493.89398
11 0.0 640463264959279997 0 0 271 170.2465266980873 175476270668.92505
11 0.0 590580132604435709 0 0 731 650.1568871288702 1094102773118.8235
11 0.0 323326625786644953 0 0 821 512.0186074247118 729129392296.0917
11 0.0 651054153760188367 0 0 407 286.21259584927003 131592901108.22008
11 0.0 315713319541057911 0 0 152 62.643861426275535 253964257162.50626
11 0.0 466750852611858000 0 0 103 10.523881852388241 25484757544.27018
11 0.0 183036817056726093 0 0 48 27.26296594065571 155948174855.45517
11 0.0 150757697979728359 1 3 22 70.00243933485399 119785174343.00322
11 0.0 438694288632770493 0 0 191 119.83082512928985 279250547769.4205
11 0.0 610059873132331304 0 0 804 633.0320157890282 630917018312.1831
11 0.0 796386985876130111 0 0 265 251.85605785271935 31760251621.167393
11 0.0 741121739482795463 1 3 38 89.81122886005463 224415479779.90338
11 0.0 619283466396595102 0 0 620 457.88164167089786 91872377817.77667
11 0.0 500681882759818054 0 0 299 203.0275798922838 201924463717.02344
11 0.0 308284065050841519 0 0 675 544.7919030118459 789895297861.3611
11 0.0 672833879363192543 0 0 717 259.6388101688154 1010691392909.477
11 0.0 528738244306430216 0 0 644 168.97455238822667 390370814379.46216
11 0.0 542410472199320382 0 0 281 136.40812463209764 651916775516.5032
11 0.0 826973825536358285 1 3 25 1.489804034293213 105069509536.72592
11 0.0 262857200894772417 0 0 63 51.4175732630696 26189846102.305847
11 0.0 847979124454859884 0 0 54 26.13420212524026 66238362689.47239
11 0.0 759192668900159391 0 0 1241 216.04059088085458 3045088265463.5547
11 0.0 723039680598612052 0 0 25 25.141596557180033 15527475455.005453
11 0.0 156353863580592557 1 3 44 92.04152317148521 150173171565.86755
11 0.0 520598404201162821 0 0 192 67.18040430155395 224007135777.03375
11 0.0 563648856491540286 1 3 19 28.48362427887571 159890495053.0218
11 0.0 186737914444674433 0 0 300 139.4159636131672 440005920439.6253
11 0.0 794250033310973867 0 0 30 9.976521680296072 87381864455.4468
11 0.0 233696677147613678 0 0 297 63.98956976223603 411406328781.5636
11 0.0 324675508864661358 1 3 44 128.79201253092737 178020570205.77573
11 0.0 991910508602582050 0 0 151 110.50351878400113 106317521407.42496
11 0.0 219594511073697886 0 0 1223 816.4235986250987 2795623007579.935
11 0.0 914919081509093235 0 0 766 276.91760603238856 625117484941.3872
11 0.0 384545864758966498 1 3 4 19.453358550254023 29471581538.00435
11 0.0 175505646068550257 0 0 1203 423.6566512803166 171364816040.90836
11 0.0 836304108127722848 0 0 167 231.1724791999795 159634206469.40298
11 0.0 970637929350011676 0 0 434 166.71565370965828 259336997833.02267
11 0.0 184514081211535716 1 3 15 15.17532788069273 139225437243.50058
11 0.0 303685241413399126 0 0 645 956.5743614332586 1061228773619.5658
11 0.0 916423764844712232 0 0 143 95.03379892873843 85735483486.88649
11 0.0 677072227448558536 0 0 108 79.88342408275635 181295759172.12122
11 0.0 315265328036161365 0 0 87 23.504706829118547 90181714993.2517
11 0.0 663999432882860589 0 0 51 35.07482952070705 43713507422.41185
11 0.0 994433636394933063 1 3 12 30.50288884324839 74046436744.82529
11 0.0 601807554619698196 0 0 303 144.7258975213841 447665824915.434
11 0.0 279648197211256743 1 3 28 37.52488285698749 211155706414.62894
11 0.0 827314345507162567 1 3 27 42.66041493706021 88078929025.89517
11 0.0 456237982495625888 0 0 442 370.89595581203025 490080856189.0521
11 0.0 101943382764466582 0 0 513 227.6608601022346 728799564902.2225
11 0.0 543964203205097984 0 0 152 130.24429529615784 293412056915.51917
11 0.0 695926705520270652 0 0 240 67.59096843333839 257987969781.0015
11 0.0 499305262643604094 0 0 274 23.700144150698907 170216770631.8359
11 0.0 732546369892670149 1 3 7 21.37973714630082 22524743070.615025
11 0.0 802268161942793423 0 0 874 180.2369704997757 1194311313734.1025
11 0.0 561828181582682708 0 0 59 25.69370186793354 65517654649.94373
11 0.0 711137502443025025 0 0 121 143.53999551372507 87985747532.09866
11 0.0 625903343453905833 0 0 509 445.36105853884123 20786245659.10974
11 0.0 258758243548894747 0 0 130 104.95973616843523 199766450804.54312
11 0.0 365952441526903995 0 0 510 128.26652560408976 282278527162.0545
11 0.0 283683153518394362 0 0 270 145.55946861714983 14548887129.768475
11 0.0 253495642053737238 0 0 329 98.82890138180935 878534484328.8112
11 0.0 101524472058581080 0 0 876 21.061153100757878 965428889710.6396
11 0.0 510269656512448928 0 0 341 98.12631630305494 272903937228.09933
11 0.0 842530246543613415 0 0 627 13.485634128397974 1374550425325.561
11 0.0 239481617627584313 0 0 105 117.07702807859043 306289839097.7586
11 0.0 700660821534263805 0 0 80 57.64799818312647 182691381317.4626
11 0.0 683929195784884195 1 3 47 71.35247009413229 254025672693.25415
11 0.0 949116452542766595 0 0 60 31.247508565100105 109996254520.56767
11 0.0 149009448820272100 1 3 35 92.42450987148683 120756605635.97867
11 0.0 973822070787470259 0 0 352 160.85107392724728 671672860868.2079
11 0.0 534566242491270369 0 0 270 38.13350534174055 735733081619.0946
11 0.0 914436305252152200 0 0 69 35.592677305371424 46676246548.86702
11 0.0 926016450091006893 0 0 280 56.331243491550694 317117753688.99396
11 0.0 789284561157035475 0 0 194 16.487021205787126 382142861337.91766
11 0.0 104728228451459529 0 0 653 313.8418494656367 523556305091.6726
11 0.0 454539399813438759 0 0 156 40.18153351132868 134905217032.70187
11 0.0 311347552174766700 0 0 643 564.2835940121552 1081756000475.4891
11 0.0 683249664838694051 0 0 259 271.5947652981137 368066055077.9653
11 0.0 408000227707772739 0 0 694 772.1154574161138 1078125723872.7842
11 0.0 791367561099134942 0 0 42 5.76063124463092 46324837739.454346
11 0.0 180059763236582617 0 0 164 58.2441468142567 172730944735.1275
11 0.0 536189742030198099 0 0 856 166.19799220009648 1870806175383.876
11 0.0 884733751504675138 0 0 148 207.39296116587434 93331681565.06349
11 0.0 795993631278384800 0 0 884 262.039557979211 790324086141.7664
11 0.0 267939961788701989 0 0 1211 1159.4216579310707 1004326624868.1237
11 0.0 361570296065594847 0 0 285 73.5647684471723 171989604800.2578
11 0.0 532048464038762769 0 0 158 116.21001534715298 500389640830.65027
11 0.0 365081489401603066 0 0 109 3.663361291228727 162442796387.04663
11 0.0 452445185448446056 0 0 246 36.444148744412416 75504832656.39471
11 0.0 249941653100106744 0 0 555 864.7100731044137 565803649196.4291
11 0.0 595999673232892335 1 3 2 7.588660161019036 15482417098.36286
11 0.0 102609122403950951 1 3 16 47.07564641110008 56563580696.06665
11 0.0 443559764445500544 0 0 299 40.223073639647794 412590032520.54285
11 0.0 574848484611977510 0 0 202 30.646614028619496 225696455710.80634
11 0.0 501566301495779053 0 0 245 312.48773309078285 222941179427.67764
11 0.0 328645186298489638 0 0 726 728.8802437371301 149183576226.53284
11 0.0 577578339251409127 0 0 550 427.27969583744357 521436857494.7463
11 0.0 777121736407594968 1 3 61 228.08008591279193 236027149753.2864
11 0.0 367540531306845570 1 3 30 49.741882939345096 161334833967.56403
11 0.0 659849138867352395 0 0 1099 536.4652077851118 263377691399.97403
11 0.0 473954429869685252 0 0 30 1.8677573070113198 26039392702.43408
11 0.0 835880601411643411 0 0 591 540.0890033320775 821332325973.3152
11 0.0 405453710925810276 0 0 273 33.708037461948145 188672201978.89355
11 0.0 984581463505965584 0 0 335 140.36774072998028 559238250077.5498
11 0.0 474264906521351995 0 0 376 419.2006271594411 605621542108.4086
11 0.0 559999336786648837 0 0 420 451.7835213975922 91558976670.62532
11 0.0 576578575252211070 1 3 31 85.97593551082886 99098096926.05394
11 0.0 449988103908866085 0 0 600 417.48831826761005 564873036089.9089
11 0.0 749856207852066158 0 0 118 101.83467949272112 35310578340.27162
11 0.0 397849758837102023 0 0 538 251.79541948828083 818524790834.4808
11 0.0 712455710820195737 0 0 247 212.00769754751565 19601178436.48494
11 0.0 783397535578884731 0 0 852 728.5906579542676 1511920005834.3455
11 0.0 496793396382111442 0 0 206 165.18015998947774 276268294183.3703
11 0.0 866060360126514692 1 3 79 157.65248808086736 184126918510.54587
11 0.0 808652579326572055 0 0 282 166.69934201590775 574519189001.3025
11 0.0 504133508849591781 1 3 2 3.9096163702278077 13123450904.964636
11 0.0 520989113084204318 0 0 41 29.73516103034616 49164481978.62895
11 0.0 612051365396663064 0 0 807 40.425908384354514 1029393319542.6433
11 0.0 570112888758902254 1 3 7 19.588345422086565 34299279574.287807
11 0.0 215754654344398648 0 0 151 113.3455926006879 114387185017.62712
11 0.0 469008781254474604 1 3 3 4.00100575747387 19040291290.363335
11 0.0 259048131353749773 1 3 14 31.022662841719185 49647975186.85303
11 0.0 331365181086085962 0 0 121 91.82818737311517 176671241495.3037
11 0.0 348280233330959628 1 3 28 61.366845274259326 99409329861.49469
11 0.0 826532750273095565 0 0 15 5.220378948162373 46564677041.17451
11 0.0 126119274415892979 0 0 49 40.734045496685724 90982215582.66127
11 0.0 232822070561219982 0 0 970 856.9398277165371 1269984105253.536
11 0.0 306099477813047865 0 0 582 352.4923882353561 207736144043.9535
11 0.0 412414230403745457 0 0 4 0.3467708857534576 3820649569.119346
11 0.0 347169897013528137 0 0 552 248.7571109918578 721356042797.6239
11 0.0 368615148922495695 0 0 154 50.30822491249886 46332215158.203705
11 0.0 241120633600079210 0 0 170 129.1509201918379 25000201798.36199
11 0.0 418735628713950464 0 0 688 489.31632813912336 659105983782.6517
11 0.0 116575608058993714 0 0 994 231.36158326390552 374917716016.1388
11 0.0 229254905201447431 0 0 616 280.45267305748564 626699110636.9227
11 0.0 900850483628036158 1 3 51 152.792282708993 34128825363.071007
11 0.0 553716274998128932 1 3 3 17.91656318904424 36168009894.34643
11 0.0 806420353367865741 1 3 47 107.5395990659303 304553684212.5376
11 0.0 362133948803773854 0 0 186 169.08063808244654 247308273319.48688
11 0.0 170104237531216338 0 0 185 134.04726058663206 107756023144.70929
11 0.0 653027139142306880 0 0 122 66.04436558387849 157816374519.22446
11 0.0 585320371237054957 0 0 184 201.21640235036276 93226088589.34094
11 0.0 999886238797828172 0 0 274 237.60322201712415 283799298828.094
11 0.0 123747700000726141 0 0 335 194.9025779320082 478583458307.08203
11 0.0 134333298453258379 0 0 985 480.6375709885052 2771678878760.002
11 0.0 466669974518601359 0 0 53 8.69042807631266 67215072679.907196
11 0.0 477445971572494412 0 0 553 416.4595376839772 707926079026.3131
11 0.0 355911356358806266 0 0 150 40.27408193529489 289025123354.3756
11 0.0 693281551230314871 0 0 509 369.84532742656705 1408898708773.4468
11 0.0 431712497167014945 0 0 283 215.49571099618086 676348829406.7803
11 0.0 836488810547065055 0 0 242 74.97344629353161 194571805824.21198
11 0.0 920496918065036863 1 3 29 40.52481650806678 150955683866.12457
11 0.0 435951741516849983 0 0 135 87.24256330937682 273479888125.63565
11 0.0 936848444240398862 1 3 5 22.35103937809555 24038867776.001423
11 0.0 332486922796615228 0 0 345 301.2960365035548 524201282948.4919
11 0.0 123194898513333753 1 3 36 20.03616799660308 99535947781.9031
11 0.0 914833962179466549 0 0 106 61.684454993477004 366223271413.51807
11 0.0 598293241187742309 0 0 345 181.8956313535642 573190932480.2217
11 0.0 654409879335555355 0 0 64 60.01467807838861 132836769078.89957
11 0.0 690518270270213607 1 3 36 57.199705463020656 158794320892.90585
11 0.0 987002682542331264 1 3 26 102.39930725915299 140909052059.96866
11 0.0 365289063578762560 0 0 84 70.34627879926826 163049497786.38467
11 0.0 416529343388772440 0 0 255 251.10053794466808 467206530932.58887
11 0.0 252429179944090457 0 0 171 64.84435354472741 179941686613.64435
11 0.0 298893979381231798 0 0 465 303.0322911988769 913410439715.8282
11 0.0 113519979837900818 0 0 274 181.2908786000957 492930142845.2158
11 0.0 885738796777915040 0 0 303 30.89232152459335 366602092899.5428
11 0.0 652804793702341945 0 0 177 32.136949511378695 94660574141.20872
11 0.0 138468353971776751 1 3 17 32.70359633076499 81385590007.29428
11 0.0 375109335806567560 0 0 1157 201.103016084016 1969351582052.647
11 0.0 918520198946992607 0 0 627 53.541031837428825 925723536006.9559
11 0.0 257812796726834481 0 0 1154 458.85106457827027 455802791123.59015
11 0.0 607355237416441400 0 0 63 15.302623847402986 46539017777.773674
11 0.0 571915741081396117 0 0 1058 216.95498952728593 2123310096812.3584
11 0.0 560261847473293641 0 0 493 488.3602313298699 754418170657.7249
11 0.0 520840227448548081 0 0 159 6.123946359929663 117854029135.29225
11 0.0 361182944846540161 1 3 37 40.83316215928706 52105529508.24709
11 0.0 184497932429198920 0 0 558 608.5808553450821 786792486843.8066
11 0.0 361897879649806869 0 0 224 5.5750410318361805 291685914908.50665
11 0.0 490653855262372452 0 0 301 252.40185383846188 224846369637.99142
11 0.0 491773953473388089 0 0 190 111.14443519348973 49510296906.878204
11 0.0 161858473936689135 0 0 1135 1111.2992914265 1250293552127.778
11 0.0 119400237304699519 0 0 325 48.835951336994796 205482320865.85864
11 0.0 316671129839729239 1 3 12 23.00168401661659 36298572606.32914
11 0.0 788791875954375396 1 3 34 169.66092703394247 236256463191.25885
11 0.0 191878710368681561 1 3 49 220.50591159089544 334804474571.5353
11 0.0 489555072615232244 0 0 27 13.610743454469366 55899852153.092735
11 0.0 842488884106996481 0 0 307 334.32343816152775 97439597584.36703
11 0.0 142057805461048913 0 0 258 175.9272574229165 566129549208.8916
11 0.0 774668612399420837 1 3 50 186.10896247962248 478588625385.2201
11 0.0 122106879400600748 0 0 461 423.14698949058976 427509022519.0755
11 0.0 303620238243163121 1 3 19 17.313695125703685 116743088878.49205
11 0.0 704100204911163203 0 0 419 97.75224985734643 27830374921.388905
11 0.0 952525030959542928 0 0 560 749.8816203017167 812520256444.6875
11 0.0 529957904444595995 1 3 4 11.436556470905355 42949195939.74433
11 0.0 148789315128893295 0 0 545 505.2674932750475 223511840323.16974
11 0.0 144808483094171432 0 0 485 77.11220733758819 110119734073.45457
11 0.0 635888498501486360 0 0 133 124.58813301349265 342261665789.443
11 0.0 949425327135981841 0 0 132 79.69240937970145 19574219314.141262
11 0.0 759091059647466188 0 0 669 300.4700140167249 1542710315433.4429
11 0.0 128108955906782275 0 0 463 157.56195859332465 629339470152.4025
11 0.0 895895619217646998 0 0 1447 801.5722676817562 2020046500130.4768
11 0.0 229235238410446444 1 3 32 66.86868556429144 211075190245.46094
11 0.0 645277064899649371 0 0 467 273.3353909568196 366973462351.494
11 0.0 634591645612530733 1 3 6 23.703262043996133 35462925374.052246
11 0.0 767507177993076836 0 0 848 558.0134580594188 570428238677.4062
11 0.0 242505745080748587 0 0 720 476.2691389475145 1196566155125.3987
11 0.0 937954012442178141 0 0 196 74.21167664866121 199146749799.01385
11 0.0 823584244982349060 0 0 793 278.8249336211297 1211669528973.8865
11 0.0 192373419284713896 0 0 306 24.69046787043026 56499692939.78726
11 0.0 589524461794217485 0 0 443 156.55018078240997 463120220878.7176
11 0.0 807390685051658729 0 0 5 7.3753047078758325 15539107017.861269
11 0.0 733144852142537879 0 0 284 94.43216827104027 624000804211.4764
11 0.0 339738841225968819 0 0 134 64.50901053620746 52114816986.23081
11 0.0 282855006464700018 0 0 995 991.5540048003688 1894304715414.957
11 0.0 936262768874337359 0 0 216 116.01478285156458 283995879040.48315
11 0.0 161899027725990167 0 0 247 121.60192338460845 591580881058.9614
11 0.0 753912843968148916 1 3 12 36.327869534240016 27920566504.28662
11 0.0 422976637857314224 0 0 4 5.257228655278662 6068379738.980611
11 0.0 651916119212186475 0 0 301 158.651393493775 514019838619.0102
11 0.0 266251792463777972 0 0 675 397.8566233247101 375967545147.4112
11 0.0 795671413097747808 0 0 775 89.35831413230889 312936258570.18854
11 0.0 552415138053845489 0 0 89 47.783159368264336 147657442960.04364
11 0.0 776474251190612603 0 0 195 33.92113137539017 562068077075.3107
11 0.0 681807392865447991 0 0 824 133.51966807783242 1674347794989.05
11 0.0 993591375706072236 0 0 227 30.542103294962146 418328837890.08545
11 0.0 911123505896772143 0 0 64 70.69112226466805 38378273563.73724
11 0.0 400043734300046583 1 3 24 32.411819311164834 9798403869.9701
11 0.0 375819614843999763 0 0 509 304.07113225851754 793643966816.2927
11 0.0 942688132385242685 0 0 583 343.0693530822483 901969556198.7461
11 0.0 293972285750102662 0 0 218 31.059306064178013 50673198647.21289
11 0.0 108491115866252912 1 3 29 37.24577510003625 42248238843.35385
11 0.0 308453288211429819 0 0 661 452.8285425247984 500405143321.77203
11 0.0 403258145847898610 0 0 409 261.9292107474167 105187248613.76323
11 0.0 362071291462682491 0 0 545 612.9939213699224 173535306619.48807
11 0.0 356261269359422952 1 3 6 4.220583523625098 29363480676.49673
11 0.0 481855924202017503 0 0 645 65.24822677996325 915059132484.0828
11 0.0 984862374427290807 0 0 684 168.72911759933882 311232744279.8825
11 0.0 525551428169069425 0 0 227 161.51017377501304 199529236918.96484
11 0.0 162101338195915611 0 0 375 247.66163532601675 710012893999.523
11 0.0 818658780774803154 0 0 1199 1381.6109620786272 1354151575242.3623
11 0.0 323543733720228874 0 0 810 458.01204788541065 1270026700136.9175
11 0.0 659770344867520280 0 0 478 94.00717867760972 797435634861.7654
11 0.0 598706413003674714 0 0 988 568.155696309579 1088634929012.8687
11 0.0 641339648575651919 0 0 115 28.643528544804667 86447388534.00456
11 0.0 288314256358296003 0 0 1 0.7295377025735393 653133465.0861821
11 0.0 885878790004951447 0 0 429 224.536731884167 160212264856.56775
11 0.0 793247900031103617 0 0 262 249.97069526499823 109827628824.34666
11 0.0 987599567333864806 0 0 16 13.30589514245915 12581982948.795883
11 0.0 287563174560647164 0 0 686 639.1946168953564 1343391381127.5828
11 0.0 413694436184067475 1 3 14 9.041084064971194 113917381023.36705
11 0.0 108510705255481499 0 0 267 229.9192758825609 49727134311.43333
11 0.0 794357045576969915 0 0 495 146.09796534048957 1177738651629.7656
11 0.0 615684283535452975 0 0 230 190.1620725225538 406369361212.5649
11 0.0 702682844210053249 1 3 16 60.19069307101544 164483969679.04056
11 0.0 378105931231041136 0 0 245 209.97291765505116 328629396711.4834
11 0.0 640773049103675357 0 0 80 26.735161710504904 78615433588.241
11 0.0 153541900905917708 0 0 334 330.60142058546876 3689900424.5325475
11 0.0 176890255548935876 0 0 363 346.90067229007326 792573618061.3673
11 0.0 166285090334219819 0 0 128 126.21536450395665 251420333507.7542
11 0.0 972155544603748922 0 0 324 432.6943779793132 238727161485.65674
11 0.0 676147682122997125 0 0 60 10.368225054473358 97598955068.08644
11 0.0 545241755984518397 0 0 103 28.927776118635027 219632657553.6578
11 0.0 385940433933274397 0 0 531 448.45530176748014 358853932595.6384
11 0.0 706935781637085765 0 0 16 6.148750537184688 33871452635.817547
11 0.0 771515375217592075 1 3 22 12.078091879715767 153097325167.8654
11 0.0 995506793787678504 0 0 142 38.529182053543785 163883061733.5421
11 0.0 732409856067146077 1 3 16 42.805396848428344 45612734907.05642
11 0.0 359451329018664316 0 0 488 309.1722531882696 744557023998.2854
11 0.0 509790367367371720 0 0 28 22.48680333020425 26856107335.502316
11 0.0 425872531287507822 0 0 327 164.08330854841324 408367916421.9672
11 0.0 464180466413583582 0 0 2 1.4620854789023923 4358003613.321547
11 0.0 516780600157469990 0 0 77 61.36027117166349 44304982536.68228
11 0.0 485640500523669981 1 3 22 13.435163339148195 85938888781.39499
11 0.0 883655202144270312 0 0 295 41.77531580533616 196444368405.0744
11 0.0 478117151767766360 0 0 6 2.609685366026708 5543816775.930132
11 0.0 470599890689175483 1 3 24 46.366003017002015 133678838608.25371
11 0.0 694666395097868686 0 0 661 477.94121665051534 955433591075.7826
11 0.0 244923350536653377 0 0 616 296.5950162055466 1080631733130.11
11 0.0 233868319207681213 0 0 587 343.9678638946003 1229209584885.871
11 0.0 492674914853460766 1 3 20 58.51120650799401 154671369514.78848
11 0.0 343805688708955637 0 0 94 45.685784120816756 67753705112.36264
11 0.0 822518600138420178 0 0 368 111.55515980880878 276763039421.6456
11 0.0 798124913797815018 0 0 232 33.83200426333198 521868896691.8048
11 0.0 605564177930511472 1 3 3 9.113508823015382 4745510288.216458
11 0.0 827188789573474172 0 0 439 263.1543639999399 495682388088.14264
11 0.0 175585741748544261 0 0 14 7.843415807174013 7770730292.421098
11 0.0 608529500494848711 1 3 38 56.29249144767359 281192125877.8557
11 0.0 537082184224328255 0 0 1082 1672.8391424760457 709034294209.9713
11 0.0 193455860716250045 0 0 1169 373.83942626647143 1206647059829.723
11 0.0 285926753619971198 0 0 62 52.04635955636493 64471293952.84054
11 0.0 818189918474079346 0 0 355 193.66494760015345 942905766664.4874
11 0.0 700502658480507756 0 0 13 6.861923402489071 8973897301.204342
11 0.0 388844675997961253 1 3 56 82.1419902161544 283453352092.8951
11 0.0 574951473993472095 0 0 346 209.65781890536974 873151448523.8289
11 0.0 305144202209819416 0 0 92 24.6649805210185 10978966927.004705
11 0.0 389000037653140287 0 0 558 187.2318243064989 119455884219.7135
11 0.0 101712195924899072 0 0 83 72.50726964195114 143819484910.07678
11 0.0 673673735235568072 0 0 212 160.56097189205133 375417475508.91003
11 0.0 187938247032745385 0 0 435 235.77287320847196 269202269459.21207
11 0.0 144754915666967423 0 0 366 230.49041625328647 420363262322.7291
11 0.0 925799883707283190 0 0 167 167.0923481456053 150302224488.25296
11 0.0 303966961629061746 0 0 97 66.19510308538044 166714144512.9285
11 0.0 148380466442180724 0 0 808 106.01733157666997 1964436202026.5122
11 0.0 914430791343574201 0 0 353 461.6658355128121 203377465894.14005
11 0.0 691504778382533536 0 0 604 507.20005260620655 419426719226.75745
11 0.0 658001579114327235 0 0 855 740.5838913402366 1615239447825.3677
11 0.0 626424242318704650 0 0 432 102.07898406058936 635367998519.8934
11 0.0 380207166937099771 0 0 364 304.01503647588663 491712996325.248
11 0.0 650990602992327641 0 0 78 3.993582001803587 125790293332.59184
11 0.0 338136375901818248 1 3 61 75.50946441716924 351181065495.39417
11 0.0 820581204042226175 0 0 431 167.20225197939223 811912445171.413
11 0.0 845524254100946810 0 0 834 472.3441827320977 424856492578.78516
11 0.0 896911545110566372 0 0 171 202.52291157632217 193299724928.15167
11 0.0 654108145793901751 1 3 11 30.28096287000311 62936218734.9076
11 0.0 881347943482616650 0 0 408 148.83159730831377 778556414265.3816
11 0.0 737466289506201241 0 0 695 559.7290737965131 272626781547.54877
11 0.0 457824984578582894 0 0 264 203.93186615545156 136699721125.07912
11 0.0 666361346241557145 0 0 351 169.11602611233099 75334200179.1172
11 0.0 769171151978823068 0 0 491 529.8450700417518 96629646370.55438
11 0.0 851165455631274823 0 0 55 72.06197485873075 88406440985.0768
11 0.0 870451558978455238 0 0 1171 424.2312979736066 261634515924.75742
11 0.0 939270568233936051 0 0 233 160.71257426367464 124824520489.88309
11 0.0 400443021779430480 0 0 405 177.68805851053912 558539925742.9517
11 0.0 737255543255267783 0 0 221 88.1331407664629 133776945616.71642
11 0.0 593439235789500069 0 0 335 80.22790947286977 397266728500.7508
11 0.0 712599931831173122 0 0 316 237.31233968277647 444192801081.874
11 0.0 304445502070226266 0 0 138 121.27628366789475 348995576219.3451
11 0.0 318990925776868093 1 3 62 222.44248191749358 255862590963.79678
11 0.0 665520370111559519 0 0 443 41.837649723778185 553266112119.5411
11 0.0 482225359598389976 1 3 20 70.95517186395487 209274085295.95685
11 0.0 387837677176126937 1 3 39 41.32803132207576 188136854929.09146
11 0.0 414214691403981935 0 0 210 11.540993928036936 203347215906.904
11 0.0 321930198614971413 0 0 376 35.63079229645549 670020638395.5394
11 0.0 445498470001059334 0 0 869 44.90458573001525 184728353366.17957
11 0.0 240338258305520627 1 3 26 15.02354499199302 92676679020.43546
11 0.0 899697093921231359 0 0 181 139.23481714451327 370752191673.4431
11 0.0 493179723395156563 1 3 25 93.775519835585 116085669946.79459
11 0.0 814139603212508122 0 0 77 49.80319532720509 66323578438.28747
11 0.0 441030295049841534 0 0 619 651.9647160271454 566200304478.6725
11 0.0 867792794903314661 0 0 331 335.3397081740846 795817836457.8789
11 0.0 374434878135293825 0 0 426 686.3477519573316 534084697323.3811
11 0.0 381031249364903927 0 0 87 67.54643011472113 93644536921.06146
11 0.0 477863133920147161 1 3 23 113.20707426803581 185338023163.8822
11 0.0 363763175355169945 0 0 61 34.19393864222892 75680623636.46228
