11 0.000000 049475829738997701 1 3 1 0.17000000178813934 524288000
11 0.000000 610339428128088085 0 0 1 0.0010000000474974513 10485760
11 0.000000 856282140335049805 0 0 1000 0.10000000149011612 1074000000000
12 6.844149 610339428128088085 0 0 5.001143932342529
12 8.921186 856292140335049805 0 0 20.576528549194336
11 0.000000 049475823608997701 1 3 10 32.17000000178813934 9242880000
11 0.000000 210339765128088085 0 0 1 0.0010000000474974513 10485760
11 0.000000 610339428125648085 0 0 5.001143932342529
11 0.000000 856292198465049805 0 0 20.576528549194336
11 0.000000 610339428125648085 0 0 5.001143932342529
11 0.000000 856292198455049805 0 0 20.576528549194336
11 0.000000 627339428125648085 0 0 5.001143932342529
11 0.000000 756292198465049805 0 0 20.576528549194336
11 0.000000 856987140335049805 0 0 1000 687.10000000149011612 1074000000000
11 0.000000 866254878465049805 0 0 20.576528549194336
11 0.000000 856987140335049805 0 0 150 387.10000000149011612 64780000000
11 0.000000 227987140335049805 0 0 50 127.10000000149011612 76420000000
11 0.000000 265339765128088085 0 0 1 0.1710000000474974513 120485760
11 0.000000 365329765128087085 0 0 70 30.1710000000474974513 17648576000
11 0.000000 742339765128088085 0 0 2 0.6710000000474974513 420485760
11 0.000000 742339765128088085 0 0 4 3.6710000000474974513 720485760
11 0.000000 149475823608997701 1 3 100 315.17000000178813934 174242880000
11 0.000000 642379665128088085 0 0 2 0.6710000000474974513 420485760
11 0.000000 282235765128088085 0 0 7 1.6710000000474974513 997485760
11 0.000000 642379665128088085 0 0 450 110.6710000000474974513 72048576002
11 0.000000 549477823608997901 1 3 8 32.17000000178813934 9242880000
11 0.000000 142539725128088485 0 0 2 0.9710000000474974513 620485760
11 0.000000 856987140335049805 0 0 900 424.10000000149011612 774000000000
11 0.000000 444533725128088485 0 0 4 1.9710000000474974513 820485760
11 0.000000 324573422128778484 0 0 2 1.2710000000474974513 420485760
11 0.000000 114513725128028482 0 0 75 29.9710000000474974513 2820485760
11 0.000000 149475823608997701 1 3 40 65.17000000178813934 34242880000
11 0.000000 324573422128778484 0 0 3 1.2710000000474974513 720485760
11 0.000000 204573521125778484 0 0 12 4.2710000000474974513 520485760
11 0.000000 979475823608997701 1 3 15 35.17000000178813934 24242880000
11 0.000000 626787140335049805 0 0 90 30.90000000149011612 24271000000
11 0.000000 324573422128778484 0 0 7 2.2710000000474974513 920485760
11 0.000000 227573422128778484 0 0 13 8.2710000000474974513 1220485760
11 0.000000 702573521125778484 0 0 5 1.2710000000474974513 520485760
11 0.000000 879444423608997701 1 3 5 15.17000000178813934 21242880000
